<?xml version="1.0" encoding="UTF-8"?>
<robot generator="Robot 7.4.1 (Python 3.14.2 on win32)" generated="2026-04-28T12:02:16.128333" rpa="false" schemaversion="5">
<suite id="s1" name="Dashboard" source="E:\selenium project\kas\MS_Dashboard_Automation_.COM\Dashboard\Dashboard.robot">
<kw name="Run Keywords" owner="BuiltIn" type="SETUP">
<kw name="Set Screenshot Directory" owner="SeleniumLibrary">
<arg>../screenshots</arg>
<doc>Sets the directory for captured screenshots.</doc>
<status status="PASS" start="2026-04-28T12:02:16.566731" elapsed="0.000362"/>
</kw>
<kw name="Login Setup" owner="Common_keywords">
<kw name="Open Application" owner="Common_keywords">
<kw name="Log To Console" owner="BuiltIn">
<arg>Opening ${url}</arg>
<doc>Logs the given message to the console.</doc>
<status status="PASS" start="2026-04-28T12:02:16.568285" elapsed="0.000545"/>
</kw>
<kw name="Open Browser" owner="SeleniumLibrary">
<msg time="2026-04-28T12:02:16.570187" level="INFO">Opening browser 'chrome' to base url 'https://dashboard.mysellercentral.com/sign-in'.</msg>
<arg>${url}</arg>
<arg>chrome</arg>
<doc>Opens a new browser instance to the optional ``url``.</doc>
<status status="PASS" start="2026-04-28T12:02:16.569285" elapsed="10.704118"/>
</kw>
<kw name="Maximize Browser Window" owner="SeleniumLibrary">
<doc>Maximizes current browser window.</doc>
<status status="PASS" start="2026-04-28T12:02:27.273667" elapsed="0.035508"/>
</kw>
<kw name="Set Selenium Implicit Wait" owner="SeleniumLibrary">
<arg>10s</arg>
<doc>Sets the implicit wait value used by Selenium.</doc>
<status status="PASS" start="2026-04-28T12:02:27.309405" elapsed="0.001609"/>
</kw>
<kw name="Wait Until Element Is Visible" owner="SeleniumLibrary">
<arg>${PAGE_HEADING}</arg>
<arg>5s</arg>
<doc>Waits until the element ``locator`` is visible.</doc>
<status status="PASS" start="2026-04-28T12:02:27.311235" elapsed="0.047300"/>
</kw>
<kw name="Log To Console" owner="BuiltIn">
<arg>Page loaded successfully</arg>
<doc>Logs the given message to the console.</doc>
<status status="PASS" start="2026-04-28T12:02:27.358782" elapsed="0.000610"/>
</kw>
<arg>${url}</arg>
<status status="PASS" start="2026-04-28T12:02:16.567969" elapsed="10.791607"/>
</kw>
<kw name="Enter Login Credentials And Submit" owner="Common_keywords">
<kw name="Wait Until Element Is Visible" owner="SeleniumLibrary">
<arg>${EMAIL_INPUT}</arg>
<arg>5s</arg>
<doc>Waits until the element ``locator`` is visible.</doc>
<status status="PASS" start="2026-04-28T12:02:27.360244" elapsed="0.030909"/>
</kw>
<kw name="Input Text" owner="SeleniumLibrary">
<msg time="2026-04-28T12:02:27.391686" level="INFO">Typing text 'ketan.bhagwate@gmail.com' into text field 'xpath=//input[@type='email']'.</msg>
<arg>${EMAIL_INPUT}</arg>
<arg>${email}</arg>
<doc>Types the given ``text`` into the text field identified by ``locator``.</doc>
<status status="PASS" start="2026-04-28T12:02:27.391377" elapsed="0.296002"/>
</kw>
<kw name="Input Text" owner="SeleniumLibrary">
<msg time="2026-04-28T12:02:27.688102" level="INFO">Typing text '++Pass@123' into text field 'xpath=//input[@type='password']'.</msg>
<arg>${PASSWORD_INPUT}</arg>
<arg>${password}</arg>
<doc>Types the given ``text`` into the text field identified by ``locator``.</doc>
<status status="PASS" start="2026-04-28T12:02:27.687679" elapsed="0.151483"/>
</kw>
<kw name="Wait Until Element Is Not Visible" owner="SeleniumLibrary">
<arg>id=preloader</arg>
<arg>20s</arg>
<doc>Waits until the element ``locator`` is not visible.</doc>
<status status="PASS" start="2026-04-28T12:02:27.839403" elapsed="0.455124"/>
</kw>
<kw name="Click Element" owner="SeleniumLibrary">
<msg time="2026-04-28T12:02:28.295026" level="INFO">Clicking element 'xpath=//button[normalize-space()='Continue']'.</msg>
<arg>${CONTINUE_BTN}</arg>
<doc>Click the element identified by ``locator``.</doc>
<status status="PASS" start="2026-04-28T12:02:28.294766" elapsed="0.077076"/>
</kw>
<kw name="Log To Console" owner="BuiltIn">
<arg>Continue Button Visible and Click</arg>
<doc>Logs the given message to the console.</doc>
<status status="PASS" start="2026-04-28T12:02:28.372303" elapsed="0.001047"/>
</kw>
<kw name="Wait Until Page Contains" owner="SeleniumLibrary">
<arg>Login Success</arg>
<arg>20s</arg>
<doc>Waits until ``text`` appears on the current page.</doc>
<status status="PASS" start="2026-04-28T12:02:28.373659" elapsed="1.811138"/>
</kw>
<kw name="Log To Console" owner="BuiltIn">
<arg>Login successful with email: ${email}</arg>
<doc>Logs the given message to the console.</doc>
<status status="PASS" start="2026-04-28T12:02:30.185105" elapsed="0.000755"/>
</kw>
<arg>${email}</arg>
<arg>${password}</arg>
<status status="PASS" start="2026-04-28T12:02:27.359852" elapsed="2.826195"/>
</kw>
<arg>https://dashboard.mysellercentral.com/sign-in</arg>
<arg>ketan.bhagwate@gmail.com</arg>
<arg>++Pass@123</arg>
<status status="PASS" start="2026-04-28T12:02:16.567499" elapsed="13.618670"/>
</kw>
<arg>Set Screenshot Directory</arg>
<arg>../screenshots</arg>
<arg>AND</arg>
<arg>Login Setup</arg>
<arg>https://dashboard.mysellercentral.com/sign-in</arg>
<arg>ketan.bhagwate@gmail.com</arg>
<arg>++Pass@123</arg>
<doc>Executes all the given keywords in a sequence.</doc>
<status status="PASS" start="2026-04-28T12:02:16.565961" elapsed="13.620328"/>
</kw>
<test id="s1-t1" name="1.Verify Login ,Verify Dashboard,Verify MSC Intelligence" line="15">
<kw name="Verify Dashboard Redirection" owner="Common_keywords">
<kw name="Wait Until Page Contains" owner="SeleniumLibrary">
<arg>Home</arg>
<arg>5s</arg>
<doc>Waits until ``text`` appears on the current page.</doc>
<status status="PASS" start="2026-04-28T12:02:30.188617" elapsed="3.462130"/>
</kw>
<kw name="Log To Console" owner="BuiltIn">
<arg>Logged in successfully and Dashboard loaded</arg>
<doc>Logs the given message to the console.</doc>
<status status="PASS" start="2026-04-28T12:02:33.650986" elapsed="0.000706"/>
</kw>
<status status="PASS" start="2026-04-28T12:02:30.188231" elapsed="3.463645"/>
</kw>
<kw name="Verify MSC Intelligence popup Open and Close" owner="Common_keywords">
<kw name="Wait Until Page Contains" owner="SeleniumLibrary">
<arg>MSC Intelligence</arg>
<arg>30s</arg>
<doc>Waits until ``text`` appears on the current page.</doc>
<status status="PASS" start="2026-04-28T12:02:33.654195" elapsed="3.894268"/>
</kw>
<kw name="Wait Until Element Is Visible" owner="SeleniumLibrary">
<arg>${BTN_CLOSE}</arg>
<arg>10s</arg>
<doc>Waits until the element ``locator`` is visible.</doc>
<status status="PASS" start="2026-04-28T12:02:37.548910" elapsed="0.217933"/>
</kw>
<kw name="Click Element" owner="SeleniumLibrary">
<msg time="2026-04-28T12:02:37.768063" level="INFO">Clicking element 'xpath=//*[name()='svg' and contains(@class, 'text-xl')]'.</msg>
<arg>${BTN_CLOSE}</arg>
<doc>Click the element identified by ``locator``.</doc>
<status status="PASS" start="2026-04-28T12:02:37.767524" elapsed="0.251252"/>
</kw>
<kw name="Log To Console" owner="BuiltIn">
<arg>Close button clicked</arg>
<doc>Logs the given message to the console.</doc>
<status status="PASS" start="2026-04-28T12:02:38.020065" elapsed="0.001272"/>
</kw>
<status status="PASS" start="2026-04-28T12:02:33.653772" elapsed="4.367886"/>
</kw>
<kw name="Open MSC Intelligence And Verify Insights" owner="Common_keywords">
<kw name="Wait Until Keyword Succeeds" owner="BuiltIn">
<kw name="Page Should Contain Element" owner="SeleniumLibrary">
<msg time="2026-04-28T12:02:38.075478" level="INFO">Current page contains element 'xpath=//button[.//span[normalize-space()='MSC Intelligence']]'.</msg>
<arg>${MSC_BUTTON}</arg>
<doc>Verifies that element ``locator`` is found on the current page.</doc>
<status status="PASS" start="2026-04-28T12:02:38.028222" elapsed="0.047701"/>
</kw>
<arg>30s</arg>
<arg>2s</arg>
<arg>Page Should Contain Element</arg>
<arg>${MSC_BUTTON}</arg>
<doc>Runs the specified keyword and retries if it fails.</doc>
<status status="PASS" start="2026-04-28T12:02:38.027043" elapsed="0.049034"/>
</kw>
<kw name="Click Element" owner="SeleniumLibrary">
<msg time="2026-04-28T12:02:38.076805" level="INFO">Clicking element 'xpath=//button[.//span[normalize-space()='MSC Intelligence']]'.</msg>
<arg>${MSC_BUTTON}</arg>
<doc>Click the element identified by ``locator``.</doc>
<status status="PASS" start="2026-04-28T12:02:38.076350" elapsed="0.197953"/>
</kw>
<kw name="Wait Until Page Contains" owner="SeleniumLibrary">
<arg>MSC Intelligence</arg>
<arg>5s</arg>
<doc>Waits until ``text`` appears on the current page.</doc>
<status status="PASS" start="2026-04-28T12:02:38.274563" elapsed="0.381082"/>
</kw>
<kw name="Log To Console" owner="BuiltIn">
<arg>MSC Intelligence button clicked</arg>
<doc>Logs the given message to the console.</doc>
<status status="PASS" start="2026-04-28T12:02:38.656092" elapsed="0.001238"/>
</kw>
<status status="PASS" start="2026-04-28T12:02:38.026245" elapsed="0.631498"/>
</kw>
<kw name="Verify MSC Intelligence popup Open and Close" owner="Common_keywords">
<kw name="Wait Until Page Contains" owner="SeleniumLibrary">
<arg>MSC Intelligence</arg>
<arg>30s</arg>
<doc>Waits until ``text`` appears on the current page.</doc>
<status status="PASS" start="2026-04-28T12:02:38.660886" elapsed="0.040802"/>
</kw>
<kw name="Wait Until Element Is Visible" owner="SeleniumLibrary">
<arg>${BTN_CLOSE}</arg>
<arg>10s</arg>
<doc>Waits until the element ``locator`` is visible.</doc>
<status status="PASS" start="2026-04-28T12:02:38.702266" elapsed="0.040677"/>
</kw>
<kw name="Click Element" owner="SeleniumLibrary">
<msg time="2026-04-28T12:02:38.743723" level="INFO">Clicking element 'xpath=//*[name()='svg' and contains(@class, 'text-xl')]'.</msg>
<arg>${BTN_CLOSE}</arg>
<doc>Click the element identified by ``locator``.</doc>
<status status="PASS" start="2026-04-28T12:02:38.743300" elapsed="0.244303"/>
</kw>
<kw name="Log To Console" owner="BuiltIn">
<arg>Close button clicked</arg>
<doc>Logs the given message to the console.</doc>
<status status="PASS" start="2026-04-28T12:02:38.988098" elapsed="0.001230"/>
</kw>
<status status="PASS" start="2026-04-28T12:02:38.660007" elapsed="0.329574"/>
</kw>
<kw name="Verify Page Load" owner="Common_keywords">
<kw name="Wait Until Keyword Succeeds" owner="BuiltIn">
<kw name="Run Keywords" owner="BuiltIn">
<kw name="Page Should Not Contain Element" owner="SeleniumLibrary">
<msg time="2026-04-28T12:02:39.224059" level="INFO" html="true">&lt;/td&gt;&lt;/tr&gt;&lt;tr&gt;&lt;td colspan="3"&gt;&lt;a href="../screenshots/selenium-screenshot-1.png"&gt;&lt;img src="../screenshots/selenium-screenshot-1.png" width="800px"&gt;&lt;/a&gt;</msg>
<msg time="2026-04-28T12:02:39.224572" level="FAIL">Page should not have contained element 'xpath=//*[contains(@class,'skeleton') or contains(@class,'shimmer')]'.</msg>
<arg>${SKELETON_ELEMENTS}</arg>
<doc>Verifies that element ``locator`` is not found on the current page.</doc>
<status status="FAIL" start="2026-04-28T12:02:38.993091" elapsed="0.241806">Page should not have contained element 'xpath=//*[contains(@class,'skeleton') or contains(@class,'shimmer')]'.</status>
</kw>
<arg>Page Should Not Contain Element</arg>
<arg>${SKELETON_ELEMENTS}</arg>
<arg>AND</arg>
<arg>Page Should Contain Element</arg>
<arg>${CHART_ELEMENTS}</arg>
<doc>Executes all the given keywords in a sequence.</doc>
<status status="FAIL" start="2026-04-28T12:02:38.992356" elapsed="0.243426">Page should not have contained element 'xpath=//*[contains(@class,'skeleton') or contains(@class,'shimmer')]'.</status>
</kw>
<kw name="Run Keywords" owner="BuiltIn">
<kw name="Page Should Not Contain Element" owner="SeleniumLibrary">
<msg time="2026-04-28T12:02:41.675766" level="INFO" html="true">&lt;/td&gt;&lt;/tr&gt;&lt;tr&gt;&lt;td colspan="3"&gt;&lt;a href="../screenshots/selenium-screenshot-2.png"&gt;&lt;img src="../screenshots/selenium-screenshot-2.png" width="800px"&gt;&lt;/a&gt;</msg>
<msg time="2026-04-28T12:02:41.676082" level="FAIL">Page should not have contained element 'xpath=//*[contains(@class,'skeleton') or contains(@class,'shimmer')]'.</msg>
<arg>${SKELETON_ELEMENTS}</arg>
<doc>Verifies that element ``locator`` is not found on the current page.</doc>
<status status="FAIL" start="2026-04-28T12:02:41.238348" elapsed="0.439797">Page should not have contained element 'xpath=//*[contains(@class,'skeleton') or contains(@class,'shimmer')]'.</status>
</kw>
<arg>Page Should Not Contain Element</arg>
<arg>${SKELETON_ELEMENTS}</arg>
<arg>AND</arg>
<arg>Page Should Contain Element</arg>
<arg>${CHART_ELEMENTS}</arg>
<doc>Executes all the given keywords in a sequence.</doc>
<status status="FAIL" start="2026-04-28T12:02:41.236714" elapsed="0.441814">Page should not have contained element 'xpath=//*[contains(@class,'skeleton') or contains(@class,'shimmer')]'.</status>
</kw>
<kw name="Run Keywords" owner="BuiltIn">
<kw name="Page Should Not Contain Element" owner="SeleniumLibrary">
<msg time="2026-04-28T12:02:43.933627" level="INFO" html="true">&lt;/td&gt;&lt;/tr&gt;&lt;tr&gt;&lt;td colspan="3"&gt;&lt;a href="../screenshots/selenium-screenshot-3.png"&gt;&lt;img src="../screenshots/selenium-screenshot-3.png" width="800px"&gt;&lt;/a&gt;</msg>
<msg time="2026-04-28T12:02:43.934050" level="FAIL">Page should not have contained element 'xpath=//*[contains(@class,'skeleton') or contains(@class,'shimmer')]'.</msg>
<arg>${SKELETON_ELEMENTS}</arg>
<doc>Verifies that element ``locator`` is not found on the current page.</doc>
<status status="FAIL" start="2026-04-28T12:02:43.680250" elapsed="0.256692">Page should not have contained element 'xpath=//*[contains(@class,'skeleton') or contains(@class,'shimmer')]'.</status>
</kw>
<arg>Page Should Not Contain Element</arg>
<arg>${SKELETON_ELEMENTS}</arg>
<arg>AND</arg>
<arg>Page Should Contain Element</arg>
<arg>${CHART_ELEMENTS}</arg>
<doc>Executes all the given keywords in a sequence.</doc>
<status status="FAIL" start="2026-04-28T12:02:43.679292" elapsed="0.258093">Page should not have contained element 'xpath=//*[contains(@class,'skeleton') or contains(@class,'shimmer')]'.</status>
</kw>
<kw name="Run Keywords" owner="BuiltIn">
<kw name="Page Should Not Contain Element" owner="SeleniumLibrary">
<msg time="2026-04-28T12:02:46.225879" level="INFO" html="true">&lt;/td&gt;&lt;/tr&gt;&lt;tr&gt;&lt;td colspan="3"&gt;&lt;a href="../screenshots/selenium-screenshot-4.png"&gt;&lt;img src="../screenshots/selenium-screenshot-4.png" width="800px"&gt;&lt;/a&gt;</msg>
<msg time="2026-04-28T12:02:46.226157" level="FAIL">Page should not have contained element 'xpath=//*[contains(@class,'skeleton') or contains(@class,'shimmer')]'.</msg>
<arg>${SKELETON_ELEMENTS}</arg>
<doc>Verifies that element ``locator`` is not found on the current page.</doc>
<status status="FAIL" start="2026-04-28T12:02:45.938975" elapsed="0.289193">Page should not have contained element 'xpath=//*[contains(@class,'skeleton') or contains(@class,'shimmer')]'.</status>
</kw>
<arg>Page Should Not Contain Element</arg>
<arg>${SKELETON_ELEMENTS}</arg>
<arg>AND</arg>
<arg>Page Should Contain Element</arg>
<arg>${CHART_ELEMENTS}</arg>
<doc>Executes all the given keywords in a sequence.</doc>
<status status="FAIL" start="2026-04-28T12:02:45.938240" elapsed="0.290188">Page should not have contained element 'xpath=//*[contains(@class,'skeleton') or contains(@class,'shimmer')]'.</status>
</kw>
<kw name="Run Keywords" owner="BuiltIn">
<kw name="Page Should Not Contain Element" owner="SeleniumLibrary">
<msg time="2026-04-28T12:02:48.468599" level="INFO" html="true">&lt;/td&gt;&lt;/tr&gt;&lt;tr&gt;&lt;td colspan="3"&gt;&lt;a href="../screenshots/selenium-screenshot-5.png"&gt;&lt;img src="../screenshots/selenium-screenshot-5.png" width="800px"&gt;&lt;/a&gt;</msg>
<msg time="2026-04-28T12:02:48.468971" level="FAIL">Page should not have contained element 'xpath=//*[contains(@class,'skeleton') or contains(@class,'shimmer')]'.</msg>
<arg>${SKELETON_ELEMENTS}</arg>
<doc>Verifies that element ``locator`` is not found on the current page.</doc>
<status status="FAIL" start="2026-04-28T12:02:48.230105" elapsed="0.241873">Page should not have contained element 'xpath=//*[contains(@class,'skeleton') or contains(@class,'shimmer')]'.</status>
</kw>
<arg>Page Should Not Contain Element</arg>
<arg>${SKELETON_ELEMENTS}</arg>
<arg>AND</arg>
<arg>Page Should Contain Element</arg>
<arg>${CHART_ELEMENTS}</arg>
<doc>Executes all the given keywords in a sequence.</doc>
<status status="FAIL" start="2026-04-28T12:02:48.229388" elapsed="0.242936">Page should not have contained element 'xpath=//*[contains(@class,'skeleton') or contains(@class,'shimmer')]'.</status>
</kw>
<kw name="Run Keywords" owner="BuiltIn">
<kw name="Page Should Not Contain Element" owner="SeleniumLibrary">
<msg time="2026-04-28T12:02:50.696089" level="INFO" html="true">&lt;/td&gt;&lt;/tr&gt;&lt;tr&gt;&lt;td colspan="3"&gt;&lt;a href="../screenshots/selenium-screenshot-6.png"&gt;&lt;img src="../screenshots/selenium-screenshot-6.png" width="800px"&gt;&lt;/a&gt;</msg>
<msg time="2026-04-28T12:02:50.696305" level="FAIL">Page should not have contained element 'xpath=//*[contains(@class,'skeleton') or contains(@class,'shimmer')]'.</msg>
<arg>${SKELETON_ELEMENTS}</arg>
<doc>Verifies that element ``locator`` is not found on the current page.</doc>
<status status="FAIL" start="2026-04-28T12:02:50.474381" elapsed="0.225245">Page should not have contained element 'xpath=//*[contains(@class,'skeleton') or contains(@class,'shimmer')]'.</status>
</kw>
<arg>Page Should Not Contain Element</arg>
<arg>${SKELETON_ELEMENTS}</arg>
<arg>AND</arg>
<arg>Page Should Contain Element</arg>
<arg>${CHART_ELEMENTS}</arg>
<doc>Executes all the given keywords in a sequence.</doc>
<status status="FAIL" start="2026-04-28T12:02:50.473823" elapsed="0.226272">Page should not have contained element 'xpath=//*[contains(@class,'skeleton') or contains(@class,'shimmer')]'.</status>
</kw>
<kw name="Run Keywords" owner="BuiltIn">
<kw name="Page Should Not Contain Element" owner="SeleniumLibrary">
<msg time="2026-04-28T12:02:52.910644" level="INFO" html="true">&lt;/td&gt;&lt;/tr&gt;&lt;tr&gt;&lt;td colspan="3"&gt;&lt;a href="../screenshots/selenium-screenshot-7.png"&gt;&lt;img src="../screenshots/selenium-screenshot-7.png" width="800px"&gt;&lt;/a&gt;</msg>
<msg time="2026-04-28T12:02:52.911101" level="FAIL">Page should not have contained element 'xpath=//*[contains(@class,'skeleton') or contains(@class,'shimmer')]'.</msg>
<arg>${SKELETON_ELEMENTS}</arg>
<doc>Verifies that element ``locator`` is not found on the current page.</doc>
<status status="FAIL" start="2026-04-28T12:02:52.703528" elapsed="0.211814">Page should not have contained element 'xpath=//*[contains(@class,'skeleton') or contains(@class,'shimmer')]'.</status>
</kw>
<arg>Page Should Not Contain Element</arg>
<arg>${SKELETON_ELEMENTS}</arg>
<arg>AND</arg>
<arg>Page Should Contain Element</arg>
<arg>${CHART_ELEMENTS}</arg>
<doc>Executes all the given keywords in a sequence.</doc>
<status status="FAIL" start="2026-04-28T12:02:52.701693" elapsed="0.214408">Page should not have contained element 'xpath=//*[contains(@class,'skeleton') or contains(@class,'shimmer')]'.</status>
</kw>
<kw name="Run Keywords" owner="BuiltIn">
<kw name="Page Should Not Contain Element" owner="SeleniumLibrary">
<msg time="2026-04-28T12:02:55.121886" level="INFO" html="true">&lt;/td&gt;&lt;/tr&gt;&lt;tr&gt;&lt;td colspan="3"&gt;&lt;a href="../screenshots/selenium-screenshot-8.png"&gt;&lt;img src="../screenshots/selenium-screenshot-8.png" width="800px"&gt;&lt;/a&gt;</msg>
<msg time="2026-04-28T12:02:55.122075" level="FAIL">Page should not have contained element 'xpath=//*[contains(@class,'skeleton') or contains(@class,'shimmer')]'.</msg>
<arg>${SKELETON_ELEMENTS}</arg>
<doc>Verifies that element ``locator`` is not found on the current page.</doc>
<status status="FAIL" start="2026-04-28T12:02:54.918450" elapsed="0.204822">Page should not have contained element 'xpath=//*[contains(@class,'skeleton') or contains(@class,'shimmer')]'.</status>
</kw>
<arg>Page Should Not Contain Element</arg>
<arg>${SKELETON_ELEMENTS}</arg>
<arg>AND</arg>
<arg>Page Should Contain Element</arg>
<arg>${CHART_ELEMENTS}</arg>
<doc>Executes all the given keywords in a sequence.</doc>
<status status="FAIL" start="2026-04-28T12:02:54.917819" elapsed="0.205610">Page should not have contained element 'xpath=//*[contains(@class,'skeleton') or contains(@class,'shimmer')]'.</status>
</kw>
<kw name="Run Keywords" owner="BuiltIn">
<kw name="Page Should Not Contain Element" owner="SeleniumLibrary">
<msg time="2026-04-28T12:02:57.316631" level="INFO" html="true">&lt;/td&gt;&lt;/tr&gt;&lt;tr&gt;&lt;td colspan="3"&gt;&lt;a href="../screenshots/selenium-screenshot-9.png"&gt;&lt;img src="../screenshots/selenium-screenshot-9.png" width="800px"&gt;&lt;/a&gt;</msg>
<msg time="2026-04-28T12:02:57.316846" level="FAIL">Page should not have contained element 'xpath=//*[contains(@class,'skeleton') or contains(@class,'shimmer')]'.</msg>
<arg>${SKELETON_ELEMENTS}</arg>
<doc>Verifies that element ``locator`` is not found on the current page.</doc>
<status status="FAIL" start="2026-04-28T12:02:57.124945" elapsed="0.193693">Page should not have contained element 'xpath=//*[contains(@class,'skeleton') or contains(@class,'shimmer')]'.</status>
</kw>
<arg>Page Should Not Contain Element</arg>
<arg>${SKELETON_ELEMENTS}</arg>
<arg>AND</arg>
<arg>Page Should Contain Element</arg>
<arg>${CHART_ELEMENTS}</arg>
<doc>Executes all the given keywords in a sequence.</doc>
<status status="FAIL" start="2026-04-28T12:02:57.124235" elapsed="0.194608">Page should not have contained element 'xpath=//*[contains(@class,'skeleton') or contains(@class,'shimmer')]'.</status>
</kw>
<kw name="Run Keywords" owner="BuiltIn">
<kw name="Page Should Not Contain Element" owner="SeleniumLibrary">
<msg time="2026-04-28T12:02:59.524035" level="INFO" html="true">&lt;/td&gt;&lt;/tr&gt;&lt;tr&gt;&lt;td colspan="3"&gt;&lt;a href="../screenshots/selenium-screenshot-10.png"&gt;&lt;img src="../screenshots/selenium-screenshot-10.png" width="800px"&gt;&lt;/a&gt;</msg>
<msg time="2026-04-28T12:02:59.524305" level="FAIL">Page should not have contained element 'xpath=//*[contains(@class,'skeleton') or contains(@class,'shimmer')]'.</msg>
<arg>${SKELETON_ELEMENTS}</arg>
<doc>Verifies that element ``locator`` is not found on the current page.</doc>
<status status="FAIL" start="2026-04-28T12:02:59.320111" elapsed="0.205599">Page should not have contained element 'xpath=//*[contains(@class,'skeleton') or contains(@class,'shimmer')]'.</status>
</kw>
<arg>Page Should Not Contain Element</arg>
<arg>${SKELETON_ELEMENTS}</arg>
<arg>AND</arg>
<arg>Page Should Contain Element</arg>
<arg>${CHART_ELEMENTS}</arg>
<doc>Executes all the given keywords in a sequence.</doc>
<status status="FAIL" start="2026-04-28T12:02:59.319459" elapsed="0.206406">Page should not have contained element 'xpath=//*[contains(@class,'skeleton') or contains(@class,'shimmer')]'.</status>
</kw>
<kw name="Run Keywords" owner="BuiltIn">
<kw name="Page Should Not Contain Element" owner="SeleniumLibrary">
<msg time="2026-04-28T12:03:01.715785" level="INFO" html="true">&lt;/td&gt;&lt;/tr&gt;&lt;tr&gt;&lt;td colspan="3"&gt;&lt;a href="../screenshots/selenium-screenshot-11.png"&gt;&lt;img src="../screenshots/selenium-screenshot-11.png" width="800px"&gt;&lt;/a&gt;</msg>
<msg time="2026-04-28T12:03:01.716089" level="FAIL">Page should not have contained element 'xpath=//*[contains(@class,'skeleton') or contains(@class,'shimmer')]'.</msg>
<arg>${SKELETON_ELEMENTS}</arg>
<doc>Verifies that element ``locator`` is not found on the current page.</doc>
<status status="FAIL" start="2026-04-28T12:03:01.527681" elapsed="0.190512">Page should not have contained element 'xpath=//*[contains(@class,'skeleton') or contains(@class,'shimmer')]'.</status>
</kw>
<arg>Page Should Not Contain Element</arg>
<arg>${SKELETON_ELEMENTS}</arg>
<arg>AND</arg>
<arg>Page Should Contain Element</arg>
<arg>${CHART_ELEMENTS}</arg>
<doc>Executes all the given keywords in a sequence.</doc>
<status status="FAIL" start="2026-04-28T12:03:01.527265" elapsed="0.191191">Page should not have contained element 'xpath=//*[contains(@class,'skeleton') or contains(@class,'shimmer')]'.</status>
</kw>
<kw name="Run Keywords" owner="BuiltIn">
<kw name="Page Should Not Contain Element" owner="SeleniumLibrary">
<msg time="2026-04-28T12:03:13.779659" level="INFO">Current page does not contain element 'xpath=//*[contains(@class,'skeleton') or contains(@class,'shimmer')]'.</msg>
<arg>${SKELETON_ELEMENTS}</arg>
<doc>Verifies that element ``locator`` is not found on the current page.</doc>
<status status="PASS" start="2026-04-28T12:03:03.720599" elapsed="10.059200"/>
</kw>
<kw name="Page Should Contain Element" owner="SeleniumLibrary">
<msg time="2026-04-28T12:03:13.800151" level="INFO">Current page contains element 'xpath=//*[name()='svg' or name()='canvas']'.</msg>
<arg>${CHART_ELEMENTS}</arg>
<doc>Verifies that element ``locator`` is found on the current page.</doc>
<status status="PASS" start="2026-04-28T12:03:13.780182" elapsed="0.020159"/>
</kw>
<arg>Page Should Not Contain Element</arg>
<arg>${SKELETON_ELEMENTS}</arg>
<arg>AND</arg>
<arg>Page Should Contain Element</arg>
<arg>${CHART_ELEMENTS}</arg>
<doc>Executes all the given keywords in a sequence.</doc>
<status status="PASS" start="2026-04-28T12:03:03.719977" elapsed="10.080493"/>
</kw>
<arg>50s</arg>
<arg>2s</arg>
<arg>Run Keywords</arg>
<arg>Page Should Not Contain Element</arg>
<arg>${SKELETON_ELEMENTS}</arg>
<arg>AND</arg>
<arg>Page Should Contain Element</arg>
<arg>${CHART_ELEMENTS}</arg>
<doc>Runs the specified keyword and retries if it fails.</doc>
<status status="PASS" start="2026-04-28T12:02:38.991488" elapsed="34.809062"/>
</kw>
<status status="PASS" start="2026-04-28T12:02:38.990893" elapsed="34.809756"/>
</kw>
<doc>Verify successful login, dashboard redirection, MSC Intelligence popup functionality,
and validate insights along with page load.</doc>
<status status="PASS" start="2026-04-28T12:02:30.186479" elapsed="43.614558"/>
</test>
<test id="s1-t2" name="2.Verify Dashboard Header Elements" line="24">
<kw name="Verify MSC Logo Visible" owner="Common_keywords">
<kw name="Wait Until Element Is Visible" owner="SeleniumLibrary">
<arg>${msc_logo_locator}</arg>
<arg>20s</arg>
<doc>Waits until the element ``locator`` is visible.</doc>
<status status="PASS" start="2026-04-28T12:03:13.804872" elapsed="0.025162"/>
</kw>
<kw name="Log To Console" owner="BuiltIn">
<arg>MSC logo is visible</arg>
<doc>Logs the given message to the console.</doc>
<status status="PASS" start="2026-04-28T12:03:13.830245" elapsed="0.000609"/>
</kw>
<arg>${MSC_LOGO}</arg>
<status status="PASS" start="2026-04-28T12:03:13.804472" elapsed="0.026934"/>
</kw>
<kw name="Verify Brand Visible" owner="Common_keywords">
<kw name="Run Keyword And Return Status" owner="BuiltIn">
<kw name="Wait Until Element Is Visible" owner="SeleniumLibrary">
<arg>${brand_locator}</arg>
<arg>10s</arg>
<doc>Waits until the element ``locator`` is visible.</doc>
<status status="PASS" start="2026-04-28T12:03:13.835092" elapsed="0.020699"/>
</kw>
<msg time="2026-04-28T12:03:13.856019" level="INFO">${brand_visible} = True</msg>
<var>${brand_visible}</var>
<arg>Wait Until Element Is Visible</arg>
<arg>${brand_locator}</arg>
<arg>10s</arg>
<doc>Runs the specified keyword and returns the status as a Boolean value.</doc>
<status status="PASS" start="2026-04-28T12:03:13.834690" elapsed="0.021370"/>
</kw>
<kw name="Should Be True" owner="BuiltIn">
<arg>${brand_visible}</arg>
<arg>Brand is not visible on the page</arg>
<doc>Fails if the given condition is not true.</doc>
<status status="PASS" start="2026-04-28T12:03:13.856260" elapsed="0.000436"/>
</kw>
<kw name="Log To Console" owner="BuiltIn">
<arg>Brand is visible</arg>
<doc>Logs the given message to the console.</doc>
<status status="PASS" start="2026-04-28T12:03:13.856875" elapsed="0.000564"/>
</kw>
<arg>${BRAND}</arg>
<status status="PASS" start="2026-04-28T12:03:13.834287" elapsed="0.023317"/>
</kw>
<kw name="Select Brand From Dropdown" owner="Common_keywords">
<kw name="Wait Until Element Is Visible" owner="SeleniumLibrary">
<arg>${dropdown_locator}</arg>
<arg>5s</arg>
<doc>Waits until the element ``locator`` is visible.</doc>
<status status="PASS" start="2026-04-28T12:03:13.858583" elapsed="0.018150"/>
</kw>
<kw name="Click Element" owner="SeleniumLibrary">
<msg time="2026-04-28T12:03:13.877578" level="INFO">Clicking element 'xpath=//div[contains(@class,'relative inline-block')]//div[contains(@class,'gradient-border-gray') and .//div[normalize-space()='All Brands']]'.</msg>
<arg>${dropdown_locator}</arg>
<doc>Click the element identified by ``locator``.</doc>
<status status="PASS" start="2026-04-28T12:03:13.877136" elapsed="0.082490"/>
</kw>
<kw name="Set Variable" owner="BuiltIn">
<msg time="2026-04-28T12:03:13.960517" level="INFO">${option} = xpath=//span[normalize-space()='APSMOTIV']/parent::div</msg>
<var>${option}</var>
<arg>xpath=//span[normalize-space()='${option_text}']/parent::div</arg>
<doc>Returns the given values which can then be assigned to a variables.</doc>
<status status="PASS" start="2026-04-28T12:03:13.959927" elapsed="0.000647"/>
</kw>
<kw name="Wait Until Element Is Visible" owner="SeleniumLibrary">
<arg>${option}</arg>
<arg>5s</arg>
<doc>Waits until the element ``locator`` is visible.</doc>
<status status="PASS" start="2026-04-28T12:03:13.960802" elapsed="0.030657"/>
</kw>
<kw name="Click Element" owner="SeleniumLibrary">
<msg time="2026-04-28T12:03:13.992061" level="INFO">Clicking element 'xpath=//span[normalize-space()='APSMOTIV']/parent::div'.</msg>
<arg>${option}</arg>
<doc>Click the element identified by ``locator``.</doc>
<status status="PASS" start="2026-04-28T12:03:13.991749" elapsed="0.195923"/>
</kw>
<kw name="Log To Console" owner="BuiltIn">
<arg>Selected: ${option_text}</arg>
<doc>Logs the given message to the console.</doc>
<status status="PASS" start="2026-04-28T12:03:14.187975" elapsed="0.000868"/>
</kw>
<arg>${BRAND}</arg>
<arg>APSMOTIV</arg>
<status status="PASS" start="2026-04-28T12:03:13.858130" elapsed="0.330932"/>
</kw>
<kw name="Verify Country" owner="Common_keywords">
<kw name="Get Text" owner="SeleniumLibrary">
<msg time="2026-04-28T12:03:14.330161" level="INFO">${country} = United State</msg>
<var>${country}</var>
<arg>${COUNTRY}</arg>
<doc>Returns the text value of the element identified by ``locator``.</doc>
<status status="PASS" start="2026-04-28T12:03:14.191444" elapsed="0.138783"/>
</kw>
<kw name="Log To Console" owner="BuiltIn">
<arg>Selected country: ${country}</arg>
<doc>Logs the given message to the console.</doc>
<status status="PASS" start="2026-04-28T12:03:14.330443" elapsed="0.000813"/>
</kw>
<kw name="Create List" owner="BuiltIn">
<msg time="2026-04-28T12:03:14.332799" level="INFO">@{allowed} = [ India | United State ]</msg>
<var>@{allowed}</var>
<arg>India</arg>
<arg>United State</arg>
<doc>Returns a list containing given items.</doc>
<status status="PASS" start="2026-04-28T12:03:14.331655" elapsed="0.001240"/>
</kw>
<kw name="List Should Contain Value" owner="Collections">
<arg>${allowed}</arg>
<arg>${country}</arg>
<doc>Fails if the ``value`` is not found from ``list``.</doc>
<status status="PASS" start="2026-04-28T12:03:14.333313" elapsed="0.000844"/>
</kw>
<status status="PASS" start="2026-04-28T12:03:14.190904" elapsed="0.143465"/>
</kw>
<kw name="Select From Dropdown" owner="Common_keywords">
<kw name="Wait Until Element Is Visible" owner="SeleniumLibrary">
<arg>${dropdown_locator}</arg>
<arg>10s</arg>
<doc>Waits until the element ``locator`` is visible.</doc>
<status status="PASS" start="2026-04-28T12:03:14.335963" elapsed="0.024583"/>
</kw>
<kw name="Click Element" owner="SeleniumLibrary">
<msg time="2026-04-28T12:03:14.361056" level="INFO">Clicking element 'xpath=(//div[contains(@class,'relative') and contains(@class,'inline-block')]//div[contains(@class,'gradient-border-gray')])[1]'.</msg>
<arg>${dropdown_locator}</arg>
<doc>Click the element identified by ``locator``.</doc>
<status status="PASS" start="2026-04-28T12:03:14.360771" elapsed="0.146988"/>
</kw>
<kw name="Set Variable" owner="BuiltIn">
<msg time="2026-04-28T12:03:14.509097" level="INFO">${option} = xpath=//div[contains(@class,'z-50')]//span[normalize-space()='United Kingdom']/parent::div</msg>
<var>${option}</var>
<arg>xpath=//div[contains(@class,'z-50')]//span[normalize-space()='${option_text}']/parent::div</arg>
<doc>Returns the given values which can then be assigned to a variables.</doc>
<status status="PASS" start="2026-04-28T12:03:14.508225" elapsed="0.000989"/>
</kw>
<kw name="Wait Until Element Is Visible" owner="SeleniumLibrary">
<arg>${option}</arg>
<arg>10s</arg>
<doc>Waits until the element ``locator`` is visible.</doc>
<status status="PASS" start="2026-04-28T12:03:14.509495" elapsed="0.047218"/>
</kw>
<kw name="Click Element" owner="SeleniumLibrary">
<msg time="2026-04-28T12:03:14.557457" level="INFO">Clicking element 'xpath=//div[contains(@class,'z-50')]//span[normalize-space()='United Kingdom']/parent::div'.</msg>
<arg>${option}</arg>
<doc>Click the element identified by ``locator``.</doc>
<status status="PASS" start="2026-04-28T12:03:14.557139" elapsed="0.371074"/>
</kw>
<kw name="Log To Console" owner="BuiltIn">
<arg>Selected: ${option_text}</arg>
<doc>Logs the given message to the console.</doc>
<status status="PASS" start="2026-04-28T12:03:14.928456" elapsed="0.000733"/>
</kw>
<arg>${COUNTRY}</arg>
<arg>United Kingdom</arg>
<status status="PASS" start="2026-04-28T12:03:14.335003" elapsed="0.594373"/>
</kw>
<kw name="Verify MSC Intelligence popup Open and Close In Dashboard" owner="Common_keywords">
<kw name="Wait Until Page Contains" owner="SeleniumLibrary">
<arg>here are your useful Insights!</arg>
<arg>30s</arg>
<doc>Waits until ``text`` appears on the current page.</doc>
<status status="PASS" start="2026-04-28T12:03:14.934402" elapsed="5.287515"/>
</kw>
<kw name="Wait Until Element Is Visible" owner="SeleniumLibrary">
<arg>${BTN_CLOSE}</arg>
<arg>10s</arg>
<doc>Waits until the element ``locator`` is visible.</doc>
<status status="PASS" start="2026-04-28T12:03:20.222172" elapsed="0.036555"/>
</kw>
<kw name="Click Element" owner="SeleniumLibrary">
<msg time="2026-04-28T12:03:20.259254" level="INFO">Clicking element 'xpath=//*[name()='svg' and contains(@class, 'text-xl')]'.</msg>
<arg>${BTN_CLOSE}</arg>
<doc>Click the element identified by ``locator``.</doc>
<status status="PASS" start="2026-04-28T12:03:20.258958" elapsed="0.247812"/>
</kw>
<kw name="Log To Console" owner="BuiltIn">
<arg>Close button clicked</arg>
<doc>Logs the given message to the console.</doc>
<status status="PASS" start="2026-04-28T12:03:20.507310" elapsed="0.001285"/>
</kw>
<status status="PASS" start="2026-04-28T12:03:14.933805" elapsed="5.575083"/>
</kw>
<kw name="Verify Card Visible" owner="Common_keywords">
<kw name="Scroll Element Into View" owner="SeleniumLibrary">
<arg>${date_locator}</arg>
<doc>Scrolls the element identified by ``locator`` into view.</doc>
<status status="PASS" start="2026-04-28T12:03:20.511690" elapsed="0.319134"/>
</kw>
<kw name="Wait Until Element Is Visible" owner="SeleniumLibrary">
<arg>${date_locator}</arg>
<arg>5s</arg>
<doc>Waits until the element ``locator`` is visible.</doc>
<status status="PASS" start="2026-04-28T12:03:20.831136" elapsed="0.040317"/>
</kw>
<kw name="Wait Until Element Is Visible" owner="SeleniumLibrary">
<arg>${card_locator}</arg>
<arg>5s</arg>
<doc>Waits until the element ``locator`` is visible.</doc>
<status status="PASS" start="2026-04-28T12:03:20.871656" elapsed="0.133993"/>
</kw>
<kw name="Log To Console" owner="BuiltIn">
<arg>${card_name} card visible</arg>
<doc>Logs the given message to the console.</doc>
<status status="PASS" start="2026-04-28T12:03:21.006010" elapsed="0.001022"/>
</kw>
<arg>Today</arg>
<arg>${TODAY_CARD}</arg>
<arg>${TODAY_CARD_DATE}</arg>
<status status="PASS" start="2026-04-28T12:03:20.510775" elapsed="0.496554"/>
</kw>
<kw name="Validate Revenue Currency From UI" owner="Common_keywords">
<kw name="Get Text" owner="SeleniumLibrary">
<msg time="2026-04-28T12:03:21.046111" level="INFO">${country} = United Kingdom</msg>
<var>${country}</var>
<arg>${country_locator}</arg>
<doc>Returns the text value of the element identified by ``locator``.</doc>
<status status="PASS" start="2026-04-28T12:03:21.010185" elapsed="0.035982"/>
</kw>
<kw name="Get Text" owner="SeleniumLibrary">
<msg time="2026-04-28T12:03:21.088344" level="INFO">${revenue} = £181.08</msg>
<var>${revenue}</var>
<arg>${revenue_locator}</arg>
<doc>Returns the text value of the element identified by ``locator``.</doc>
<status status="PASS" start="2026-04-28T12:03:21.046373" elapsed="0.042100"/>
</kw>
<kw name="Validate Currency By Country" owner="Common_keywords">
<kw name="Strip String" owner="String">
<msg time="2026-04-28T12:03:21.089887" level="INFO">${country} = United Kingdom</msg>
<var>${country}</var>
<arg>${country}</arg>
<doc>Remove leading and/or trailing whitespaces from the given string.</doc>
<status status="PASS" start="2026-04-28T12:03:21.089543" elapsed="0.000386"/>
</kw>
<kw name="Strip String" owner="String">
<msg time="2026-04-28T12:03:21.090373" level="INFO">${revenue} = £181.08</msg>
<var>${revenue}</var>
<arg>${revenue}</arg>
<doc>Remove leading and/or trailing whitespaces from the given string.</doc>
<status status="PASS" start="2026-04-28T12:03:21.090119" elapsed="0.000297"/>
</kw>
<kw name="Get From Dictionary" owner="Collections">
<msg time="2026-04-28T12:03:21.090974" level="INFO">${symbol} = £</msg>
<var>${symbol}</var>
<arg>${CURRENCY_MAP}</arg>
<arg>${country}</arg>
<doc>Returns a value from the given ``dictionary`` based on the given ``key``.</doc>
<status status="PASS" start="2026-04-28T12:03:21.090589" elapsed="0.000438"/>
</kw>
<kw name="Log To Console" owner="BuiltIn">
<arg>Country: ${country}</arg>
<doc>Logs the given message to the console.</doc>
<status status="PASS" start="2026-04-28T12:03:21.091189" elapsed="0.000748"/>
</kw>
<kw name="Log To Console" owner="BuiltIn">
<arg>Expected Symbol: ${symbol}</arg>
<doc>Logs the given message to the console.</doc>
<status status="PASS" start="2026-04-28T12:03:21.092206" elapsed="0.002369"/>
</kw>
<kw name="Log To Console" owner="BuiltIn">
<arg>Revenue: ${revenue}</arg>
<doc>Logs the given message to the console.</doc>
<status status="PASS" start="2026-04-28T12:03:21.094774" elapsed="0.002837"/>
</kw>
<kw name="Should Start With" owner="BuiltIn">
<arg>${revenue}</arg>
<arg>${symbol}</arg>
<doc>Fails if the string ``str1`` does not start with the string ``str2``.</doc>
<status status="PASS" start="2026-04-28T12:03:21.098152" elapsed="0.000571"/>
</kw>
<kw name="Log To Console" owner="BuiltIn">
<arg>✅ Currency validated</arg>
<doc>Logs the given message to the console.</doc>
<status status="PASS" start="2026-04-28T12:03:21.098968" elapsed="0.019536"/>
</kw>
<arg>${country}</arg>
<arg>${revenue}</arg>
<status status="PASS" start="2026-04-28T12:03:21.089004" elapsed="0.029697"/>
</kw>
<arg>${COUNTRY}</arg>
<arg>${REVENUE_VALUE_TODAY}</arg>
<status status="PASS" start="2026-04-28T12:03:21.009135" elapsed="0.109651"/>
</kw>
<kw name="Verify Card Visible" owner="Common_keywords">
<kw name="Scroll Element Into View" owner="SeleniumLibrary">
<arg>${date_locator}</arg>
<doc>Scrolls the element identified by ``locator`` into view.</doc>
<status status="PASS" start="2026-04-28T12:03:21.122711" elapsed="0.303042"/>
</kw>
<kw name="Wait Until Element Is Visible" owner="SeleniumLibrary">
<arg>${date_locator}</arg>
<arg>5s</arg>
<doc>Waits until the element ``locator`` is visible.</doc>
<status status="PASS" start="2026-04-28T12:03:21.426003" elapsed="0.031429"/>
</kw>
<kw name="Wait Until Element Is Visible" owner="SeleniumLibrary">
<arg>${card_locator}</arg>
<arg>5s</arg>
<doc>Waits until the element ``locator`` is visible.</doc>
<status status="PASS" start="2026-04-28T12:03:21.457665" elapsed="0.037898"/>
</kw>
<kw name="Log To Console" owner="BuiltIn">
<arg>${card_name} card visible</arg>
<doc>Logs the given message to the console.</doc>
<status status="PASS" start="2026-04-28T12:03:21.495781" elapsed="0.000680"/>
</kw>
<arg>Yesterday</arg>
<arg>${YESTERDAY_CARD}</arg>
<arg>${YESTERDAY_CARD_DATE}</arg>
<status status="PASS" start="2026-04-28T12:03:21.122176" elapsed="0.374409"/>
</kw>
<kw name="Validate Revenue Currency From UI" owner="Common_keywords">
<kw name="Get Text" owner="SeleniumLibrary">
<msg time="2026-04-28T12:03:21.530100" level="INFO">${country} = United Kingdom</msg>
<var>${country}</var>
<arg>${country_locator}</arg>
<doc>Returns the text value of the element identified by ``locator``.</doc>
<status status="PASS" start="2026-04-28T12:03:21.499812" elapsed="0.030343"/>
</kw>
<kw name="Get Text" owner="SeleniumLibrary">
<msg time="2026-04-28T12:03:21.564798" level="INFO">${revenue} = £364.43</msg>
<var>${revenue}</var>
<arg>${revenue_locator}</arg>
<doc>Returns the text value of the element identified by ``locator``.</doc>
<status status="PASS" start="2026-04-28T12:03:21.530432" elapsed="0.034457"/>
</kw>
<kw name="Validate Currency By Country" owner="Common_keywords">
<kw name="Strip String" owner="String">
<msg time="2026-04-28T12:03:21.566319" level="INFO">${country} = United Kingdom</msg>
<var>${country}</var>
<arg>${country}</arg>
<doc>Remove leading and/or trailing whitespaces from the given string.</doc>
<status status="PASS" start="2026-04-28T12:03:21.565963" elapsed="0.000417"/>
</kw>
<kw name="Strip String" owner="String">
<msg time="2026-04-28T12:03:21.566920" level="INFO">${revenue} = £364.43</msg>
<var>${revenue}</var>
<arg>${revenue}</arg>
<doc>Remove leading and/or trailing whitespaces from the given string.</doc>
<status status="PASS" start="2026-04-28T12:03:21.566622" elapsed="0.000351"/>
</kw>
<kw name="Get From Dictionary" owner="Collections">
<msg time="2026-04-28T12:03:21.567566" level="INFO">${symbol} = £</msg>
<var>${symbol}</var>
<arg>${CURRENCY_MAP}</arg>
<arg>${country}</arg>
<doc>Returns a value from the given ``dictionary`` based on the given ``key``.</doc>
<status status="PASS" start="2026-04-28T12:03:21.567185" elapsed="0.000440"/>
</kw>
<kw name="Log To Console" owner="BuiltIn">
<arg>Country: ${country}</arg>
<doc>Logs the given message to the console.</doc>
<status status="PASS" start="2026-04-28T12:03:21.567847" elapsed="0.000749"/>
</kw>
<kw name="Log To Console" owner="BuiltIn">
<arg>Expected Symbol: ${symbol}</arg>
<doc>Logs the given message to the console.</doc>
<status status="PASS" start="2026-04-28T12:03:21.569020" elapsed="0.001351"/>
</kw>
<kw name="Log To Console" owner="BuiltIn">
<arg>Revenue: ${revenue}</arg>
<doc>Logs the given message to the console.</doc>
<status status="PASS" start="2026-04-28T12:03:21.570748" elapsed="0.002561"/>
</kw>
<kw name="Should Start With" owner="BuiltIn">
<arg>${revenue}</arg>
<arg>${symbol}</arg>
<doc>Fails if the string ``str1`` does not start with the string ``str2``.</doc>
<status status="PASS" start="2026-04-28T12:03:21.573715" elapsed="0.000584"/>
</kw>
<kw name="Log To Console" owner="BuiltIn">
<arg>✅ Currency validated</arg>
<doc>Logs the given message to the console.</doc>
<status status="PASS" start="2026-04-28T12:03:21.574536" elapsed="0.006877"/>
</kw>
<arg>${country}</arg>
<arg>${revenue}</arg>
<status status="PASS" start="2026-04-28T12:03:21.565292" elapsed="0.016401"/>
</kw>
<arg>${COUNTRY}</arg>
<arg>${REVENUE_VALUE_YESTERDAY}</arg>
<status status="PASS" start="2026-04-28T12:03:21.498922" elapsed="0.082917"/>
</kw>
<kw name="Verify Card Visible" owner="Common_keywords">
<kw name="Scroll Element Into View" owner="SeleniumLibrary">
<arg>${date_locator}</arg>
<doc>Scrolls the element identified by ``locator`` into view.</doc>
<status status="PASS" start="2026-04-28T12:03:21.582908" elapsed="0.292693"/>
</kw>
<kw name="Wait Until Element Is Visible" owner="SeleniumLibrary">
<arg>${date_locator}</arg>
<arg>5s</arg>
<doc>Waits until the element ``locator`` is visible.</doc>
<status status="PASS" start="2026-04-28T12:03:21.875855" elapsed="0.035954"/>
</kw>
<kw name="Wait Until Element Is Visible" owner="SeleniumLibrary">
<arg>${card_locator}</arg>
<arg>5s</arg>
<doc>Waits until the element ``locator`` is visible.</doc>
<status status="PASS" start="2026-04-28T12:03:21.912034" elapsed="0.041943"/>
</kw>
<kw name="Log To Console" owner="BuiltIn">
<arg>${card_name} card visible</arg>
<doc>Logs the given message to the console.</doc>
<status status="PASS" start="2026-04-28T12:03:21.954192" elapsed="0.000780"/>
</kw>
<arg>Last 7 Days</arg>
<arg>${LAST7DAYS_CARD}</arg>
<arg>${LAST7DAYS_CARD_DATE}</arg>
<status status="PASS" start="2026-04-28T12:03:21.582339" elapsed="0.372755"/>
</kw>
<kw name="Validate Revenue Currency From UI" owner="Common_keywords">
<kw name="Get Text" owner="SeleniumLibrary">
<msg time="2026-04-28T12:03:21.988476" level="INFO">${country} = United Kingdom</msg>
<var>${country}</var>
<arg>${country_locator}</arg>
<doc>Returns the text value of the element identified by ``locator``.</doc>
<status status="PASS" start="2026-04-28T12:03:21.957316" elapsed="0.031227"/>
</kw>
<kw name="Get Text" owner="SeleniumLibrary">
<msg time="2026-04-28T12:03:22.020729" level="INFO">${revenue} = £4,965.57</msg>
<var>${revenue}</var>
<arg>${revenue_locator}</arg>
<doc>Returns the text value of the element identified by ``locator``.</doc>
<status status="PASS" start="2026-04-28T12:03:21.988778" elapsed="0.032059"/>
</kw>
<kw name="Validate Currency By Country" owner="Common_keywords">
<kw name="Strip String" owner="String">
<msg time="2026-04-28T12:03:22.021766" level="INFO">${country} = United Kingdom</msg>
<var>${country}</var>
<arg>${country}</arg>
<doc>Remove leading and/or trailing whitespaces from the given string.</doc>
<status status="PASS" start="2026-04-28T12:03:22.021519" elapsed="0.000310"/>
</kw>
<kw name="Strip String" owner="String">
<msg time="2026-04-28T12:03:22.022133" level="INFO">${revenue} = £4,965.57</msg>
<var>${revenue}</var>
<arg>${revenue}</arg>
<doc>Remove leading and/or trailing whitespaces from the given string.</doc>
<status status="PASS" start="2026-04-28T12:03:22.021956" elapsed="0.000210"/>
</kw>
<kw name="Get From Dictionary" owner="Collections">
<msg time="2026-04-28T12:03:22.022534" level="INFO">${symbol} = £</msg>
<var>${symbol}</var>
<arg>${CURRENCY_MAP}</arg>
<arg>${country}</arg>
<doc>Returns a value from the given ``dictionary`` based on the given ``key``.</doc>
<status status="PASS" start="2026-04-28T12:03:22.022307" elapsed="0.000262"/>
</kw>
<kw name="Log To Console" owner="BuiltIn">
<arg>Country: ${country}</arg>
<doc>Logs the given message to the console.</doc>
<status status="PASS" start="2026-04-28T12:03:22.022695" elapsed="0.000696"/>
</kw>
<kw name="Log To Console" owner="BuiltIn">
<arg>Expected Symbol: ${symbol}</arg>
<doc>Logs the given message to the console.</doc>
<status status="PASS" start="2026-04-28T12:03:22.023801" elapsed="0.001223"/>
</kw>
<kw name="Log To Console" owner="BuiltIn">
<arg>Revenue: ${revenue}</arg>
<doc>Logs the given message to the console.</doc>
<status status="PASS" start="2026-04-28T12:03:22.025388" elapsed="0.001917"/>
</kw>
<kw name="Should Start With" owner="BuiltIn">
<arg>${revenue}</arg>
<arg>${symbol}</arg>
<doc>Fails if the string ``str1`` does not start with the string ``str2``.</doc>
<status status="PASS" start="2026-04-28T12:03:22.028013" elapsed="0.000841"/>
</kw>
<kw name="Log To Console" owner="BuiltIn">
<arg>✅ Currency validated</arg>
<doc>Logs the given message to the console.</doc>
<status status="PASS" start="2026-04-28T12:03:22.029045" elapsed="0.000728"/>
</kw>
<arg>${country}</arg>
<arg>${revenue}</arg>
<status status="PASS" start="2026-04-28T12:03:22.021093" elapsed="0.008961"/>
</kw>
<arg>${COUNTRY}</arg>
<arg>${REVENUE_VALUE_LAST_7_DAYS}</arg>
<status status="PASS" start="2026-04-28T12:03:21.956788" elapsed="0.073360"/>
</kw>
<kw name="Verify Card Visible" owner="Common_keywords">
<kw name="Scroll Element Into View" owner="SeleniumLibrary">
<arg>${date_locator}</arg>
<doc>Scrolls the element identified by ``locator`` into view.</doc>
<status status="PASS" start="2026-04-28T12:03:22.031922" elapsed="0.302250"/>
</kw>
<kw name="Wait Until Element Is Visible" owner="SeleniumLibrary">
<arg>${date_locator}</arg>
<arg>5s</arg>
<doc>Waits until the element ``locator`` is visible.</doc>
<status status="PASS" start="2026-04-28T12:03:22.334423" elapsed="0.017459"/>
</kw>
<kw name="Wait Until Element Is Visible" owner="SeleniumLibrary">
<arg>${card_locator}</arg>
<arg>5s</arg>
<doc>Waits until the element ``locator`` is visible.</doc>
<status status="PASS" start="2026-04-28T12:03:22.352322" elapsed="0.062518"/>
</kw>
<kw name="Log To Console" owner="BuiltIn">
<arg>${card_name} card visible</arg>
<doc>Logs the given message to the console.</doc>
<status status="PASS" start="2026-04-28T12:03:22.415094" elapsed="0.000715"/>
</kw>
<arg>Last 30 Days</arg>
<arg>${LASTMONTH_CARD}</arg>
<arg>${LASTMONTH_CARD_DATE}</arg>
<status status="PASS" start="2026-04-28T12:03:22.030978" elapsed="0.385044"/>
</kw>
<kw name="Validate Revenue Currency From UI" owner="Common_keywords">
<kw name="Get Text" owner="SeleniumLibrary">
<msg time="2026-04-28T12:03:22.451735" level="INFO">${country} = United Kingdom</msg>
<var>${country}</var>
<arg>${country_locator}</arg>
<doc>Returns the text value of the element identified by ``locator``.</doc>
<status status="PASS" start="2026-04-28T12:03:22.418581" elapsed="0.033222"/>
</kw>
<kw name="Get Text" owner="SeleniumLibrary">
<msg time="2026-04-28T12:03:22.479493" level="INFO">${revenue} = £31,472.72</msg>
<var>${revenue}</var>
<arg>${revenue_locator}</arg>
<doc>Returns the text value of the element identified by ``locator``.</doc>
<status status="PASS" start="2026-04-28T12:03:22.452051" elapsed="0.027519"/>
</kw>
<kw name="Validate Currency By Country" owner="Common_keywords">
<kw name="Strip String" owner="String">
<msg time="2026-04-28T12:03:22.480503" level="INFO">${country} = United Kingdom</msg>
<var>${country}</var>
<arg>${country}</arg>
<doc>Remove leading and/or trailing whitespaces from the given string.</doc>
<status status="PASS" start="2026-04-28T12:03:22.480250" elapsed="0.000380"/>
</kw>
<kw name="Strip String" owner="String">
<msg time="2026-04-28T12:03:22.481130" level="INFO">${revenue} = £31,472.72</msg>
<var>${revenue}</var>
<arg>${revenue}</arg>
<doc>Remove leading and/or trailing whitespaces from the given string.</doc>
<status status="PASS" start="2026-04-28T12:03:22.480899" elapsed="0.000268"/>
</kw>
<kw name="Get From Dictionary" owner="Collections">
<msg time="2026-04-28T12:03:22.481547" level="INFO">${symbol} = £</msg>
<var>${symbol}</var>
<arg>${CURRENCY_MAP}</arg>
<arg>${country}</arg>
<doc>Returns a value from the given ``dictionary`` based on the given ``key``.</doc>
<status status="PASS" start="2026-04-28T12:03:22.481311" elapsed="0.000270"/>
</kw>
<kw name="Log To Console" owner="BuiltIn">
<arg>Country: ${country}</arg>
<doc>Logs the given message to the console.</doc>
<status status="PASS" start="2026-04-28T12:03:22.481705" elapsed="0.000583"/>
</kw>
<kw name="Log To Console" owner="BuiltIn">
<arg>Expected Symbol: ${symbol}</arg>
<doc>Logs the given message to the console.</doc>
<status status="PASS" start="2026-04-28T12:03:22.482639" elapsed="0.001132"/>
</kw>
<kw name="Log To Console" owner="BuiltIn">
<arg>Revenue: ${revenue}</arg>
<doc>Logs the given message to the console.</doc>
<status status="PASS" start="2026-04-28T12:03:22.484262" elapsed="0.001948"/>
</kw>
<kw name="Should Start With" owner="BuiltIn">
<arg>${revenue}</arg>
<arg>${symbol}</arg>
<doc>Fails if the string ``str1`` does not start with the string ``str2``.</doc>
<status status="PASS" start="2026-04-28T12:03:22.486541" elapsed="0.000784"/>
</kw>
<kw name="Log To Console" owner="BuiltIn">
<arg>✅ Currency validated</arg>
<doc>Logs the given message to the console.</doc>
<status status="PASS" start="2026-04-28T12:03:22.487477" elapsed="0.000454"/>
</kw>
<arg>${country}</arg>
<arg>${revenue}</arg>
<status status="PASS" start="2026-04-28T12:03:22.479862" elapsed="0.008202"/>
</kw>
<arg>${COUNTRY}</arg>
<arg>${REVENUE_VALUE_LAST_MONTH}</arg>
<status status="PASS" start="2026-04-28T12:03:22.417898" elapsed="0.070246"/>
</kw>
<kw name="Log To Console" owner="BuiltIn">
<arg>Country dropdown and cards verified for United State</arg>
<doc>Logs the given message to the console.</doc>
<status status="PASS" start="2026-04-28T12:03:22.488678" elapsed="0.000772"/>
</kw>
<kw name="Select From Dropdown" owner="Common_keywords">
<kw name="Wait Until Element Is Visible" owner="SeleniumLibrary">
<arg>${dropdown_locator}</arg>
<arg>10s</arg>
<doc>Waits until the element ``locator`` is visible.</doc>
<status status="PASS" start="2026-04-28T12:03:22.491018" elapsed="0.016274"/>
</kw>
<kw name="Click Element" owner="SeleniumLibrary">
<msg time="2026-04-28T12:03:22.507820" level="INFO">Clicking element 'xpath=(//div[contains(@class,'relative') and contains(@class,'inline-block')]//div[contains(@class,'gradient-border-gray')])[1]'.</msg>
<arg>${dropdown_locator}</arg>
<doc>Click the element identified by ``locator``.</doc>
<status status="PASS" start="2026-04-28T12:03:22.507526" elapsed="0.067721"/>
</kw>
<kw name="Set Variable" owner="BuiltIn">
<msg time="2026-04-28T12:03:22.576115" level="INFO">${option} = xpath=//div[contains(@class,'z-50')]//span[normalize-space()='India']/parent::div</msg>
<var>${option}</var>
<arg>xpath=//div[contains(@class,'z-50')]//span[normalize-space()='${option_text}']/parent::div</arg>
<doc>Returns the given values which can then be assigned to a variables.</doc>
<status status="PASS" start="2026-04-28T12:03:22.575478" elapsed="0.000851"/>
</kw>
<kw name="Wait Until Element Is Visible" owner="SeleniumLibrary">
<arg>${option}</arg>
<arg>10s</arg>
<doc>Waits until the element ``locator`` is visible.</doc>
<status status="PASS" start="2026-04-28T12:03:22.576598" elapsed="0.241585"/>
</kw>
<kw name="Click Element" owner="SeleniumLibrary">
<msg time="2026-04-28T12:03:22.818639" level="INFO">Clicking element 'xpath=//div[contains(@class,'z-50')]//span[normalize-space()='India']/parent::div'.</msg>
<arg>${option}</arg>
<doc>Click the element identified by ``locator``.</doc>
<status status="PASS" start="2026-04-28T12:03:22.818379" elapsed="0.179902"/>
</kw>
<kw name="Log To Console" owner="BuiltIn">
<arg>Selected: ${option_text}</arg>
<doc>Logs the given message to the console.</doc>
<status status="PASS" start="2026-04-28T12:03:22.998770" elapsed="0.001530"/>
</kw>
<arg>${COUNTRY}</arg>
<arg>India</arg>
<status status="PASS" start="2026-04-28T12:03:22.490601" elapsed="0.509999"/>
</kw>
<kw name="Verify MSC Intelligence popup Open and Close In Dashboard" owner="Common_keywords">
<kw name="Wait Until Page Contains" owner="SeleniumLibrary">
<arg>here are your useful Insights!</arg>
<arg>30s</arg>
<doc>Waits until ``text`` appears on the current page.</doc>
<status status="PASS" start="2026-04-28T12:03:23.003254" elapsed="7.388617"/>
</kw>
<kw name="Wait Until Element Is Visible" owner="SeleniumLibrary">
<arg>${BTN_CLOSE}</arg>
<arg>10s</arg>
<doc>Waits until the element ``locator`` is visible.</doc>
<status status="PASS" start="2026-04-28T12:03:30.392209" elapsed="0.039483"/>
</kw>
<kw name="Click Element" owner="SeleniumLibrary">
<msg time="2026-04-28T12:03:30.433080" level="INFO">Clicking element 'xpath=//*[name()='svg' and contains(@class, 'text-xl')]'.</msg>
<arg>${BTN_CLOSE}</arg>
<doc>Click the element identified by ``locator``.</doc>
<status status="PASS" start="2026-04-28T12:03:30.432420" elapsed="0.195314"/>
</kw>
<kw name="Log To Console" owner="BuiltIn">
<arg>Close button clicked</arg>
<doc>Logs the given message to the console.</doc>
<status status="PASS" start="2026-04-28T12:03:30.627970" elapsed="0.000731"/>
</kw>
<status status="PASS" start="2026-04-28T12:03:23.002651" elapsed="7.626185"/>
</kw>
<kw name="Verify Card Visible" owner="Common_keywords">
<kw name="Scroll Element Into View" owner="SeleniumLibrary">
<arg>${date_locator}</arg>
<doc>Scrolls the element identified by ``locator`` into view.</doc>
<status status="PASS" start="2026-04-28T12:03:30.632398" elapsed="0.289119"/>
</kw>
<kw name="Wait Until Element Is Visible" owner="SeleniumLibrary">
<arg>${date_locator}</arg>
<arg>5s</arg>
<doc>Waits until the element ``locator`` is visible.</doc>
<status status="PASS" start="2026-04-28T12:03:30.921987" elapsed="0.026123"/>
</kw>
<kw name="Wait Until Element Is Visible" owner="SeleniumLibrary">
<arg>${card_locator}</arg>
<arg>5s</arg>
<doc>Waits until the element ``locator`` is visible.</doc>
<status status="PASS" start="2026-04-28T12:03:30.948473" elapsed="0.028881"/>
</kw>
<kw name="Log To Console" owner="BuiltIn">
<arg>${card_name} card visible</arg>
<doc>Logs the given message to the console.</doc>
<status status="PASS" start="2026-04-28T12:03:30.977696" elapsed="0.000699"/>
</kw>
<arg>Today</arg>
<arg>${TODAY_CARD}</arg>
<arg>${TODAY_CARD_DATE}</arg>
<status status="PASS" start="2026-04-28T12:03:30.631030" elapsed="0.347515"/>
</kw>
<kw name="Validate Revenue Currency From UI" owner="Common_keywords">
<kw name="Get Text" owner="SeleniumLibrary">
<msg time="2026-04-28T12:03:31.007363" level="INFO">${country} = India</msg>
<var>${country}</var>
<arg>${country_locator}</arg>
<doc>Returns the text value of the element identified by ``locator``.</doc>
<status status="PASS" start="2026-04-28T12:03:30.980695" elapsed="0.026733"/>
</kw>
<kw name="Get Text" owner="SeleniumLibrary">
<msg time="2026-04-28T12:03:31.030608" level="INFO">${revenue} = ₹8,884.00</msg>
<var>${revenue}</var>
<arg>${revenue_locator}</arg>
<doc>Returns the text value of the element identified by ``locator``.</doc>
<status status="PASS" start="2026-04-28T12:03:31.007694" elapsed="0.022992"/>
</kw>
<kw name="Validate Currency By Country" owner="Common_keywords">
<kw name="Strip String" owner="String">
<msg time="2026-04-28T12:03:31.031808" level="INFO">${country} = India</msg>
<var>${country}</var>
<arg>${country}</arg>
<doc>Remove leading and/or trailing whitespaces from the given string.</doc>
<status status="PASS" start="2026-04-28T12:03:31.031536" elapsed="0.000308"/>
</kw>
<kw name="Strip String" owner="String">
<msg time="2026-04-28T12:03:31.032165" level="INFO">${revenue} = ₹8,884.00</msg>
<var>${revenue}</var>
<arg>${revenue}</arg>
<doc>Remove leading and/or trailing whitespaces from the given string.</doc>
<status status="PASS" start="2026-04-28T12:03:31.031981" elapsed="0.000220"/>
</kw>
<kw name="Get From Dictionary" owner="Collections">
<msg time="2026-04-28T12:03:31.032552" level="INFO">${symbol} = ₹</msg>
<var>${symbol}</var>
<arg>${CURRENCY_MAP}</arg>
<arg>${country}</arg>
<doc>Returns a value from the given ``dictionary`` based on the given ``key``.</doc>
<status status="PASS" start="2026-04-28T12:03:31.032343" elapsed="0.000240"/>
</kw>
<kw name="Log To Console" owner="BuiltIn">
<arg>Country: ${country}</arg>
<doc>Logs the given message to the console.</doc>
<status status="PASS" start="2026-04-28T12:03:31.032724" elapsed="0.008759"/>
</kw>
<kw name="Log To Console" owner="BuiltIn">
<arg>Expected Symbol: ${symbol}</arg>
<doc>Logs the given message to the console.</doc>
<status status="PASS" start="2026-04-28T12:03:31.041978" elapsed="0.001080"/>
</kw>
<kw name="Log To Console" owner="BuiltIn">
<arg>Revenue: ${revenue}</arg>
<doc>Logs the given message to the console.</doc>
<status status="PASS" start="2026-04-28T12:03:31.043303" elapsed="0.002021"/>
</kw>
<kw name="Should Start With" owner="BuiltIn">
<arg>${revenue}</arg>
<arg>${symbol}</arg>
<doc>Fails if the string ``str1`` does not start with the string ``str2``.</doc>
<status status="PASS" start="2026-04-28T12:03:31.045581" elapsed="0.000427"/>
</kw>
<kw name="Log To Console" owner="BuiltIn">
<arg>✅ Currency validated</arg>
<doc>Logs the given message to the console.</doc>
<status status="PASS" start="2026-04-28T12:03:31.046224" elapsed="0.000498"/>
</kw>
<arg>${country}</arg>
<arg>${revenue}</arg>
<status status="PASS" start="2026-04-28T12:03:31.031052" elapsed="0.015803"/>
</kw>
<arg>${COUNTRY}</arg>
<arg>${REVENUE_VALUE_TODAY}</arg>
<status status="PASS" start="2026-04-28T12:03:30.980153" elapsed="0.066773"/>
</kw>
<kw name="Verify Card Visible" owner="Common_keywords">
<kw name="Scroll Element Into View" owner="SeleniumLibrary">
<arg>${date_locator}</arg>
<doc>Scrolls the element identified by ``locator`` into view.</doc>
<status status="PASS" start="2026-04-28T12:03:31.048132" elapsed="0.288946"/>
</kw>
<kw name="Wait Until Element Is Visible" owner="SeleniumLibrary">
<arg>${date_locator}</arg>
<arg>5s</arg>
<doc>Waits until the element ``locator`` is visible.</doc>
<status status="PASS" start="2026-04-28T12:03:31.337425" elapsed="0.024417"/>
</kw>
<kw name="Wait Until Element Is Visible" owner="SeleniumLibrary">
<arg>${card_locator}</arg>
<arg>5s</arg>
<doc>Waits until the element ``locator`` is visible.</doc>
<status status="PASS" start="2026-04-28T12:03:31.362060" elapsed="0.025332"/>
</kw>
<kw name="Log To Console" owner="BuiltIn">
<arg>${card_name} card visible</arg>
<doc>Logs the given message to the console.</doc>
<status status="PASS" start="2026-04-28T12:03:31.387799" elapsed="0.000773"/>
</kw>
<arg>Yesterday</arg>
<arg>${YESTERDAY_CARD}</arg>
<arg>${YESTERDAY_CARD_DATE}</arg>
<status status="PASS" start="2026-04-28T12:03:31.047465" elapsed="0.341354"/>
</kw>
<kw name="Validate Revenue Currency From UI" owner="Common_keywords">
<kw name="Get Text" owner="SeleniumLibrary">
<msg time="2026-04-28T12:03:31.426217" level="INFO">${country} = India</msg>
<var>${country}</var>
<arg>${country_locator}</arg>
<doc>Returns the text value of the element identified by ``locator``.</doc>
<status status="PASS" start="2026-04-28T12:03:31.390897" elapsed="0.035458"/>
</kw>
<kw name="Get Text" owner="SeleniumLibrary">
<msg time="2026-04-28T12:03:31.455093" level="INFO">${revenue} = ₹23,059.00</msg>
<var>${revenue}</var>
<arg>${revenue_locator}</arg>
<doc>Returns the text value of the element identified by ``locator``.</doc>
<status status="PASS" start="2026-04-28T12:03:31.426946" elapsed="0.028208"/>
</kw>
<kw name="Validate Currency By Country" owner="Common_keywords">
<kw name="Strip String" owner="String">
<msg time="2026-04-28T12:03:31.456647" level="INFO">${country} = India</msg>
<var>${country}</var>
<arg>${country}</arg>
<doc>Remove leading and/or trailing whitespaces from the given string.</doc>
<status status="PASS" start="2026-04-28T12:03:31.456124" elapsed="0.000590"/>
</kw>
<kw name="Strip String" owner="String">
<msg time="2026-04-28T12:03:31.457220" level="INFO">${revenue} = ₹23,059.00</msg>
<var>${revenue}</var>
<arg>${revenue}</arg>
<doc>Remove leading and/or trailing whitespaces from the given string.</doc>
<status status="PASS" start="2026-04-28T12:03:31.456934" elapsed="0.000330"/>
</kw>
<kw name="Get From Dictionary" owner="Collections">
<msg time="2026-04-28T12:03:31.457697" level="INFO">${symbol} = ₹</msg>
<var>${symbol}</var>
<arg>${CURRENCY_MAP}</arg>
<arg>${country}</arg>
<doc>Returns a value from the given ``dictionary`` based on the given ``key``.</doc>
<status status="PASS" start="2026-04-28T12:03:31.457415" elapsed="0.000325"/>
</kw>
<kw name="Log To Console" owner="BuiltIn">
<arg>Country: ${country}</arg>
<doc>Logs the given message to the console.</doc>
<status status="PASS" start="2026-04-28T12:03:31.457887" elapsed="0.000719"/>
</kw>
<kw name="Log To Console" owner="BuiltIn">
<arg>Expected Symbol: ${symbol}</arg>
<doc>Logs the given message to the console.</doc>
<status status="PASS" start="2026-04-28T12:03:31.458860" elapsed="0.001224"/>
</kw>
<kw name="Log To Console" owner="BuiltIn">
<arg>Revenue: ${revenue}</arg>
<doc>Logs the given message to the console.</doc>
<status status="PASS" start="2026-04-28T12:03:31.460300" elapsed="0.002204"/>
</kw>
<kw name="Should Start With" owner="BuiltIn">
<arg>${revenue}</arg>
<arg>${symbol}</arg>
<doc>Fails if the string ``str1`` does not start with the string ``str2``.</doc>
<status status="PASS" start="2026-04-28T12:03:31.462789" elapsed="0.000508"/>
</kw>
<kw name="Log To Console" owner="BuiltIn">
<arg>✅ Currency validated</arg>
<doc>Logs the given message to the console.</doc>
<status status="PASS" start="2026-04-28T12:03:31.463468" elapsed="0.000570"/>
</kw>
<arg>${country}</arg>
<arg>${revenue}</arg>
<status status="PASS" start="2026-04-28T12:03:31.455447" elapsed="0.008928"/>
</kw>
<arg>${COUNTRY}</arg>
<arg>${REVENUE_VALUE_YESTERDAY}</arg>
<status status="PASS" start="2026-04-28T12:03:31.390215" elapsed="0.074416"/>
</kw>
<kw name="Verify Card Visible" owner="Common_keywords">
<kw name="Scroll Element Into View" owner="SeleniumLibrary">
<arg>${date_locator}</arg>
<doc>Scrolls the element identified by ``locator`` into view.</doc>
<status status="PASS" start="2026-04-28T12:03:31.465714" elapsed="0.300009"/>
</kw>
<kw name="Wait Until Element Is Visible" owner="SeleniumLibrary">
<arg>${date_locator}</arg>
<arg>5s</arg>
<doc>Waits until the element ``locator`` is visible.</doc>
<status status="PASS" start="2026-04-28T12:03:31.765951" elapsed="0.028409"/>
</kw>
<kw name="Wait Until Element Is Visible" owner="SeleniumLibrary">
<arg>${card_locator}</arg>
<arg>5s</arg>
<doc>Waits until the element ``locator`` is visible.</doc>
<status status="PASS" start="2026-04-28T12:03:31.794591" elapsed="0.025497"/>
</kw>
<kw name="Log To Console" owner="BuiltIn">
<arg>${card_name} card visible</arg>
<doc>Logs the given message to the console.</doc>
<status status="PASS" start="2026-04-28T12:03:31.820313" elapsed="0.000769"/>
</kw>
<arg>Last 7 Days</arg>
<arg>${LAST7DAYS_CARD}</arg>
<arg>${LAST7DAYS_CARD_DATE}</arg>
<status status="PASS" start="2026-04-28T12:03:31.465147" elapsed="0.356098"/>
</kw>
<kw name="Validate Revenue Currency From UI" owner="Common_keywords">
<kw name="Get Text" owner="SeleniumLibrary">
<msg time="2026-04-28T12:03:31.852612" level="INFO">${country} = India</msg>
<var>${country}</var>
<arg>${country_locator}</arg>
<doc>Returns the text value of the element identified by ``locator``.</doc>
<status status="PASS" start="2026-04-28T12:03:31.823101" elapsed="0.029573"/>
</kw>
<kw name="Get Text" owner="SeleniumLibrary">
<msg time="2026-04-28T12:03:31.879092" level="INFO">${revenue} = ₹208,115.00</msg>
<var>${revenue}</var>
<arg>${revenue_locator}</arg>
<doc>Returns the text value of the element identified by ``locator``.</doc>
<status status="PASS" start="2026-04-28T12:03:31.852942" elapsed="0.026223"/>
</kw>
<kw name="Validate Currency By Country" owner="Common_keywords">
<kw name="Strip String" owner="String">
<msg time="2026-04-28T12:03:31.880018" level="INFO">${country} = India</msg>
<var>${country}</var>
<arg>${country}</arg>
<doc>Remove leading and/or trailing whitespaces from the given string.</doc>
<status status="PASS" start="2026-04-28T12:03:31.879832" elapsed="0.000217"/>
</kw>
<kw name="Strip String" owner="String">
<msg time="2026-04-28T12:03:31.880315" level="INFO">${revenue} = ₹208,115.00</msg>
<var>${revenue}</var>
<arg>${revenue}</arg>
<doc>Remove leading and/or trailing whitespaces from the given string.</doc>
<status status="PASS" start="2026-04-28T12:03:31.880159" elapsed="0.000185"/>
</kw>
<kw name="Get From Dictionary" owner="Collections">
<msg time="2026-04-28T12:03:31.880654" level="INFO">${symbol} = ₹</msg>
<var>${symbol}</var>
<arg>${CURRENCY_MAP}</arg>
<arg>${country}</arg>
<doc>Returns a value from the given ``dictionary`` based on the given ``key``.</doc>
<status status="PASS" start="2026-04-28T12:03:31.880483" elapsed="0.000205"/>
</kw>
<kw name="Log To Console" owner="BuiltIn">
<arg>Country: ${country}</arg>
<doc>Logs the given message to the console.</doc>
<status status="PASS" start="2026-04-28T12:03:31.880862" elapsed="0.000717"/>
</kw>
<kw name="Log To Console" owner="BuiltIn">
<arg>Expected Symbol: ${symbol}</arg>
<doc>Logs the given message to the console.</doc>
<status status="PASS" start="2026-04-28T12:03:31.881818" elapsed="0.001407"/>
</kw>
<kw name="Log To Console" owner="BuiltIn">
<arg>Revenue: ${revenue}</arg>
<doc>Logs the given message to the console.</doc>
<status status="PASS" start="2026-04-28T12:03:31.883522" elapsed="0.002867"/>
</kw>
<kw name="Should Start With" owner="BuiltIn">
<arg>${revenue}</arg>
<arg>${symbol}</arg>
<doc>Fails if the string ``str1`` does not start with the string ``str2``.</doc>
<status status="PASS" start="2026-04-28T12:03:31.886671" elapsed="0.000528"/>
</kw>
<kw name="Log To Console" owner="BuiltIn">
<arg>✅ Currency validated</arg>
<doc>Logs the given message to the console.</doc>
<status status="PASS" start="2026-04-28T12:03:31.887364" elapsed="0.001338"/>
</kw>
<arg>${country}</arg>
<arg>${revenue}</arg>
<status status="PASS" start="2026-04-28T12:03:31.879418" elapsed="0.009519"/>
</kw>
<arg>${COUNTRY}</arg>
<arg>${REVENUE_VALUE_LAST_7_DAYS}</arg>
<status status="PASS" start="2026-04-28T12:03:31.822623" elapsed="0.066439"/>
</kw>
<kw name="Verify Card Visible" owner="Common_keywords">
<kw name="Scroll Element Into View" owner="SeleniumLibrary">
<arg>${date_locator}</arg>
<doc>Scrolls the element identified by ``locator`` into view.</doc>
<status status="PASS" start="2026-04-28T12:03:31.890120" elapsed="0.303609"/>
</kw>
<kw name="Wait Until Element Is Visible" owner="SeleniumLibrary">
<arg>${date_locator}</arg>
<arg>5s</arg>
<doc>Waits until the element ``locator`` is visible.</doc>
<status status="PASS" start="2026-04-28T12:03:32.194000" elapsed="0.019833"/>
</kw>
<kw name="Wait Until Element Is Visible" owner="SeleniumLibrary">
<arg>${card_locator}</arg>
<arg>5s</arg>
<doc>Waits until the element ``locator`` is visible.</doc>
<status status="PASS" start="2026-04-28T12:03:32.214083" elapsed="0.023034"/>
</kw>
<kw name="Log To Console" owner="BuiltIn">
<arg>${card_name} card visible</arg>
<doc>Logs the given message to the console.</doc>
<status status="PASS" start="2026-04-28T12:03:32.237363" elapsed="0.000934"/>
</kw>
<arg>Last 30 Days</arg>
<arg>${LASTMONTH_CARD}</arg>
<arg>${LASTMONTH_CARD_DATE}</arg>
<status status="PASS" start="2026-04-28T12:03:31.889667" elapsed="0.348789"/>
</kw>
<kw name="Validate Revenue Currency From UI" owner="Common_keywords">
<kw name="Get Text" owner="SeleniumLibrary">
<msg time="2026-04-28T12:03:32.272463" level="INFO">${country} = India</msg>
<var>${country}</var>
<arg>${country_locator}</arg>
<doc>Returns the text value of the element identified by ``locator``.</doc>
<status status="PASS" start="2026-04-28T12:03:32.240636" elapsed="0.031921"/>
</kw>
<kw name="Get Text" owner="SeleniumLibrary">
<msg time="2026-04-28T12:03:32.304019" level="INFO">${revenue} = ₹945,381.00</msg>
<var>${revenue}</var>
<arg>${revenue_locator}</arg>
<doc>Returns the text value of the element identified by ``locator``.</doc>
<status status="PASS" start="2026-04-28T12:03:32.272780" elapsed="0.031307"/>
</kw>
<kw name="Validate Currency By Country" owner="Common_keywords">
<kw name="Strip String" owner="String">
<msg time="2026-04-28T12:03:32.305103" level="INFO">${country} = India</msg>
<var>${country}</var>
<arg>${country}</arg>
<doc>Remove leading and/or trailing whitespaces from the given string.</doc>
<status status="PASS" start="2026-04-28T12:03:32.304867" elapsed="0.000271"/>
</kw>
<kw name="Strip String" owner="String">
<msg time="2026-04-28T12:03:32.305493" level="INFO">${revenue} = ₹945,381.00</msg>
<var>${revenue}</var>
<arg>${revenue}</arg>
<doc>Remove leading and/or trailing whitespaces from the given string.</doc>
<status status="PASS" start="2026-04-28T12:03:32.305287" elapsed="0.000268"/>
</kw>
<kw name="Get From Dictionary" owner="Collections">
<msg time="2026-04-28T12:03:32.305920" level="INFO">${symbol} = ₹</msg>
<var>${symbol}</var>
<arg>${CURRENCY_MAP}</arg>
<arg>${country}</arg>
<doc>Returns a value from the given ``dictionary`` based on the given ``key``.</doc>
<status status="PASS" start="2026-04-28T12:03:32.305685" elapsed="0.000269"/>
</kw>
<kw name="Log To Console" owner="BuiltIn">
<arg>Country: ${country}</arg>
<doc>Logs the given message to the console.</doc>
<status status="PASS" start="2026-04-28T12:03:32.306088" elapsed="0.000904"/>
</kw>
<kw name="Log To Console" owner="BuiltIn">
<arg>Expected Symbol: ${symbol}</arg>
<doc>Logs the given message to the console.</doc>
<status status="PASS" start="2026-04-28T12:03:32.307251" elapsed="0.012303"/>
</kw>
<kw name="Log To Console" owner="BuiltIn">
<arg>Revenue: ${revenue}</arg>
<doc>Logs the given message to the console.</doc>
<status status="PASS" start="2026-04-28T12:03:32.319930" elapsed="0.001580"/>
</kw>
<kw name="Should Start With" owner="BuiltIn">
<arg>${revenue}</arg>
<arg>${symbol}</arg>
<doc>Fails if the string ``str1`` does not start with the string ``str2``.</doc>
<status status="PASS" start="2026-04-28T12:03:32.321756" elapsed="0.000438"/>
</kw>
<kw name="Log To Console" owner="BuiltIn">
<arg>✅ Currency validated</arg>
<doc>Logs the given message to the console.</doc>
<status status="PASS" start="2026-04-28T12:03:32.322374" elapsed="0.000577"/>
</kw>
<arg>${country}</arg>
<arg>${revenue}</arg>
<status status="PASS" start="2026-04-28T12:03:32.304432" elapsed="0.018678"/>
</kw>
<arg>${COUNTRY}</arg>
<arg>${REVENUE_VALUE_LAST_MONTH}</arg>
<status status="PASS" start="2026-04-28T12:03:32.240095" elapsed="0.083100"/>
</kw>
<kw name="Log To Console" owner="BuiltIn">
<arg>Country dropdown and cards verified for India</arg>
<doc>Logs the given message to the console.</doc>
<status status="PASS" start="2026-04-28T12:03:32.324187" elapsed="0.000678"/>
</kw>
<kw name="Select From Dropdown" owner="Common_keywords">
<kw name="Wait Until Element Is Visible" owner="SeleniumLibrary">
<arg>${dropdown_locator}</arg>
<arg>10s</arg>
<doc>Waits until the element ``locator`` is visible.</doc>
<status status="PASS" start="2026-04-28T12:03:32.326456" elapsed="0.032034"/>
</kw>
<kw name="Click Element" owner="SeleniumLibrary">
<msg time="2026-04-28T12:03:32.359248" level="INFO">Clicking element 'xpath=(//div[contains(@class,'relative') and contains(@class,'inline-block')]//div[contains(@class,'gradient-border-gray')])[1]'.</msg>
<arg>${dropdown_locator}</arg>
<doc>Click the element identified by ``locator``.</doc>
<status status="PASS" start="2026-04-28T12:03:32.358790" elapsed="0.120811"/>
</kw>
<kw name="Set Variable" owner="BuiltIn">
<msg time="2026-04-28T12:03:32.480499" level="INFO">${option} = xpath=//div[contains(@class,'z-50')]//span[normalize-space()='United State']/parent::div</msg>
<var>${option}</var>
<arg>xpath=//div[contains(@class,'z-50')]//span[normalize-space()='${option_text}']/parent::div</arg>
<doc>Returns the given values which can then be assigned to a variables.</doc>
<status status="PASS" start="2026-04-28T12:03:32.479873" elapsed="0.000676"/>
</kw>
<kw name="Wait Until Element Is Visible" owner="SeleniumLibrary">
<arg>${option}</arg>
<arg>10s</arg>
<doc>Waits until the element ``locator`` is visible.</doc>
<status status="PASS" start="2026-04-28T12:03:32.480781" elapsed="0.043985"/>
</kw>
<kw name="Click Element" owner="SeleniumLibrary">
<msg time="2026-04-28T12:03:32.525300" level="INFO">Clicking element 'xpath=//div[contains(@class,'z-50')]//span[normalize-space()='United State']/parent::div'.</msg>
<arg>${option}</arg>
<doc>Click the element identified by ``locator``.</doc>
<status status="PASS" start="2026-04-28T12:03:32.525007" elapsed="0.351744"/>
</kw>
<kw name="Log To Console" owner="BuiltIn">
<arg>Selected: ${option_text}</arg>
<doc>Logs the given message to the console.</doc>
<status status="PASS" start="2026-04-28T12:03:32.877021" elapsed="0.000905"/>
</kw>
<arg>${COUNTRY}</arg>
<arg>United State</arg>
<status status="PASS" start="2026-04-28T12:03:32.325903" elapsed="0.552220"/>
</kw>
<kw name="Verify MSC Intelligence popup Open and Close In Dashboard" owner="Common_keywords">
<kw name="Wait Until Page Contains" owner="SeleniumLibrary">
<arg>here are your useful Insights!</arg>
<arg>30s</arg>
<doc>Waits until ``text`` appears on the current page.</doc>
<status status="PASS" start="2026-04-28T12:03:32.880612" elapsed="1.031056"/>
</kw>
<kw name="Wait Until Element Is Visible" owner="SeleniumLibrary">
<arg>${BTN_CLOSE}</arg>
<arg>10s</arg>
<doc>Waits until the element ``locator`` is visible.</doc>
<status status="PASS" start="2026-04-28T12:03:33.912188" elapsed="0.077500"/>
</kw>
<kw name="Click Element" owner="SeleniumLibrary">
<msg time="2026-04-28T12:03:33.990355" level="INFO">Clicking element 'xpath=//*[name()='svg' and contains(@class, 'text-xl')]'.</msg>
<arg>${BTN_CLOSE}</arg>
<doc>Click the element identified by ``locator``.</doc>
<status status="PASS" start="2026-04-28T12:03:33.990047" elapsed="0.235963"/>
</kw>
<kw name="Log To Console" owner="BuiltIn">
<arg>Close button clicked</arg>
<doc>Logs the given message to the console.</doc>
<status status="PASS" start="2026-04-28T12:03:34.226518" elapsed="0.001061"/>
</kw>
<status status="PASS" start="2026-04-28T12:03:32.880040" elapsed="1.347702"/>
</kw>
<kw name="Verify Card Visible" owner="Common_keywords">
<kw name="Scroll Element Into View" owner="SeleniumLibrary">
<arg>${date_locator}</arg>
<doc>Scrolls the element identified by ``locator`` into view.</doc>
<status status="PASS" start="2026-04-28T12:03:34.230455" elapsed="0.335479"/>
</kw>
<kw name="Wait Until Element Is Visible" owner="SeleniumLibrary">
<arg>${date_locator}</arg>
<arg>5s</arg>
<doc>Waits until the element ``locator`` is visible.</doc>
<status status="PASS" start="2026-04-28T12:03:34.566243" elapsed="0.130897"/>
</kw>
<kw name="Wait Until Element Is Visible" owner="SeleniumLibrary">
<arg>${card_locator}</arg>
<arg>5s</arg>
<doc>Waits until the element ``locator`` is visible.</doc>
<status status="PASS" start="2026-04-28T12:03:34.697492" elapsed="0.030587"/>
</kw>
<kw name="Log To Console" owner="BuiltIn">
<arg>${card_name} card visible</arg>
<doc>Logs the given message to the console.</doc>
<status status="PASS" start="2026-04-28T12:03:34.728288" elapsed="0.000664"/>
</kw>
<arg>Today</arg>
<arg>${TODAY_CARD}</arg>
<arg>${TODAY_CARD_DATE}</arg>
<status status="PASS" start="2026-04-28T12:03:34.229796" elapsed="0.499284"/>
</kw>
<kw name="Validate Revenue Currency From UI" owner="Common_keywords">
<kw name="Get Text" owner="SeleniumLibrary">
<msg time="2026-04-28T12:03:34.774709" level="INFO">${country} = United State</msg>
<var>${country}</var>
<arg>${country_locator}</arg>
<doc>Returns the text value of the element identified by ``locator``.</doc>
<status status="PASS" start="2026-04-28T12:03:34.731361" elapsed="0.043415"/>
</kw>
<kw name="Get Text" owner="SeleniumLibrary">
<msg time="2026-04-28T12:03:34.806117" level="INFO">${revenue} = $280.62</msg>
<var>${revenue}</var>
<arg>${revenue_locator}</arg>
<doc>Returns the text value of the element identified by ``locator``.</doc>
<status status="PASS" start="2026-04-28T12:03:34.775037" elapsed="0.031142"/>
</kw>
<kw name="Validate Currency By Country" owner="Common_keywords">
<kw name="Strip String" owner="String">
<msg time="2026-04-28T12:03:34.807293" level="INFO">${country} = United State</msg>
<var>${country}</var>
<arg>${country}</arg>
<doc>Remove leading and/or trailing whitespaces from the given string.</doc>
<status status="PASS" start="2026-04-28T12:03:34.807024" elapsed="0.000312"/>
</kw>
<kw name="Strip String" owner="String">
<msg time="2026-04-28T12:03:34.807823" level="INFO">${revenue} = $280.62</msg>
<var>${revenue}</var>
<arg>${revenue}</arg>
<doc>Remove leading and/or trailing whitespaces from the given string.</doc>
<status status="PASS" start="2026-04-28T12:03:34.807536" elapsed="0.000370"/>
</kw>
<kw name="Get From Dictionary" owner="Collections">
<msg time="2026-04-28T12:03:34.808447" level="INFO">${symbol} = $</msg>
<var>${symbol}</var>
<arg>${CURRENCY_MAP}</arg>
[...]
<arg>${VIEW_SKU_WISE_DROPDOWN_BUTTON}</arg>
<doc>Click the element identified by ``locator``.</doc>
<status status="PASS" start="2026-04-28T12:03:40.154836" elapsed="0.065336"/>
</kw>
<kw name="Log To Console" owner="BuiltIn">
<arg>View SKU Wise dropdown button visible</arg>
<doc>Logs the given message to the console.</doc>
<status status="PASS" start="2026-04-28T12:03:40.220561" elapsed="0.000660"/>
</kw>
<kw name="Wait Until Page Contains" owner="SeleniumLibrary">
<arg>Monitor the exceptional performance of the Top 5 SKUs</arg>
<arg>10s</arg>
<doc>Waits until ``text`` appears on the current page.</doc>
<status status="PASS" start="2026-04-28T12:03:40.221433" elapsed="0.457693"/>
</kw>
<kw name="Log To Console" owner="BuiltIn">
<arg>SKU Wise text visible</arg>
<doc>Logs the given message to the console.</doc>
<status status="PASS" start="2026-04-28T12:03:40.679506" elapsed="0.000619"/>
</kw>
<kw name="Scroll Element Into View" owner="SeleniumLibrary">
<arg>${SKU_TODAY_TOP_HEADER}</arg>
<doc>Scrolls the element identified by ``locator`` into view.</doc>
<status status="PASS" start="2026-04-28T12:03:40.680340" elapsed="0.293233"/>
</kw>
<kw name="Wait Until Element Is Visible" owner="SeleniumLibrary">
<arg>${SKU_TODAY_TOP_HEADER}</arg>
<arg>10s</arg>
<doc>Waits until the element ``locator`` is visible.</doc>
<status status="PASS" start="2026-04-28T12:03:40.973801" elapsed="0.021505"/>
</kw>
<kw name="Scroll Element Into View" owner="SeleniumLibrary">
<arg>${SKU_TODAY_TABLE}</arg>
<doc>Scrolls the element identified by ``locator`` into view.</doc>
<status status="PASS" start="2026-04-28T12:03:40.995540" elapsed="0.303407"/>
</kw>
<kw name="Wait Until Element Is Visible" owner="SeleniumLibrary">
<arg>${SKU_TODAY_TABLE}</arg>
<arg>5s</arg>
<doc>Waits until the element ``locator`` is visible.</doc>
<status status="PASS" start="2026-04-28T12:03:41.299144" elapsed="0.021800"/>
</kw>
<kw name="Wait Until Element Is Visible" owner="SeleniumLibrary">
<arg>${SKU_YESTERDAY_TOP_HEADER}</arg>
<arg>1s</arg>
<doc>Waits until the element ``locator`` is visible.</doc>
<status status="PASS" start="2026-04-28T12:03:41.321149" elapsed="0.018867"/>
</kw>
<kw name="Wait Until Element Is Visible" owner="SeleniumLibrary">
<arg>${SKU_YESTERDAY_TABLE}</arg>
<arg>1s</arg>
<doc>Waits until the element ``locator`` is visible.</doc>
<status status="PASS" start="2026-04-28T12:03:41.340216" elapsed="0.018537"/>
</kw>
<kw name="Wait Until Element Is Visible" owner="SeleniumLibrary">
<arg>${SKU_LAST7DAYS_TOP_HEADER}</arg>
<arg>1s</arg>
<doc>Waits until the element ``locator`` is visible.</doc>
<status status="PASS" start="2026-04-28T12:03:41.358999" elapsed="0.018778"/>
</kw>
<kw name="Wait Until Element Is Visible" owner="SeleniumLibrary">
<arg>${SKU_LAST7DAYS_TABLE}</arg>
<arg>1s</arg>
<doc>Waits until the element ``locator`` is visible.</doc>
<status status="PASS" start="2026-04-28T12:03:41.378004" elapsed="0.020018"/>
</kw>
<kw name="Wait Until Element Is Visible" owner="SeleniumLibrary">
<arg>${SKU_LASTMONTH_TOP_HEADER}</arg>
<arg>1s</arg>
<doc>Waits until the element ``locator`` is visible.</doc>
<status status="PASS" start="2026-04-28T12:03:41.398228" elapsed="0.019798"/>
</kw>
<kw name="Wait Until Element Is Visible" owner="SeleniumLibrary">
<arg>${SKU_LASTMONTH_TABLE}</arg>
<arg>1s</arg>
<doc>Waits until the element ``locator`` is visible.</doc>
<status status="PASS" start="2026-04-28T12:03:41.418326" elapsed="0.021706"/>
</kw>
<kw name="Log To Console" owner="BuiltIn">
<arg>SKU Wise headers visible</arg>
<doc>Logs the given message to the console.</doc>
<status status="PASS" start="2026-04-28T12:03:41.440235" elapsed="0.012524"/>
</kw>
<kw name="Wait Until Page Contains Element" owner="SeleniumLibrary">
<arg>${HIDE_SKU_WISE_BTN}</arg>
<arg>15s</arg>
<doc>Waits until the element ``locator`` appears on the current page.</doc>
<status status="PASS" start="2026-04-28T12:03:41.453273" elapsed="0.016173"/>
</kw>
<kw name="Scroll Element Into View" owner="SeleniumLibrary">
<arg>${HIDE_SKU_WISE_BTN}</arg>
<doc>Scrolls the element identified by ``locator`` into view.</doc>
<status status="PASS" start="2026-04-28T12:03:41.469677" elapsed="0.280036"/>
</kw>
<kw name="Click Element" owner="SeleniumLibrary">
<msg time="2026-04-28T12:03:41.750196" level="INFO">Clicking element 'xpath=//button[.//span[normalize-space()='Hide SKU Wise']]'.</msg>
<arg>${HIDE_SKU_WISE_BTN}</arg>
<doc>Click the element identified by ``locator``.</doc>
<status status="PASS" start="2026-04-28T12:03:41.749936" elapsed="0.063464"/>
</kw>
<kw name="Log To Console" owner="BuiltIn">
<arg>Hide SKU Wise button clicked</arg>
<doc>Logs the given message to the console.</doc>
<status status="PASS" start="2026-04-28T12:03:41.813627" elapsed="0.000606"/>
</kw>
<status status="PASS" start="2026-04-28T12:03:40.136196" elapsed="1.678172"/>
</kw>
<kw name="Validate Graph" owner="Common_keywords">
<kw name="Scroll Element Into View" owner="SeleniumLibrary">
<arg>${locator}</arg>
<doc>Scrolls the element identified by ``locator`` into view.</doc>
<status status="PASS" start="2026-04-28T12:03:41.816648" elapsed="0.294521"/>
</kw>
<kw name="Wait Until Element Is Visible" owner="SeleniumLibrary">
<arg>${locator}</arg>
<arg>${timeout}</arg>
<doc>Waits until the element ``locator`` is visible.</doc>
<status status="PASS" start="2026-04-28T12:03:42.111350" elapsed="0.030533"/>
</kw>
<kw name="Log To Console" owner="BuiltIn">
<arg>${label} graph visible</arg>
<doc>Logs the given message to the console.</doc>
<status status="PASS" start="2026-04-28T12:03:42.142115" elapsed="0.000723"/>
</kw>
<arg>${UNITS_SOLD_PER_HOUR_GRAPH}</arg>
<arg>Units Sold Per Hour</arg>
<status status="PASS" start="2026-04-28T12:03:41.816075" elapsed="0.326904"/>
</kw>
<kw name="Validate Graph" owner="Common_keywords">
<kw name="Scroll Element Into View" owner="SeleniumLibrary">
<arg>${locator}</arg>
<doc>Scrolls the element identified by ``locator`` into view.</doc>
<status status="PASS" start="2026-04-28T12:03:42.144598" elapsed="0.310016"/>
</kw>
<kw name="Wait Until Element Is Visible" owner="SeleniumLibrary">
<arg>${locator}</arg>
<arg>${timeout}</arg>
<doc>Waits until the element ``locator`` is visible.</doc>
<status status="PASS" start="2026-04-28T12:03:42.454852" elapsed="0.024901"/>
</kw>
<kw name="Log To Console" owner="BuiltIn">
<arg>${label} graph visible</arg>
<doc>Logs the given message to the console.</doc>
<status status="PASS" start="2026-04-28T12:03:42.479997" elapsed="0.001005"/>
</kw>
<arg>${REVENUE_PER_HOUR_GRAPH}</arg>
<arg>Revenue Per Hour</arg>
<status status="PASS" start="2026-04-28T12:03:42.144148" elapsed="0.337239"/>
</kw>
<kw name="Validate Graph" owner="Common_keywords">
<kw name="Scroll Element Into View" owner="SeleniumLibrary">
<arg>${locator}</arg>
<doc>Scrolls the element identified by ``locator`` into view.</doc>
<status status="PASS" start="2026-04-28T12:03:42.484710" elapsed="0.326737"/>
</kw>
<kw name="Wait Until Element Is Visible" owner="SeleniumLibrary">
<arg>${locator}</arg>
<arg>${timeout}</arg>
<doc>Waits until the element ``locator`` is visible.</doc>
<status status="PASS" start="2026-04-28T12:03:42.811714" elapsed="0.036587"/>
</kw>
<kw name="Log To Console" owner="BuiltIn">
<arg>${label} graph visible</arg>
<doc>Logs the given message to the console.</doc>
<status status="PASS" start="2026-04-28T12:03:42.848890" elapsed="0.001496"/>
</kw>
<arg>${REVENUE_REPORT}</arg>
<arg>Revenue Report</arg>
<status status="PASS" start="2026-04-28T12:03:42.483645" elapsed="0.367265"/>
</kw>
<kw name="Validate Tables" owner="Common_keywords">
<kw name="Scroll Element Into View" owner="SeleniumLibrary">
<arg>${locator}</arg>
<doc>Scrolls the element identified by ``locator`` into view.</doc>
<status status="PASS" start="2026-04-28T12:03:42.853732" elapsed="0.311711"/>
</kw>
<kw name="Wait Until Element Is Visible" owner="SeleniumLibrary">
<arg>${locator}</arg>
<arg>${timeout}</arg>
<doc>Waits until the element ``locator`` is visible.</doc>
<status status="PASS" start="2026-04-28T12:03:43.165937" elapsed="0.113986"/>
</kw>
<kw name="Log To Console" owner="BuiltIn">
<arg>${label} table visible</arg>
<doc>Logs the given message to the console.</doc>
<status status="PASS" start="2026-04-28T12:03:43.280441" elapsed="0.001657"/>
</kw>
<arg>${SKU_WISE_REPORT}</arg>
<arg>SKU Wise Report visible</arg>
<status status="PASS" start="2026-04-28T12:03:42.852783" elapsed="0.429951"/>
</kw>
<kw name="Validate Graph" owner="Common_keywords">
<kw name="Scroll Element Into View" owner="SeleniumLibrary">
<arg>${locator}</arg>
<doc>Scrolls the element identified by ``locator`` into view.</doc>
<status status="PASS" start="2026-04-28T12:03:43.287346" elapsed="0.311924"/>
</kw>
<kw name="Wait Until Element Is Visible" owner="SeleniumLibrary">
<arg>${locator}</arg>
<arg>${timeout}</arg>
<doc>Waits until the element ``locator`` is visible.</doc>
<status status="PASS" start="2026-04-28T12:03:43.599509" elapsed="0.024460"/>
</kw>
<kw name="Log To Console" owner="BuiltIn">
<arg>${label} graph visible</arg>
<doc>Logs the given message to the console.</doc>
<status status="PASS" start="2026-04-28T12:03:43.624167" elapsed="0.000788"/>
</kw>
<arg>${CATEGORY_WISE_SALES_REPORT}</arg>
<arg>Category Wise Sales Contribution</arg>
<status status="PASS" start="2026-04-28T12:03:43.285569" elapsed="0.339673"/>
</kw>
<kw name="Validate Graph" owner="Common_keywords">
<kw name="Scroll Element Into View" owner="SeleniumLibrary">
<arg>${locator}</arg>
<doc>Scrolls the element identified by ``locator`` into view.</doc>
<status status="PASS" start="2026-04-28T12:03:43.626897" elapsed="0.309710"/>
</kw>
<kw name="Wait Until Element Is Visible" owner="SeleniumLibrary">
<arg>${locator}</arg>
<arg>${timeout}</arg>
<doc>Waits until the element ``locator`` is visible.</doc>
<status status="PASS" start="2026-04-28T12:03:43.936804" elapsed="0.022018"/>
</kw>
<kw name="Log To Console" owner="BuiltIn">
<arg>${label} graph visible</arg>
<doc>Logs the given message to the console.</doc>
<status status="PASS" start="2026-04-28T12:03:43.959030" elapsed="0.000615"/>
</kw>
<arg>${MAIN_CATEGORY_RANKING_GRAPH}</arg>
<arg>Main Category Ranking</arg>
<status status="PASS" start="2026-04-28T12:03:43.626409" elapsed="0.333408"/>
</kw>
<kw name="Asc And Desc Toggle" owner="Common_keywords">
<kw name="Wait Until Element Is Visible" owner="SeleniumLibrary">
<arg>${locator}</arg>
<arg>10s</arg>
<doc>Waits until the element ``locator`` is visible.</doc>
<status status="PASS" start="2026-04-28T12:03:43.961748" elapsed="0.026663"/>
</kw>
<kw name="Click Element" owner="SeleniumLibrary">
<msg time="2026-04-28T12:03:43.988949" level="INFO">Clicking element 'xpath=//span[normalize-space()='Main Category Ranking']/ancestor::div[contains(@class,'chart-bg')]/preceding::input[@role='switch'][1]'.</msg>
<arg>${locator}</arg>
<doc>Click the element identified by ``locator``.</doc>
<status status="PASS" start="2026-04-28T12:03:43.988691" elapsed="0.207639"/>
</kw>
<kw name="Log To Console" owner="BuiltIn">
<arg>${mgs}Category Toggle Clicked</arg>
<doc>Logs the given message to the console.</doc>
<status status="PASS" start="2026-04-28T12:03:44.196577" elapsed="0.001450"/>
</kw>
<kw name="Wait Until Element Is Visible" owner="SeleniumLibrary">
<arg>${main_category_ranking_graph}</arg>
<arg>10s</arg>
<doc>Waits until the element ``locator`` is visible.</doc>
<status status="PASS" start="2026-04-28T12:03:44.198726" elapsed="0.059538"/>
</kw>
<kw name="Log To Console" owner="BuiltIn">
<arg>Category Ranking graph visible after toggle</arg>
<doc>Logs the given message to the console.</doc>
<status status="PASS" start="2026-04-28T12:03:44.258510" elapsed="0.000656"/>
</kw>
<arg>${MAIN_CATEGORY_TOGGLE}</arg>
<arg>main</arg>
<arg>${MAIN_CATEGORY_RANKING_GRAPH}</arg>
<status status="PASS" start="2026-04-28T12:03:43.961259" elapsed="0.298173"/>
</kw>
<kw name="Validate Graph" owner="Common_keywords">
<kw name="Scroll Element Into View" owner="SeleniumLibrary">
<arg>${locator}</arg>
<doc>Scrolls the element identified by ``locator`` into view.</doc>
<status status="PASS" start="2026-04-28T12:03:44.261711" elapsed="0.310920"/>
</kw>
<kw name="Wait Until Element Is Visible" owner="SeleniumLibrary">
<arg>${locator}</arg>
<arg>${timeout}</arg>
<doc>Waits until the element ``locator`` is visible.</doc>
<status status="PASS" start="2026-04-28T12:03:44.572934" elapsed="0.035281"/>
</kw>
<kw name="Log To Console" owner="BuiltIn">
<arg>${label} graph visible</arg>
<doc>Logs the given message to the console.</doc>
<status status="PASS" start="2026-04-28T12:03:44.608485" elapsed="0.000773"/>
</kw>
<arg>${SUB_CATEGORY_RANKING_GRAPH}</arg>
<arg>Sub Category Ranking Graph</arg>
<status status="PASS" start="2026-04-28T12:03:44.261156" elapsed="0.348252"/>
</kw>
<kw name="Asc And Desc Toggle" owner="Common_keywords">
<kw name="Wait Until Element Is Visible" owner="SeleniumLibrary">
<arg>${locator}</arg>
<arg>10s</arg>
<doc>Waits until the element ``locator`` is visible.</doc>
<status status="PASS" start="2026-04-28T12:03:44.611458" elapsed="0.049862"/>
</kw>
<kw name="Click Element" owner="SeleniumLibrary">
<msg time="2026-04-28T12:03:44.661937" level="INFO">Clicking element 'xpath=//span[normalize-space()='Sub Category Ranking'] /ancestor::div[contains(@class,'chart-bg')] /preceding::input[@role='switch'][1]'.</msg>
<arg>${locator}</arg>
<doc>Click the element identified by ``locator``.</doc>
<status status="PASS" start="2026-04-28T12:03:44.661585" elapsed="0.245020"/>
</kw>
<kw name="Log To Console" owner="BuiltIn">
<arg>${mgs}Category Toggle Clicked</arg>
<doc>Logs the given message to the console.</doc>
<status status="PASS" start="2026-04-28T12:03:44.906922" elapsed="0.000939"/>
</kw>
<kw name="Wait Until Element Is Visible" owner="SeleniumLibrary">
<arg>${main_category_ranking_graph}</arg>
<arg>10s</arg>
<doc>Waits until the element ``locator`` is visible.</doc>
<status status="PASS" start="2026-04-28T12:03:44.908219" elapsed="0.215577"/>
</kw>
<kw name="Log To Console" owner="BuiltIn">
<arg>Category Ranking graph visible after toggle</arg>
<doc>Logs the given message to the console.</doc>
<status status="PASS" start="2026-04-28T12:03:45.124058" elapsed="0.000943"/>
</kw>
<arg>${SUB_CATEGORY_TOGGLE}</arg>
<arg>sub</arg>
<arg>${SUB_CATEGORY_RANKING_GRAPH}</arg>
<status status="PASS" start="2026-04-28T12:03:44.610819" elapsed="0.514434"/>
</kw>
<kw name="Validate Graph" owner="Common_keywords">
<kw name="Scroll Element Into View" owner="SeleniumLibrary">
<arg>${locator}</arg>
<doc>Scrolls the element identified by ``locator`` into view.</doc>
<status status="PASS" start="2026-04-28T12:03:45.126546" elapsed="0.654342"/>
</kw>
<kw name="Wait Until Element Is Visible" owner="SeleniumLibrary">
<arg>${locator}</arg>
<arg>${timeout}</arg>
<doc>Waits until the element ``locator`` is visible.</doc>
<status status="PASS" start="2026-04-28T12:03:45.781427" elapsed="0.045026"/>
</kw>
<kw name="Log To Console" owner="BuiltIn">
<arg>${label} graph visible</arg>
<doc>Logs the given message to the console.</doc>
<status status="PASS" start="2026-04-28T12:03:45.826872" elapsed="0.001232"/>
</kw>
<arg>${PRODUCT_LISTING_STATUS_GRAPH}</arg>
<arg>Product Listing Status</arg>
<status status="PASS" start="2026-04-28T12:03:45.126016" elapsed="0.702308"/>
</kw>
<kw name="Validate Graph" owner="Common_keywords">
<kw name="Scroll Element Into View" owner="SeleniumLibrary">
<arg>${locator}</arg>
<doc>Scrolls the element identified by ``locator`` into view.</doc>
<status status="PASS" start="2026-04-28T12:03:45.830590" elapsed="0.325286"/>
</kw>
<kw name="Wait Until Element Is Visible" owner="SeleniumLibrary">
<arg>${locator}</arg>
<arg>${timeout}</arg>
<doc>Waits until the element ``locator`` is visible.</doc>
<status status="PASS" start="2026-04-28T12:03:46.156119" elapsed="0.038571"/>
</kw>
<kw name="Log To Console" owner="BuiltIn">
<arg>${label} graph visible</arg>
<doc>Logs the given message to the console.</doc>
<status status="PASS" start="2026-04-28T12:03:46.194934" elapsed="0.000985"/>
</kw>
<arg>${ACCOUNT_HEALTH_GRAPH}</arg>
<arg>Account health</arg>
<status status="PASS" start="2026-04-28T12:03:45.829896" elapsed="0.366160"/>
</kw>
<kw name="Validate Cards" owner="Common_keywords">
<kw name="Scroll Element Into View" owner="SeleniumLibrary">
<arg>${locator}</arg>
<doc>Scrolls the element identified by ``locator`` into view.</doc>
<status status="PASS" start="2026-04-28T12:03:46.198804" elapsed="0.309576"/>
</kw>
<kw name="Wait Until Element Is Visible" owner="SeleniumLibrary">
<arg>${locator}</arg>
<arg>${timeout}</arg>
<doc>Waits until the element ``locator`` is visible.</doc>
<status status="PASS" start="2026-04-28T12:03:46.508812" elapsed="0.048677"/>
</kw>
<kw name="Log To Console" owner="BuiltIn">
<arg>${label} Card visible</arg>
<doc>Logs the given message to the console.</doc>
<status status="PASS" start="2026-04-28T12:03:46.557850" elapsed="0.001158"/>
</kw>
<arg>${SHIPPING_PERFORMANCE_CARD}</arg>
<arg>shipping Performance</arg>
<status status="PASS" start="2026-04-28T12:03:46.197939" elapsed="0.361433"/>
</kw>
<kw name="Validate Tables" owner="Common_keywords">
<kw name="Scroll Element Into View" owner="SeleniumLibrary">
<arg>${locator}</arg>
<doc>Scrolls the element identified by ``locator`` into view.</doc>
<status status="PASS" start="2026-04-28T12:03:46.562344" elapsed="0.336018"/>
</kw>
<kw name="Wait Until Element Is Visible" owner="SeleniumLibrary">
<arg>${locator}</arg>
<arg>${timeout}</arg>
<doc>Waits until the element ``locator`` is visible.</doc>
<status status="PASS" start="2026-04-28T12:03:46.898578" elapsed="0.022868"/>
</kw>
<kw name="Log To Console" owner="BuiltIn">
<arg>${label} table visible</arg>
<doc>Logs the given message to the console.</doc>
<status status="PASS" start="2026-04-28T12:03:46.921654" elapsed="0.000754"/>
</kw>
<arg>${CUSTOMER_SERVICE_PERFORMANCE_CARD}</arg>
<arg>Customer Service Performance</arg>
<status status="PASS" start="2026-04-28T12:03:46.561265" elapsed="0.361301"/>
</kw>
<kw name="Validate Graph" owner="Common_keywords">
<kw name="Scroll Element Into View" owner="SeleniumLibrary">
<arg>${locator}</arg>
<doc>Scrolls the element identified by ``locator`` into view.</doc>
<status status="PASS" start="2026-04-28T12:03:46.924271" elapsed="0.293766"/>
</kw>
<kw name="Wait Until Element Is Visible" owner="SeleniumLibrary">
<arg>${locator}</arg>
<arg>${timeout}</arg>
<doc>Waits until the element ``locator`` is visible.</doc>
<status status="PASS" start="2026-04-28T12:03:47.218232" elapsed="0.021415"/>
</kw>
<kw name="Log To Console" owner="BuiltIn">
<arg>${label} graph visible</arg>
<doc>Logs the given message to the console.</doc>
<status status="PASS" start="2026-04-28T12:03:47.239864" elapsed="0.000681"/>
</kw>
<arg>${POLICY_COMPLIANCE_CARD}</arg>
<arg>Policy Compliance</arg>
<status status="PASS" start="2026-04-28T12:03:46.923857" elapsed="0.316861"/>
</kw>
<kw name="Log To Console" owner="BuiltIn">
<arg>All dashboard cards verified successfully</arg>
<doc>Logs the given message to the console.</doc>
<status status="PASS" start="2026-04-28T12:03:47.241744" elapsed="0.000696"/>
</kw>
<doc>Validate all dashboard graphs, tables, and performance cards including
SKU reports, revenue graphs, category ranking, account health, and compliance.</doc>
<status status="PASS" start="2026-04-28T12:03:40.135187" elapsed="7.108798"/>
</test>
<kw name="Close Browser" owner="SeleniumLibrary" type="TEARDOWN">
<doc>Closes the current browser.</doc>
<status status="PASS" start="2026-04-28T12:03:47.245521" elapsed="2.535620"/>
</kw>
<status status="PASS" start="2026-04-28T12:02:16.131038" elapsed="93.650229"/>
</suite>
<statistics>
<total>
<stat pass="5" fail="0" skip="0">All Tests</stat>
</total>
<tag>
</tag>
<suite>
<stat name="Dashboard" id="s1" pass="5" fail="0" skip="0">Dashboard</stat>
</suite>
</statistics>
<errors>
</errors>
</robot>
