<?xml version="1.0" encoding="UTF-8"?>
<robot generator="Robot 7.4.2 (Python 3.15.0b4 on win32)" generated="2026-07-27T21:33:59.302601" rpa="false" schemaversion="5">
<suite id="s1" name="Home" source="E:\selenium project\MS_Dashboard_Automation_.IN\Home\Home.robot">
<kw name="Run Keywords" owner="BuiltIn" type="SETUP">
<kw name="Set Screenshot Directory" owner="SeleniumLibrary">
<arg>../screenshots</arg>
<doc>Sets the directory for captured screenshots.</doc>
<status status="PASS" start="2026-07-27T21:34:08.753823" elapsed="0.000432"/>
</kw>
<kw name="Login Setup" owner="Common_keywords">
<kw name="Open Application" owner="Common_keywords">
<kw name="Log To Console" owner="BuiltIn">
<arg>Opening application: ${url}</arg>
<doc>Logs the given message to the console.</doc>
<status status="PASS" start="2026-07-27T21:34:08.776976" elapsed="0.000673"/>
</kw>
<kw name="Open Browser" owner="SeleniumLibrary">
<msg time="2026-07-27T21:34:08.778546" level="INFO">Opening browser 'chrome' to base url 'https://dashboard.mysellercentral.com/sign-in'.</msg>
<arg>${url}</arg>
<arg>chrome</arg>
<doc>Opens a new browser instance to the optional ``url``.</doc>
<status status="PASS" start="2026-07-27T21:34:08.778017" elapsed="63.986942"/>
</kw>
<kw name="Maximize Browser Window" owner="SeleniumLibrary">
<doc>Maximizes current browser window.</doc>
<status status="PASS" start="2026-07-27T21:35:12.765688" elapsed="0.114476"/>
</kw>
<kw name="Set Selenium Implicit Wait" owner="SeleniumLibrary">
<arg>10s</arg>
<doc>Sets the implicit wait value used by Selenium.</doc>
<status status="PASS" start="2026-07-27T21:35:12.880569" elapsed="0.014525"/>
</kw>
<kw name="Wait Until Element Is Visible" owner="SeleniumLibrary">
<arg>${PAGE_HEADING}</arg>
<arg>10s</arg>
<doc>Waits until the element ``locator`` is visible.</doc>
<status status="PASS" start="2026-07-27T21:35:12.895807" elapsed="0.065848"/>
</kw>
<kw name="Log To Console" owner="BuiltIn">
<arg>Application opened successfully.</arg>
<doc>Logs the given message to the console.</doc>
<status status="PASS" start="2026-07-27T21:35:12.962717" elapsed="0.001751"/>
</kw>
<arg>${url}</arg>
<status status="PASS" start="2026-07-27T21:34:08.776563" elapsed="64.188353"/>
</kw>
<kw name="Enter Login Credentials And Submit" owner="Common_keywords">
<kw name="Wait Until Element Is Visible" owner="SeleniumLibrary">
<arg>${EMAIL_INPUT}</arg>
<arg>10s</arg>
<doc>Waits until the element ``locator`` is visible.</doc>
<status status="PASS" start="2026-07-27T21:35:12.966330" elapsed="0.052574"/>
</kw>
<kw name="Input Text" owner="SeleniumLibrary">
<msg time="2026-07-27T21:35:13.020324" level="INFO">Typing text 'ketan.bhagwate@gmail.com' into text field 'xpath=//input[@type='email']'.</msg>
<arg>${EMAIL_INPUT}</arg>
<arg>${email}</arg>
<doc>Types the given ``text`` into the text field identified by ``locator``.</doc>
<status status="PASS" start="2026-07-27T21:35:13.019394" elapsed="0.331010"/>
</kw>
<kw name="Wait Until Element Is Visible" owner="SeleniumLibrary">
<arg>${PASSWORD_INPUT}</arg>
<arg>10s</arg>
<doc>Waits until the element ``locator`` is visible.</doc>
<status status="PASS" start="2026-07-27T21:35:13.350739" elapsed="0.036443"/>
</kw>
<kw name="Input Text" owner="SeleniumLibrary">
<msg time="2026-07-27T21:35:13.388125" level="INFO">Typing text '++Pass@123' into text field 'xpath=//input[@type='password']'.</msg>
<arg>${PASSWORD_INPUT}</arg>
<arg>${password}</arg>
<doc>Types the given ``text`` into the text field identified by ``locator``.</doc>
<status status="PASS" start="2026-07-27T21:35:13.387496" elapsed="0.242068"/>
</kw>
<kw name="Wait Until Element Is Not Visible" owner="SeleniumLibrary">
<arg>id=preloader</arg>
<arg>20s</arg>
<doc>Waits until the element ``locator`` is not visible.</doc>
<status status="PASS" start="2026-07-27T21:35:13.629852" elapsed="0.033842"/>
</kw>
<kw name="Wait Until Element Is Enabled" owner="SeleniumLibrary">
<arg>${CONTINUE_BTN}</arg>
<arg>10s</arg>
<doc>Waits until the element ``locator`` is enabled.</doc>
<status status="PASS" start="2026-07-27T21:35:13.664024" elapsed="0.049225"/>
</kw>
<kw name="Click Element" owner="SeleniumLibrary">
<msg time="2026-07-27T21:35:13.714025" level="INFO">Clicking element 'xpath=//button[normalize-space()='Continue']'.</msg>
<arg>${CONTINUE_BTN}</arg>
<doc>Click the element identified by ``locator``.</doc>
<status status="PASS" start="2026-07-27T21:35:13.713568" elapsed="0.142774"/>
</kw>
<kw name="Log To Console" owner="BuiltIn">
<arg>Clicked on Continue button.</arg>
<doc>Logs the given message to the console.</doc>
<status status="PASS" start="2026-07-27T21:35:13.856906" elapsed="0.001425"/>
</kw>
<kw name="Wait Until Page Contains" owner="SeleniumLibrary">
<arg>Login Success</arg>
<arg>10s</arg>
<doc>Waits until ``text`` appears on the current page.</doc>
<status status="PASS" start="2026-07-27T21:35:13.858896" elapsed="2.091308"/>
</kw>
<kw name="Log To Console" owner="BuiltIn">
<arg>Login successful for user: ${email}</arg>
<doc>Logs the given message to the console.</doc>
<status status="PASS" start="2026-07-27T21:35:15.950562" elapsed="0.000961"/>
</kw>
<arg>${email}</arg>
<arg>${password}</arg>
<status status="PASS" start="2026-07-27T21:35:12.965493" elapsed="2.986324"/>
</kw>
<arg>https://dashboard.mysellercentral.com/sign-in</arg>
<arg>ketan.bhagwate@gmail.com</arg>
<arg>++Pass@123</arg>
<status status="PASS" start="2026-07-27T21:34:08.775934" elapsed="67.176067"/>
</kw>
<arg>Set Screenshot Directory</arg>
<arg>../screenshots</arg>
<arg>AND</arg>
<arg>Login Setup</arg>
<arg>https://dashboard.mysellercentral.com/sign-in</arg>
<arg>ketan.bhagwate@gmail.com</arg>
<arg>++Pass@123</arg>
<doc>Executes all the given keywords in a sequence.</doc>
<status status="PASS" start="2026-07-27T21:34:08.739237" elapsed="67.212896"/>
</kw>
<test id="s1-t1" name="1.Verify Login ,Verify Dashboard,Verify MSC Intelligence" line="15">
<kw name="Verify Dashboard Redirection" owner="Common_keywords">
<kw name="Wait Until Page Contains" owner="SeleniumLibrary">
<arg>${page_title}</arg>
<arg>10s</arg>
<doc>Waits until ``text`` appears on the current page.</doc>
<status status="PASS" start="2026-07-27T21:35:15.954041" elapsed="3.868895"/>
</kw>
<kw name="Wait Until Page Contains" owner="SeleniumLibrary">
<arg>${page_description}</arg>
<arg>5s</arg>
<doc>Waits until ``text`` appears on the current page.</doc>
<status status="PASS" start="2026-07-27T21:35:19.823401" elapsed="1.229029"/>
</kw>
<kw name="Log To Console" owner="BuiltIn">
<arg>User logged in successfully. Dashboard loaded successfully.</arg>
<doc>Logs the given message to the console.</doc>
<status status="PASS" start="2026-07-27T21:35:21.052803" elapsed="0.000850"/>
</kw>
<arg>Home</arg>
<arg>Unlock sophisticated insights into sales, returns and orders via our dynamic table interface</arg>
<status status="PASS" start="2026-07-27T21:35:15.953524" elapsed="5.100365"/>
</kw>
<kw name="Verify Page Load" owner="Common_keywords">
<kw name="Wait Until Keyword Succeeds" owner="BuiltIn">
<kw name="Run Keywords" owner="BuiltIn">
<kw name="Page Should Not Contain Element" owner="SeleniumLibrary">
<msg time="2026-07-27T21:35:22.025002" level="INFO" html="true">&lt;/td&gt;&lt;/tr&gt;&lt;tr&gt;&lt;td colspan="3"&gt;&lt;a href="../screenshots/selenium-screenshot-111.png"&gt;&lt;img src="../screenshots/selenium-screenshot-111.png" width="800px"&gt;&lt;/a&gt;</msg>
<msg time="2026-07-27T21:35:22.025626" level="FAIL">Page should not have contained element 'xpath=//*[contains(@class,'skeleton') or contains(@class,'shimmer')]'.</msg>
<arg>${SKELETON_ELEMENTS}</arg>
<doc>Verifies that element ``locator`` is not found on the current page.</doc>
<status status="FAIL" start="2026-07-27T21:35:21.156214" elapsed="1.228102">Page should not have contained element 'xpath=//*[contains(@class,'skeleton') or contains(@class,'shimmer')]'.</status>
</kw>
<arg>Page Should Not Contain Element</arg>
<arg>${SKELETON_ELEMENTS}</arg>
<arg>AND</arg>
<arg>Page Should Contain Element</arg>
<arg>${CHART_ELEMENTS}</arg>
<doc>Executes all the given keywords in a sequence.</doc>
<status status="FAIL" start="2026-07-27T21:35:21.155102" elapsed="1.329645">Page should not have contained element 'xpath=//*[contains(@class,'skeleton') or contains(@class,'shimmer')]'.</status>
</kw>
<kw name="Run Keywords" owner="BuiltIn">
<kw name="Page Should Not Contain Element" owner="SeleniumLibrary">
<msg time="2026-07-27T21:35:24.663068" level="INFO" html="true">&lt;/td&gt;&lt;/tr&gt;&lt;tr&gt;&lt;td colspan="3"&gt;&lt;a href="../screenshots/selenium-screenshot-112.png"&gt;&lt;img src="../screenshots/selenium-screenshot-112.png" width="800px"&gt;&lt;/a&gt;</msg>
<msg time="2026-07-27T21:35:24.663399" level="FAIL">Page should not have contained element 'xpath=//*[contains(@class,'skeleton') or contains(@class,'shimmer')]'.</msg>
<arg>${SKELETON_ELEMENTS}</arg>
<doc>Verifies that element ``locator`` is not found on the current page.</doc>
<status status="FAIL" start="2026-07-27T21:35:24.487272" elapsed="0.178305">Page should not have contained element 'xpath=//*[contains(@class,'skeleton') or contains(@class,'shimmer')]'.</status>
</kw>
<arg>Page Should Not Contain Element</arg>
<arg>${SKELETON_ELEMENTS}</arg>
<arg>AND</arg>
<arg>Page Should Contain Element</arg>
<arg>${CHART_ELEMENTS}</arg>
<doc>Executes all the given keywords in a sequence.</doc>
<status status="FAIL" start="2026-07-27T21:35:24.485855" elapsed="0.179953">Page should not have contained element 'xpath=//*[contains(@class,'skeleton') or contains(@class,'shimmer')]'.</status>
</kw>
<kw name="Run Keywords" owner="BuiltIn">
<kw name="Page Should Not Contain Element" owner="SeleniumLibrary">
<msg time="2026-07-27T21:35:26.842162" level="INFO" html="true">&lt;/td&gt;&lt;/tr&gt;&lt;tr&gt;&lt;td colspan="3"&gt;&lt;a href="../screenshots/selenium-screenshot-113.png"&gt;&lt;img src="../screenshots/selenium-screenshot-113.png" width="800px"&gt;&lt;/a&gt;</msg>
<msg time="2026-07-27T21:35:26.842522" level="FAIL">Page should not have contained element 'xpath=//*[contains(@class,'skeleton') or contains(@class,'shimmer')]'.</msg>
<arg>${SKELETON_ELEMENTS}</arg>
<doc>Verifies that element ``locator`` is not found on the current page.</doc>
<status status="FAIL" start="2026-07-27T21:35:26.668210" elapsed="0.176715">Page should not have contained element 'xpath=//*[contains(@class,'skeleton') or contains(@class,'shimmer')]'.</status>
</kw>
<arg>Page Should Not Contain Element</arg>
<arg>${SKELETON_ELEMENTS}</arg>
<arg>AND</arg>
<arg>Page Should Contain Element</arg>
<arg>${CHART_ELEMENTS}</arg>
<doc>Executes all the given keywords in a sequence.</doc>
<status status="FAIL" start="2026-07-27T21:35:26.666973" elapsed="0.178188">Page should not have contained element 'xpath=//*[contains(@class,'skeleton') or contains(@class,'shimmer')]'.</status>
</kw>
<kw name="Run Keywords" owner="BuiltIn">
<kw name="Page Should Not Contain Element" owner="SeleniumLibrary">
<msg time="2026-07-27T21:35:38.867358" level="INFO">Current page does not contain element 'xpath=//*[contains(@class,'skeleton') or contains(@class,'shimmer')]'.</msg>
<arg>${SKELETON_ELEMENTS}</arg>
<doc>Verifies that element ``locator`` is not found on the current page.</doc>
<status status="PASS" start="2026-07-27T21:35:28.847303" elapsed="10.020309"/>
</kw>
<kw name="Page Should Contain Element" owner="SeleniumLibrary">
<msg time="2026-07-27T21:35:38.895785" level="INFO">Current page contains element 'xpath=//*[name()='svg' or name()='canvas']'.</msg>
<arg>${CHART_ELEMENTS}</arg>
<doc>Verifies that element ``locator`` is found on the current page.</doc>
<status status="PASS" start="2026-07-27T21:35:38.868198" elapsed="0.027856"/>
</kw>
<arg>Page Should Not Contain Element</arg>
<arg>${SKELETON_ELEMENTS}</arg>
<arg>AND</arg>
<arg>Page Should Contain Element</arg>
<arg>${CHART_ELEMENTS}</arg>
<doc>Executes all the given keywords in a sequence.</doc>
<status status="PASS" start="2026-07-27T21:35:28.846206" elapsed="10.050097"/>
</kw>
<arg>50s</arg>
<arg>2s</arg>
<arg>Run Keywords</arg>
<arg>Page Should Not Contain Element</arg>
<arg>${SKELETON_ELEMENTS}</arg>
<arg>AND</arg>
<arg>Page Should Contain Element</arg>
<arg>${CHART_ELEMENTS}</arg>
<doc>Runs the specified keyword and retries if it fails.</doc>
<status status="PASS" start="2026-07-27T21:35:21.153882" elapsed="17.742611"/>
</kw>
<status status="PASS" start="2026-07-27T21:35:21.153009" elapsed="17.744206"/>
</kw>
<doc>Verify successful login, dashboard redirection, MSC Intelligence popup functionality,
and validate insights along with page load.</doc>
<status status="PASS" start="2026-07-27T21:35:15.952377" elapsed="22.977655"/>
</test>
<test id="s1-t2" name="2.Verify Dashboard Header Elements" line="23">
<kw name="Verify MSC Logo Visible" owner="Common_keywords">
<kw name="Wait Until Element Is Visible" owner="SeleniumLibrary">
<arg>${logo_locator}</arg>
<arg>20s</arg>
<doc>Waits until the element ``locator`` is visible.</doc>
<status status="PASS" start="2026-07-27T21:35:38.933502" elapsed="0.033775"/>
</kw>
<kw name="Log To Console" owner="BuiltIn">
<arg>MSC Logo is visible.</arg>
<doc>Logs the given message to the console.</doc>
<status status="PASS" start="2026-07-27T21:35:38.967739" elapsed="0.001317"/>
</kw>
<arg>${MSC_LOGO}</arg>
<status status="PASS" start="2026-07-27T21:35:38.932772" elapsed="0.036561"/>
</kw>
<kw name="Verify Country" owner="Common_keywords">
<kw name="Get Text" owner="SeleniumLibrary">
<msg time="2026-07-27T21:35:39.015220" level="INFO">${country} = United State</msg>
<var>${country}</var>
<arg>${COUNTRY}</arg>
<doc>Returns the text value of the element identified by ``locator``.</doc>
<status status="PASS" start="2026-07-27T21:35:38.970884" elapsed="0.044445"/>
</kw>
<kw name="Log To Console" owner="BuiltIn">
<arg>Selected country: ${country}</arg>
<doc>Logs the given message to the console.</doc>
<status status="PASS" start="2026-07-27T21:35:39.015648" elapsed="0.001181"/>
</kw>
<kw name="Create List" owner="BuiltIn">
<msg time="2026-07-27T21:35:39.018039" level="INFO">@{allowed} = [ India | United State ]</msg>
<var>@{allowed}</var>
<arg>India</arg>
<arg>United State</arg>
<doc>Returns a list containing given items.</doc>
<status status="PASS" start="2026-07-27T21:35:39.017281" elapsed="0.000882"/>
</kw>
<kw name="List Should Contain Value" owner="Collections">
<arg>${allowed}</arg>
<arg>${country}</arg>
<doc>Fails if the ``value`` is not found from ``list``.</doc>
<status status="PASS" start="2026-07-27T21:35:39.018629" elapsed="0.001263"/>
</kw>
<status status="PASS" start="2026-07-27T21:35:38.970137" elapsed="0.050049"/>
</kw>
<kw name="Select From Dropdown" owner="Common_keywords">
<kw name="Wait Until Element Is Visible" owner="SeleniumLibrary">
<arg>${dropdown_locator}</arg>
<arg>10s</arg>
<doc>Waits until the element ``locator`` is visible.</doc>
<status status="PASS" start="2026-07-27T21:35:39.021654" elapsed="0.026230"/>
</kw>
<kw name="Click Element" owner="SeleniumLibrary">
<msg time="2026-07-27T21:35:39.049413" level="INFO">Clicking element 'xpath=(//div[contains(@class,'cursor-pointer')][.//img[contains(@src,'mp-logos')]])[1]'.</msg>
<arg>${dropdown_locator}</arg>
<doc>Click the element identified by ``locator``.</doc>
<status status="PASS" start="2026-07-27T21:35:39.048469" elapsed="0.111246"/>
</kw>
<kw name="Set Variable" owner="BuiltIn">
<msg time="2026-07-27T21:35:39.161250" level="INFO">${option} = xpath=//div[contains(@class,'z-50')]//span[normalize-space()='India']/parent::div</msg>
<var>${option}</var>
<arg>xpath=//div[contains(@class,'z-50')]//span[normalize-space()='${option_text}']/parent::div</arg>
<doc>Returns the given values which can then be assigned to a variables.</doc>
<status status="PASS" start="2026-07-27T21:35:39.160153" elapsed="0.001187"/>
</kw>
<kw name="Wait Until Element Is Visible" owner="SeleniumLibrary">
<arg>${option}</arg>
<arg>10s</arg>
<doc>Waits until the element ``locator`` is visible.</doc>
<status status="PASS" start="2026-07-27T21:35:39.161742" elapsed="0.038623"/>
</kw>
<kw name="Click Element" owner="SeleniumLibrary">
<msg time="2026-07-27T21:35:39.201338" level="INFO">Clicking element 'xpath=//div[contains(@class,'z-50')]//span[normalize-space()='India']/parent::div'.</msg>
<arg>${option}</arg>
<doc>Click the element identified by ``locator``.</doc>
<status status="PASS" start="2026-07-27T21:35:39.200820" elapsed="0.225940"/>
</kw>
<kw name="Log To Console" owner="BuiltIn">
<arg>Selected: ${option_text}</arg>
<doc>Logs the given message to the console.</doc>
<status status="PASS" start="2026-07-27T21:35:39.427146" elapsed="0.001469"/>
</kw>
<arg>${COUNTRY}</arg>
<arg>India</arg>
<status status="PASS" start="2026-07-27T21:35:39.020918" elapsed="0.408146"/>
</kw>
<kw name="Select From Dropdown" owner="Common_keywords">
<kw name="Wait Until Element Is Visible" owner="SeleniumLibrary">
<arg>${dropdown_locator}</arg>
<arg>10s</arg>
<doc>Waits until the element ``locator`` is visible.</doc>
<status status="PASS" start="2026-07-27T21:35:39.430479" elapsed="0.075640"/>
</kw>
<kw name="Click Element" owner="SeleniumLibrary">
<msg time="2026-07-27T21:35:39.507539" level="INFO">Clicking element 'xpath=(//div[contains(@class,'cursor-pointer')][.//img[contains(@src,'mp-logos')]])[5]'.</msg>
<arg>${dropdown_locator}</arg>
<doc>Click the element identified by ``locator``.</doc>
<status status="PASS" start="2026-07-27T21:35:39.506647" elapsed="0.144509"/>
</kw>
<kw name="Set Variable" owner="BuiltIn">
<msg time="2026-07-27T21:35:39.652509" level="INFO">${option} = xpath=//div[contains(@class,'z-50')]//span[normalize-space()='Amazon.in']/parent::div</msg>
<var>${option}</var>
<arg>xpath=//div[contains(@class,'z-50')]//span[normalize-space()='${option_text}']/parent::div</arg>
<doc>Returns the given values which can then be assigned to a variables.</doc>
<status status="PASS" start="2026-07-27T21:35:39.651560" elapsed="0.001031"/>
</kw>
<kw name="Wait Until Element Is Visible" owner="SeleniumLibrary">
<arg>${option}</arg>
<arg>10s</arg>
<doc>Waits until the element ``locator`` is visible.</doc>
<status status="PASS" start="2026-07-27T21:35:39.652932" elapsed="0.047950"/>
</kw>
<kw name="Click Element" owner="SeleniumLibrary">
<msg time="2026-07-27T21:35:39.701837" level="INFO">Clicking element 'xpath=//div[contains(@class,'z-50')]//span[normalize-space()='Amazon.in']/parent::div'.</msg>
<arg>${option}</arg>
<doc>Click the element identified by ``locator``.</doc>
<status status="PASS" start="2026-07-27T21:35:39.701281" elapsed="0.144867"/>
</kw>
<kw name="Log To Console" owner="BuiltIn">
<arg>Selected: ${option_text}</arg>
<doc>Logs the given message to the console.</doc>
<status status="PASS" start="2026-07-27T21:35:39.846610" elapsed="0.001524"/>
</kw>
<arg>${MARKETPLACE}</arg>
<arg>Amazon.in</arg>
<status status="PASS" start="2026-07-27T21:35:39.429673" elapsed="0.418793"/>
</kw>
<kw name="Select Brand From Dropdown" owner="Common_keywords">
<kw name="Wait Until Element Is Visible" owner="SeleniumLibrary">
<arg>${dropdown_locator}</arg>
<arg>5s</arg>
<doc>Waits until the element ``locator`` is visible.</doc>
<status status="PASS" start="2026-07-27T21:35:39.850070" elapsed="0.040916"/>
</kw>
<kw name="Click Element" owner="SeleniumLibrary">
<msg time="2026-07-27T21:35:39.892898" level="INFO">Clicking element 'xpath=(//div[contains(@class,'cursor-pointer')][.//div[contains(@class,'truncate')]])[3]'.</msg>
<arg>${dropdown_locator}</arg>
<doc>Click the element identified by ``locator``.</doc>
<status status="PASS" start="2026-07-27T21:35:39.891832" elapsed="0.158810"/>
</kw>
<kw name="Set Variable" owner="BuiltIn">
<msg time="2026-07-27T21:35:40.051732" level="INFO">${option} = xpath=//span[normalize-space()='ALL PARTS SOURCE']/parent::div</msg>
<var>${option}</var>
<arg>xpath=//span[normalize-space()='${option_text}']/parent::div</arg>
<doc>Returns the given values which can then be assigned to a variables.</doc>
<status status="PASS" start="2026-07-27T21:35:40.050951" elapsed="0.000836"/>
</kw>
<kw name="Wait Until Element Is Visible" owner="SeleniumLibrary">
<arg>${option}</arg>
<arg>5s</arg>
<doc>Waits until the element ``locator`` is visible.</doc>
<status status="PASS" start="2026-07-27T21:35:40.052090" elapsed="0.159823"/>
</kw>
<kw name="Click Element" owner="SeleniumLibrary">
<msg time="2026-07-27T21:35:40.213051" level="INFO">Clicking element 'xpath=//span[normalize-space()='ALL PARTS SOURCE']/parent::div'.</msg>
<arg>${option}</arg>
<doc>Click the element identified by ``locator``.</doc>
<status status="PASS" start="2026-07-27T21:35:40.212380" elapsed="0.510140"/>
</kw>
<kw name="Log To Console" owner="BuiltIn">
<arg>Selected: ${option_text}</arg>
<doc>Logs the given message to the console.</doc>
<status status="PASS" start="2026-07-27T21:35:40.722823" elapsed="0.002068"/>
</kw>
<arg>${BRAND}</arg>
<arg>ALL PARTS SOURCE</arg>
<status status="PASS" start="2026-07-27T21:35:39.849340" elapsed="0.875918"/>
</kw>
<kw name="Verify Notification Icon" owner="Common_keywords">
<kw name="Wait Until Element Is Visible" owner="SeleniumLibrary">
<arg>${notification_locator}</arg>
<arg>10s</arg>
<doc>Waits until the element ``locator`` is visible.</doc>
<status status="PASS" start="2026-07-27T21:35:40.726974" elapsed="0.270284"/>
</kw>
<kw name="Click Element" owner="SeleniumLibrary">
<msg time="2026-07-27T21:35:40.998048" level="INFO">Clicking element 'xpath=//div[contains(@class,'rounded-[9px]')]//*[local-name()='svg']'.</msg>
<arg>${notification_locator}</arg>
<doc>Click the element identified by ``locator``.</doc>
<status status="PASS" start="2026-07-27T21:35:40.997545" elapsed="0.549797"/>
</kw>
<kw name="Wait Until Page Contains" owner="SeleniumLibrary">
<arg>Notification</arg>
<arg>10s</arg>
<doc>Waits until ``text`` appears on the current page.</doc>
<status status="PASS" start="2026-07-27T21:35:41.547829" elapsed="0.092183"/>
</kw>
<kw name="Log To Console" owner="BuiltIn">
<arg>Notification popup opened successfully.</arg>
<doc>Logs the given message to the console.</doc>
<status status="PASS" start="2026-07-27T21:35:41.640455" elapsed="0.001767"/>
</kw>
<kw name="Click Element" owner="SeleniumLibrary">
<msg time="2026-07-27T21:35:41.643386" level="INFO">Clicking element 'xpath=//div[contains(@class,'rounded-[9px]')]//*[local-name()='svg']'.</msg>
<arg>${notification_locator}</arg>
<doc>Click the element identified by ``locator``.</doc>
<status status="PASS" start="2026-07-27T21:35:41.642692" elapsed="0.311843"/>
</kw>
<kw name="Wait Until Page Contains" owner="SeleniumLibrary">
<arg>Today</arg>
<arg>10s</arg>
<doc>Waits until ``text`` appears on the current page.</doc>
<status status="PASS" start="2026-07-27T21:35:41.954920" elapsed="0.027388"/>
</kw>
<kw name="Log To Console" owner="BuiltIn">
<arg>Notification popup closed successfully.</arg>
<doc>Logs the given message to the console.</doc>
<status status="PASS" start="2026-07-27T21:35:41.982744" elapsed="0.001000"/>
</kw>
<arg>${NOTIFICATION}</arg>
<status status="PASS" start="2026-07-27T21:35:40.726137" elapsed="1.257985"/>
</kw>
<kw name="Verify Profile Icon Visible" owner="Common_keywords">
<kw name="Wait Until Element Is Visible" owner="SeleniumLibrary">
<arg>${PROFILE_ICON}</arg>
<arg>2s</arg>
<doc>Waits until the element ``locator`` is visible.</doc>
<status status="PASS" start="2026-07-27T21:35:41.985407" elapsed="0.051959"/>
</kw>
<kw name="Log To Console" owner="BuiltIn">
<arg>Profile icon visible</arg>
<doc>Logs the given message to the console.</doc>
<status status="PASS" start="2026-07-27T21:35:42.037779" elapsed="0.001097"/>
</kw>
<kw name="Log To Console" owner="BuiltIn">
<arg>All dashboard header elements loaded successfully</arg>
<doc>Logs the given message to the console.</doc>
<status status="PASS" start="2026-07-27T21:35:42.039412" elapsed="0.001651"/>
</kw>
<arg>${PROFILE_ICON}</arg>
<status status="PASS" start="2026-07-27T21:35:41.984706" elapsed="0.056660"/>
</kw>
<doc>Validate all header components such as logo, brand selection, country dropdown,
marketplace, language selection, notification icon, and revenue cards for multiple countries.</doc>
<status status="PASS" start="2026-07-27T21:35:38.931429" elapsed="3.110647"/>
</test>
<test id="s1-t3" name="3.Verify Date Filter" line="35">
<kw name="Set Variable" owner="BuiltIn">
<msg time="2026-07-27T21:35:42.046877" level="INFO">${date_filter} = This Year</msg>
<var>${date_filter}</var>
<arg>This Year</arg>
<doc>Returns the given values which can then be assigned to a variables.</doc>
<status status="PASS" start="2026-07-27T21:35:42.046159" elapsed="0.000801"/>
</kw>
<kw name="Set Suite Variable" owner="BuiltIn">
<msg time="2026-07-27T21:35:42.048502" level="INFO">${DATE_FILTER} = This Year</msg>
<arg>${DATE_FILTER}</arg>
<arg>${date_filter}</arg>
<doc>Makes a variable available everywhere within the scope of the current suite.</doc>
<status status="PASS" start="2026-07-27T21:35:42.047768" elapsed="0.000866"/>
</kw>
<kw name="Select Date Filter" owner="Common_keywords">
<kw name="Wait Until Element Is Visible" owner="SeleniumLibrary">
<arg>${date_filter_panel}</arg>
<arg>10s</arg>
<doc>Waits until the element ``locator`` is visible.</doc>
<status status="PASS" start="2026-07-27T21:35:42.054519" elapsed="0.052209"/>
</kw>
<kw name="Click Element" owner="SeleniumLibrary">
<msg time="2026-07-27T21:35:42.108386" level="INFO">Clicking element 'xpath=//div[contains(@class,'inline-flex') and contains(@class,'cursor-pointer')][.//span[contains(@class,'truncate')]]'.</msg>
<arg>${today_date_filter}</arg>
<doc>Click the element identified by ``locator``.</doc>
<status status="PASS" start="2026-07-27T21:35:42.107531" elapsed="0.141402"/>
</kw>
<kw name="Wait Until Element Is Visible" owner="SeleniumLibrary">
<arg>//div[contains(@class,'shadow-lg')]//div[normalize-space()='${date_filter}']</arg>
<arg>10s</arg>
<doc>Waits until the element ``locator`` is visible.</doc>
<status status="PASS" start="2026-07-27T21:35:42.249288" elapsed="0.038881"/>
</kw>
<kw name="Click Element" owner="SeleniumLibrary">
<msg time="2026-07-27T21:35:42.289536" level="INFO">Clicking element '//div[contains(@class,'shadow-lg')]//div[normalize-space()='This Year']'.</msg>
<arg>//div[contains(@class,'shadow-lg')]//div[normalize-space()='${date_filter}']</arg>
<doc>Click the element identified by ``locator``.</doc>
<status status="PASS" start="2026-07-27T21:35:42.288597" elapsed="0.182023"/>
</kw>
<kw name="Log To Console" owner="BuiltIn">
<arg>Selected Date Filter: ${date_filter}</arg>
<doc>Logs the given message to the console.</doc>
<status status="PASS" start="2026-07-27T21:35:42.471141" elapsed="0.001362"/>
</kw>
<arg>${DATE_FILTER_PANEL}</arg>
<arg>${TODAY_DATE_FILTER}</arg>
<arg>${date_filter}</arg>
<status status="PASS" start="2026-07-27T21:35:42.052296" elapsed="0.420540"/>
</kw>
<kw name="Verify Compare Filter Selection" owner="Common_keywords">
<if>
<branch type="IF" condition="'${date_filter}' == 'Today'">
<kw name="Element Should Be Visible" owner="SeleniumLibrary">
<arg>xpath=(//span[normalize-space()='D']/ancestor::div[contains(@class,'bg-white')])[2]</arg>
<doc>Verifies that the element identified by ``locator`` is visible.</doc>
<status status="NOT RUN" start="2026-07-27T21:35:42.478016" elapsed="0.000118"/>
</kw>
<status status="NOT RUN" start="2026-07-27T21:35:42.477338" elapsed="0.000956"/>
</branch>
<branch type="ELSE IF" condition="'${date_filter}' == 'Last 7 Days'">
<kw name="Element Should Be Visible" owner="SeleniumLibrary">
<arg>xpath=(//span[normalize-space()='W']/ancestor::div[contains(@class,'bg-white')])[2]</arg>
<doc>Verifies that the element identified by ``locator`` is visible.</doc>
<status status="NOT RUN" start="2026-07-27T21:35:42.479083" elapsed="0.000109"/>
</kw>
<status status="NOT RUN" start="2026-07-27T21:35:42.478427" elapsed="0.000973"/>
</branch>
<branch type="ELSE IF" condition="'${date_filter}' == 'This Month'">
<kw name="Element Should Be Visible" owner="SeleniumLibrary">
<arg>xpath=(//span[normalize-space()='M']/ancestor::div[contains(@class,'bg-white')])[2]</arg>
<doc>Verifies that the element identified by ``locator`` is visible.</doc>
<status status="NOT RUN" start="2026-07-27T21:35:42.480188" elapsed="0.000106"/>
</kw>
<status status="NOT RUN" start="2026-07-27T21:35:42.479563" elapsed="0.000835"/>
</branch>
<branch type="ELSE IF" condition="'${date_filter}' == 'This Year'">
<kw name="Element Should Be Visible" owner="SeleniumLibrary">
<msg time="2026-07-27T21:35:42.523464" level="INFO">Element 'xpath=(//span[normalize-space()='Y']/ancestor::div[contains(@class,'bg-white')])[2]' is displayed.</msg>
<arg>xpath=(//span[normalize-space()='Y']/ancestor::div[contains(@class,'bg-white')])[2]</arg>
<doc>Verifies that the element identified by ``locator`` is visible.</doc>
<status status="PASS" start="2026-07-27T21:35:42.481092" elapsed="0.042783"/>
</kw>
<status status="PASS" start="2026-07-27T21:35:42.480485" elapsed="0.043692"/>
</branch>
<branch type="ELSE">
<kw name="Fail" owner="BuiltIn">
<arg>Invalid Date Filter: ${date_filter}</arg>
<doc>Fails the test with the given message and optionally alters its tags.</doc>
<status status="NOT RUN" start="2026-07-27T21:35:42.524592" elapsed="0.000118"/>
</kw>
<status status="NOT RUN" start="2026-07-27T21:35:42.524295" elapsed="0.000559"/>
</branch>
<status status="PASS" start="2026-07-27T21:35:42.477260" elapsed="0.047756"/>
</if>
<kw name="Log To Console" owner="BuiltIn">
<arg>Compare filter verified for ${date_filter}</arg>
<doc>Logs the given message to the console.</doc>
<status status="PASS" start="2026-07-27T21:35:42.525350" elapsed="0.001357"/>
</kw>
<arg>${date_filter}</arg>
<status status="PASS" start="2026-07-27T21:35:42.476418" elapsed="0.050726"/>
</kw>
<kw name="Verify Page Load" owner="Common_keywords">
<kw name="Wait Until Keyword Succeeds" owner="BuiltIn">
<kw name="Run Keywords" owner="BuiltIn">
<kw name="Page Should Not Contain Element" owner="SeleniumLibrary">
<msg time="2026-07-27T21:35:42.747277" level="INFO" html="true">&lt;/td&gt;&lt;/tr&gt;&lt;tr&gt;&lt;td colspan="3"&gt;&lt;a href="../screenshots/selenium-screenshot-114.png"&gt;&lt;img src="../screenshots/selenium-screenshot-114.png" width="800px"&gt;&lt;/a&gt;</msg>
<msg time="2026-07-27T21:35:42.747648" level="FAIL">Page should not have contained element 'xpath=//*[contains(@class,'skeleton') or contains(@class,'shimmer')]'.</msg>
<arg>${SKELETON_ELEMENTS}</arg>
<doc>Verifies that element ``locator`` is not found on the current page.</doc>
<status status="FAIL" start="2026-07-27T21:35:42.531616" elapsed="0.219161">Page should not have contained element 'xpath=//*[contains(@class,'skeleton') or contains(@class,'shimmer')]'.</status>
</kw>
<arg>Page Should Not Contain Element</arg>
<arg>${SKELETON_ELEMENTS}</arg>
<arg>AND</arg>
<arg>Page Should Contain Element</arg>
<arg>${CHART_ELEMENTS}</arg>
<doc>Executes all the given keywords in a sequence.</doc>
<status status="FAIL" start="2026-07-27T21:35:42.530808" elapsed="0.220326">Page should not have contained element 'xpath=//*[contains(@class,'skeleton') or contains(@class,'shimmer')]'.</status>
</kw>
<kw name="Run Keywords" owner="BuiltIn">
<kw name="Page Should Not Contain Element" owner="SeleniumLibrary">
<msg time="2026-07-27T21:35:54.802745" level="INFO">Current page does not contain element 'xpath=//*[contains(@class,'skeleton') or contains(@class,'shimmer')]'.</msg>
<arg>${SKELETON_ELEMENTS}</arg>
<doc>Verifies that element ``locator`` is not found on the current page.</doc>
<status status="PASS" start="2026-07-27T21:35:44.754049" elapsed="10.048901"/>
</kw>
<kw name="Page Should Contain Element" owner="SeleniumLibrary">
<msg time="2026-07-27T21:35:54.821183" level="INFO">Current page contains element 'xpath=//*[name()='svg' or name()='canvas']'.</msg>
<arg>${CHART_ELEMENTS}</arg>
<doc>Verifies that element ``locator`` is found on the current page.</doc>
<status status="PASS" start="2026-07-27T21:35:54.803356" elapsed="0.017911"/>
</kw>
<arg>Page Should Not Contain Element</arg>
<arg>${SKELETON_ELEMENTS}</arg>
<arg>AND</arg>
<arg>Page Should Contain Element</arg>
<arg>${CHART_ELEMENTS}</arg>
<doc>Executes all the given keywords in a sequence.</doc>
<status status="PASS" start="2026-07-27T21:35:44.752298" elapsed="10.069043"/>
</kw>
<arg>50s</arg>
<arg>2s</arg>
<arg>Run Keywords</arg>
<arg>Page Should Not Contain Element</arg>
<arg>${SKELETON_ELEMENTS}</arg>
<arg>AND</arg>
<arg>Page Should Contain Element</arg>
<arg>${CHART_ELEMENTS}</arg>
<doc>Runs the specified keyword and retries if it fails.</doc>
<status status="PASS" start="2026-07-27T21:35:42.529731" elapsed="12.291695"/>
</kw>
<status status="PASS" start="2026-07-27T21:35:42.528938" elapsed="12.292583"/>
</kw>
<doc>Validate date filter functionality by selecting a specific date range and verifying page load.</doc>
<status status="PASS" start="2026-07-27T21:35:42.044684" elapsed="12.777150"/>
</test>
<test id="s1-t4" name="4.Verify Revenue,Orders,Order Units,Returns and Return Units Cards" line="42">
<kw name="Verify KPI Card" owner="Common_keywords">
<if>
<branch type="IF" condition="'${date_filter}' == 'Today'">
<kw name="Set Variable" owner="BuiltIn">
<var>${compare_text}</var>
<arg>vs yesterday</arg>
<doc>Returns the given values which can then be assigned to a variables.</doc>
<status status="NOT RUN" start="2026-07-27T21:35:54.825262" elapsed="0.000026"/>
</kw>
<status status="NOT RUN" start="2026-07-27T21:35:54.825072" elapsed="0.000260"/>
</branch>
<branch type="ELSE IF" condition="'${date_filter}' == 'This Week'">
<kw name="Set Variable" owner="BuiltIn">
<var>${compare_text}</var>
<arg>vs last week</arg>
<doc>Returns the given values which can then be assigned to a variables.</doc>
<status status="NOT RUN" start="2026-07-27T21:35:54.825505" elapsed="0.000022"/>
</kw>
<status status="NOT RUN" start="2026-07-27T21:35:54.825364" elapsed="0.000200"/>
</branch>
<branch type="ELSE IF" condition="'${date_filter}' == 'This Month'">
<kw name="Set Variable" owner="BuiltIn">
<var>${compare_text}</var>
<arg>vs last month</arg>
<doc>Returns the given values which can then be assigned to a variables.</doc>
<status status="NOT RUN" start="2026-07-27T21:35:54.825725" elapsed="0.000022"/>
</kw>
<status status="NOT RUN" start="2026-07-27T21:35:54.825601" elapsed="0.000182"/>
</branch>
<branch type="ELSE IF" condition="'${date_filter}' == 'This Year'">
<kw name="Set Variable" owner="BuiltIn">
<msg time="2026-07-27T21:35:54.826174" level="INFO">${compare_text} = vs last year</msg>
<var>${compare_text}</var>
<arg>vs last year</arg>
<doc>Returns the given values which can then be assigned to a variables.</doc>
<status status="PASS" start="2026-07-27T21:35:54.825934" elapsed="0.000266"/>
</kw>
<status status="PASS" start="2026-07-27T21:35:54.825810" elapsed="0.000431"/>
</branch>
<branch type="ELSE">
<kw name="Fail" owner="BuiltIn">
<arg>Invalid date filter: ${date_filter}</arg>
<doc>Fails the test with the given message and optionally alters its tags.</doc>
<status status="NOT RUN" start="2026-07-27T21:35:54.826357" elapsed="0.000023"/>
</kw>
<status status="NOT RUN" start="2026-07-27T21:35:54.826271" elapsed="0.000144"/>
</branch>
<status status="PASS" start="2026-07-27T21:35:54.825051" elapsed="0.001390"/>
</if>
<kw name="Set Variable" owner="BuiltIn">
<msg time="2026-07-27T21:35:54.826761" level="INFO">${locator} = //p[normalize-space()='Revenue']/ancestor::div[contains(@class,'bg-background-light')][1][.//span[contains(@class,'headline-medium')] and .//div[contains(.,'%')] and .//span[contains(normalize-space()...</msg>
<var>${locator}</var>
<arg>//p[normalize-space()='${card_title}']/ancestor::div[contains(@class,'bg-background-light')][1][.//span[contains(@class,'headline-medium')] and .//div[contains(.,'%')] and .//span[contains(normalize-space(),'${compare_text}')]]</arg>
<doc>Returns the given values which can then be assigned to a variables.</doc>
<status status="PASS" start="2026-07-27T21:35:54.826511" elapsed="0.000275"/>
</kw>
<kw name="Log To Console" owner="BuiltIn">
<arg>${card_title} card is visible.</arg>
<doc>Logs the given message to the console.</doc>
<status status="PASS" start="2026-07-27T21:35:54.826871" elapsed="0.000337"/>
</kw>
<kw name="Page Should Contain Element" owner="SeleniumLibrary">
<msg time="2026-07-27T21:35:54.845474" level="INFO">Current page contains element '//p[normalize-space()='Revenue']/ancestor::div[contains(@class,'bg-background-light')][1][.//span[contains(@class,'headline-medium')] and .//div[contains(.,'%')] and .//span[contains(normalize-space(),'vs last year')]]'.</msg>
<arg>${locator}</arg>
<doc>Verifies that element ``locator`` is found on the current page.</doc>
<status status="PASS" start="2026-07-27T21:35:54.827402" elapsed="0.018154"/>
</kw>
<arg>Revenue</arg>
<arg>${DATE_FILTER}</arg>
<status status="PASS" start="2026-07-27T21:35:54.824829" elapsed="0.020808"/>
</kw>
<kw name="Verify KPI Card" owner="Common_keywords">
<if>
<branch type="IF" condition="'${date_filter}' == 'Today'">
<kw name="Set Variable" owner="BuiltIn">
<var>${compare_text}</var>
<arg>vs yesterday</arg>
<doc>Returns the given values which can then be assigned to a variables.</doc>
<status status="NOT RUN" start="2026-07-27T21:35:54.846372" elapsed="0.000024"/>
</kw>
<status status="NOT RUN" start="2026-07-27T21:35:54.846187" elapsed="0.000248"/>
</branch>
<branch type="ELSE IF" condition="'${date_filter}' == 'This Week'">
<kw name="Set Variable" owner="BuiltIn">
<var>${compare_text}</var>
<arg>vs last week</arg>
<doc>Returns the given values which can then be assigned to a variables.</doc>
<status status="NOT RUN" start="2026-07-27T21:35:54.846612" elapsed="0.000022"/>
</kw>
<status status="NOT RUN" start="2026-07-27T21:35:54.846465" elapsed="0.000207"/>
</branch>
<branch type="ELSE IF" condition="'${date_filter}' == 'This Month'">
<kw name="Set Variable" owner="BuiltIn">
<var>${compare_text}</var>
<arg>vs last month</arg>
<doc>Returns the given values which can then be assigned to a variables.</doc>
<status status="NOT RUN" start="2026-07-27T21:35:54.846831" elapsed="0.000023"/>
</kw>
<status status="NOT RUN" start="2026-07-27T21:35:54.846699" elapsed="0.000188"/>
</branch>
<branch type="ELSE IF" condition="'${date_filter}' == 'This Year'">
<kw name="Set Variable" owner="BuiltIn">
<msg time="2026-07-27T21:35:54.847275" level="INFO">${compare_text} = vs last year</msg>
<var>${compare_text}</var>
<arg>vs last year</arg>
<doc>Returns the given values which can then be assigned to a variables.</doc>
<status status="PASS" start="2026-07-27T21:35:54.847043" elapsed="0.000257"/>
</kw>
<status status="PASS" start="2026-07-27T21:35:54.846912" elapsed="0.000429"/>
</branch>
<branch type="ELSE">
<kw name="Fail" owner="BuiltIn">
<arg>Invalid date filter: ${date_filter}</arg>
<doc>Fails the test with the given message and optionally alters its tags.</doc>
<status status="NOT RUN" start="2026-07-27T21:35:54.847445" elapsed="0.000020"/>
</kw>
<status status="NOT RUN" start="2026-07-27T21:35:54.847370" elapsed="0.000127"/>
</branch>
<status status="PASS" start="2026-07-27T21:35:54.846169" elapsed="0.001353"/>
</if>
<kw name="Set Variable" owner="BuiltIn">
<msg time="2026-07-27T21:35:54.847823" level="INFO">${locator} = //p[normalize-space()='Orders']/ancestor::div[contains(@class,'bg-background-light')][1][.//span[contains(@class,'headline-medium')] and .//div[contains(.,'%')] and .//span[contains(normalize-space(),...</msg>
<var>${locator}</var>
<arg>//p[normalize-space()='${card_title}']/ancestor::div[contains(@class,'bg-background-light')][1][.//span[contains(@class,'headline-medium')] and .//div[contains(.,'%')] and .//span[contains(normalize-space(),'${compare_text}')]]</arg>
<doc>Returns the given values which can then be assigned to a variables.</doc>
<status status="PASS" start="2026-07-27T21:35:54.847588" elapsed="0.000259"/>
</kw>
<kw name="Log To Console" owner="BuiltIn">
<arg>${card_title} card is visible.</arg>
<doc>Logs the given message to the console.</doc>
<status status="PASS" start="2026-07-27T21:35:54.847931" elapsed="0.000345"/>
</kw>
<kw name="Page Should Contain Element" owner="SeleniumLibrary">
<msg time="2026-07-27T21:35:54.867756" level="INFO">Current page contains element '//p[normalize-space()='Orders']/ancestor::div[contains(@class,'bg-background-light')][1][.//span[contains(@class,'headline-medium')] and .//div[contains(.,'%')] and .//span[contains(normalize-space(),'vs last year')]]'.</msg>
<arg>${locator}</arg>
<doc>Verifies that element ``locator`` is found on the current page.</doc>
<status status="PASS" start="2026-07-27T21:35:54.848447" elapsed="0.019419"/>
</kw>
<arg>Orders</arg>
<arg>${DATE_FILTER}</arg>
<status status="PASS" start="2026-07-27T21:35:54.845947" elapsed="0.022000"/>
</kw>
<kw name="Verify KPI Card" owner="Common_keywords">
<if>
<branch type="IF" condition="'${date_filter}' == 'Today'">
<kw name="Set Variable" owner="BuiltIn">
<var>${compare_text}</var>
<arg>vs yesterday</arg>
<doc>Returns the given values which can then be assigned to a variables.</doc>
<status status="NOT RUN" start="2026-07-27T21:35:54.869028" elapsed="0.000033"/>
</kw>
<status status="NOT RUN" start="2026-07-27T21:35:54.868785" elapsed="0.000331"/>
</branch>
<branch type="ELSE IF" condition="'${date_filter}' == 'This Week'">
<kw name="Set Variable" owner="BuiltIn">
<var>${compare_text}</var>
<arg>vs last week</arg>
<doc>Returns the given values which can then be assigned to a variables.</doc>
<status status="NOT RUN" start="2026-07-27T21:35:54.869352" elapsed="0.000030"/>
</kw>
<status status="NOT RUN" start="2026-07-27T21:35:54.869159" elapsed="0.000283"/>
</branch>
<branch type="ELSE IF" condition="'${date_filter}' == 'This Month'">
<kw name="Set Variable" owner="BuiltIn">
<var>${compare_text}</var>
<arg>vs last month</arg>
<doc>Returns the given values which can then be assigned to a variables.</doc>
<status status="NOT RUN" start="2026-07-27T21:35:54.869658" elapsed="0.000029"/>
</kw>
<status status="NOT RUN" start="2026-07-27T21:35:54.869480" elapsed="0.000256"/>
</branch>
<branch type="ELSE IF" condition="'${date_filter}' == 'This Year'">
<kw name="Set Variable" owner="BuiltIn">
<msg time="2026-07-27T21:35:54.870852" level="INFO">${compare_text} = vs last year</msg>
<var>${compare_text}</var>
<arg>vs last year</arg>
<doc>Returns the given values which can then be assigned to a variables.</doc>
<status status="PASS" start="2026-07-27T21:35:54.869948" elapsed="0.000944"/>
</kw>
<status status="PASS" start="2026-07-27T21:35:54.869771" elapsed="0.001173"/>
</branch>
<branch type="ELSE">
<kw name="Fail" owner="BuiltIn">
<arg>Invalid date filter: ${date_filter}</arg>
<doc>Fails the test with the given message and optionally alters its tags.</doc>
<status status="NOT RUN" start="2026-07-27T21:35:54.871079" elapsed="0.000027"/>
</kw>
<status status="NOT RUN" start="2026-07-27T21:35:54.870983" elapsed="0.000162"/>
</branch>
<status status="PASS" start="2026-07-27T21:35:54.868758" elapsed="0.002418"/>
</if>
<kw name="Set Variable" owner="BuiltIn">
<msg time="2026-07-27T21:35:54.871545" level="INFO">${locator} = //p[normalize-space()='Order Units']/ancestor::div[contains(@class,'bg-background-light')][1][.//span[contains(@class,'headline-medium')] and .//div[contains(.,'%')] and .//span[contains(normalize-spa...</msg>
<var>${locator}</var>
<arg>//p[normalize-space()='${card_title}']/ancestor::div[contains(@class,'bg-background-light')][1][.//span[contains(@class,'headline-medium')] and .//div[contains(.,'%')] and .//span[contains(normalize-space(),'${compare_text}')]]</arg>
<doc>Returns the given values which can then be assigned to a variables.</doc>
<status status="PASS" start="2026-07-27T21:35:54.871258" elapsed="0.000318"/>
</kw>
<kw name="Log To Console" owner="BuiltIn">
<arg>${card_title} card is visible.</arg>
<doc>Logs the given message to the console.</doc>
<status status="PASS" start="2026-07-27T21:35:54.871684" elapsed="0.000536"/>
</kw>
<kw name="Page Should Contain Element" owner="SeleniumLibrary">
<msg time="2026-07-27T21:35:54.892767" level="INFO">Current page contains element '//p[normalize-space()='Order Units']/ancestor::div[contains(@class,'bg-background-light')][1][.//span[contains(@class,'headline-medium')] and .//div[contains(.,'%')] and .//span[contains(normalize-space(),'vs last year')]]'.</msg>
<arg>${locator}</arg>
<doc>Verifies that element ``locator`` is found on the current page.</doc>
<status status="PASS" start="2026-07-27T21:35:54.872540" elapsed="0.020310"/>
</kw>
<arg>Order Units</arg>
<arg>${DATE_FILTER}</arg>
<status status="PASS" start="2026-07-27T21:35:54.868427" elapsed="0.024505"/>
</kw>
<kw name="Verify KPI Card" owner="Common_keywords">
<if>
<branch type="IF" condition="'${date_filter}' == 'Today'">
<kw name="Set Variable" owner="BuiltIn">
<var>${compare_text}</var>
<arg>vs yesterday</arg>
<doc>Returns the given values which can then be assigned to a variables.</doc>
<status status="NOT RUN" start="2026-07-27T21:35:54.893774" elapsed="0.000025"/>
</kw>
<status status="NOT RUN" start="2026-07-27T21:35:54.893589" elapsed="0.000252"/>
</branch>
<branch type="ELSE IF" condition="'${date_filter}' == 'This Week'">
<kw name="Set Variable" owner="BuiltIn">
<var>${compare_text}</var>
<arg>vs last week</arg>
<doc>Returns the given values which can then be assigned to a variables.</doc>
<status status="NOT RUN" start="2026-07-27T21:35:54.894014" elapsed="0.000021"/>
</kw>
<status status="NOT RUN" start="2026-07-27T21:35:54.893870" elapsed="0.000202"/>
</branch>
<branch type="ELSE IF" condition="'${date_filter}' == 'This Month'">
<kw name="Set Variable" owner="BuiltIn">
<var>${compare_text}</var>
<arg>vs last month</arg>
<doc>Returns the given values which can then be assigned to a variables.</doc>
<status status="NOT RUN" start="2026-07-27T21:35:54.894227" elapsed="0.000021"/>
</kw>
<status status="NOT RUN" start="2026-07-27T21:35:54.894098" elapsed="0.000184"/>
</branch>
<branch type="ELSE IF" condition="'${date_filter}' == 'This Year'">
<kw name="Set Variable" owner="BuiltIn">
<msg time="2026-07-27T21:35:54.894656" level="INFO">${compare_text} = vs last year</msg>
<var>${compare_text}</var>
<arg>vs last year</arg>
<doc>Returns the given values which can then be assigned to a variables.</doc>
<status status="PASS" start="2026-07-27T21:35:54.894431" elapsed="0.000251"/>
</kw>
<status status="PASS" start="2026-07-27T21:35:54.894307" elapsed="0.000419"/>
</branch>
<branch type="ELSE">
<kw name="Fail" owner="BuiltIn">
<arg>Invalid date filter: ${date_filter}</arg>
<doc>Fails the test with the given message and optionally alters its tags.</doc>
<status status="NOT RUN" start="2026-07-27T21:35:54.894835" elapsed="0.000022"/>
</kw>
<status status="NOT RUN" start="2026-07-27T21:35:54.894756" elapsed="0.000133"/>
</branch>
<status status="PASS" start="2026-07-27T21:35:54.893569" elapsed="0.001344"/>
</if>
<kw name="Set Variable" owner="BuiltIn">
<msg time="2026-07-27T21:35:54.895215" level="INFO">${locator} = //p[normalize-space()='Returns']/ancestor::div[contains(@class,'bg-background-light')][1][.//span[contains(@class,'headline-medium')] and .//div[contains(.,'%')] and .//span[contains(normalize-space()...</msg>
<var>${locator}</var>
<arg>//p[normalize-space()='${card_title}']/ancestor::div[contains(@class,'bg-background-light')][1][.//span[contains(@class,'headline-medium')] and .//div[contains(.,'%')] and .//span[contains(normalize-space(),'${compare_text}')]]</arg>
<doc>Returns the given values which can then be assigned to a variables.</doc>
<status status="PASS" start="2026-07-27T21:35:54.894979" elapsed="0.000261"/>
</kw>
<kw name="Log To Console" owner="BuiltIn">
<arg>${card_title} card is visible.</arg>
<doc>Logs the given message to the console.</doc>
<status status="PASS" start="2026-07-27T21:35:54.895324" elapsed="0.000353"/>
</kw>
<kw name="Page Should Contain Element" owner="SeleniumLibrary">
<msg time="2026-07-27T21:35:54.917718" level="INFO">Current page contains element '//p[normalize-space()='Returns']/ancestor::div[contains(@class,'bg-background-light')][1][.//span[contains(@class,'headline-medium')] and .//div[contains(.,'%')] and .//span[contains(normalize-space(),'vs last year')]]'.</msg>
<arg>${locator}</arg>
<doc>Verifies that element ``locator`` is found on the current page.</doc>
<status status="PASS" start="2026-07-27T21:35:54.895894" elapsed="0.021906"/>
</kw>
<arg>Returns</arg>
<arg>${DATE_FILTER}</arg>
<status status="PASS" start="2026-07-27T21:35:54.893339" elapsed="0.024573"/>
</kw>
<kw name="Verify KPI Card" owner="Common_keywords">
<if>
<branch type="IF" condition="'${date_filter}' == 'Today'">
<kw name="Set Variable" owner="BuiltIn">
<var>${compare_text}</var>
<arg>vs yesterday</arg>
<doc>Returns the given values which can then be assigned to a variables.</doc>
<status status="NOT RUN" start="2026-07-27T21:35:54.918752" elapsed="0.000026"/>
</kw>
<status status="NOT RUN" start="2026-07-27T21:35:54.918568" elapsed="0.000249"/>
</branch>
<branch type="ELSE IF" condition="'${date_filter}' == 'This Week'">
<kw name="Set Variable" owner="BuiltIn">
<var>${compare_text}</var>
<arg>vs last week</arg>
<doc>Returns the given values which can then be assigned to a variables.</doc>
<status status="NOT RUN" start="2026-07-27T21:35:54.918991" elapsed="0.000022"/>
</kw>
<status status="NOT RUN" start="2026-07-27T21:35:54.918848" elapsed="0.000201"/>
</branch>
<branch type="ELSE IF" condition="'${date_filter}' == 'This Month'">
<kw name="Set Variable" owner="BuiltIn">
<var>${compare_text}</var>
<arg>vs last month</arg>
<doc>Returns the given values which can then be assigned to a variables.</doc>
<status status="NOT RUN" start="2026-07-27T21:35:54.919206" elapsed="0.000022"/>
</kw>
<status status="NOT RUN" start="2026-07-27T21:35:54.919076" elapsed="0.000186"/>
</branch>
<branch type="ELSE IF" condition="'${date_filter}' == 'This Year'">
<kw name="Set Variable" owner="BuiltIn">
<msg time="2026-07-27T21:35:54.919638" level="INFO">${compare_text} = vs last year</msg>
<var>${compare_text}</var>
<arg>vs last year</arg>
<doc>Returns the given values which can then be assigned to a variables.</doc>
<status status="PASS" start="2026-07-27T21:35:54.919412" elapsed="0.000251"/>
</kw>
<status status="PASS" start="2026-07-27T21:35:54.919287" elapsed="0.000422"/>
</branch>
<branch type="ELSE">
<kw name="Fail" owner="BuiltIn">
<arg>Invalid date filter: ${date_filter}</arg>
<doc>Fails the test with the given message and optionally alters its tags.</doc>
<status status="NOT RUN" start="2026-07-27T21:35:54.919813" elapsed="0.000023"/>
</kw>
<status status="NOT RUN" start="2026-07-27T21:35:54.919737" elapsed="0.000130"/>
</branch>
<status status="PASS" start="2026-07-27T21:35:54.918548" elapsed="0.001344"/>
</if>
<kw name="Set Variable" owner="BuiltIn">
<msg time="2026-07-27T21:35:54.920202" level="INFO">${locator} = //p[normalize-space()='Return Units']/ancestor::div[contains(@class,'bg-background-light')][1][.//span[contains(@class,'headline-medium')] and .//div[contains(.,'%')] and .//span[contains(normalize-sp...</msg>
<var>${locator}</var>
<arg>//p[normalize-space()='${card_title}']/ancestor::div[contains(@class,'bg-background-light')][1][.//span[contains(@class,'headline-medium')] and .//div[contains(.,'%')] and .//span[contains(normalize-space(),'${compare_text}')]]</arg>
<doc>Returns the given values which can then be assigned to a variables.</doc>
<status status="PASS" start="2026-07-27T21:35:54.919957" elapsed="0.000270"/>
</kw>
<kw name="Log To Console" owner="BuiltIn">
<arg>${card_title} card is visible.</arg>
<doc>Logs the given message to the console.</doc>
<status status="PASS" start="2026-07-27T21:35:54.920310" elapsed="0.000356"/>
</kw>
<kw name="Page Should Contain Element" owner="SeleniumLibrary">
<msg time="2026-07-27T21:35:54.942395" level="INFO">Current page contains element '//p[normalize-space()='Return Units']/ancestor::div[contains(@class,'bg-background-light')][1][.//span[contains(@class,'headline-medium')] and .//div[contains(.,'%')] and .//span[contains(normalize-space(),'vs last year')]]'.</msg>
<arg>${locator}</arg>
<doc>Verifies that element ``locator`` is found on the current page.</doc>
<status status="PASS" start="2026-07-27T21:35:54.920883" elapsed="0.021593"/>
</kw>
<arg>Return Units</arg>
<arg>${DATE_FILTER}</arg>
<status status="PASS" start="2026-07-27T21:35:54.918319" elapsed="0.024237"/>
</kw>
<doc>Validate the functionality of revenue, orders, order units, returns, and return units cards.</doc>
<status status="PASS" start="2026-07-27T21:35:54.824023" elapsed="0.118848"/>
</test>
<test id="s1-t5" name="4.Verify Trend Graph andTop 5 SKU" line="50">
<kw name="Verify Trend Card" owner="Common_keywords">
<if>
<branch type="IF" condition="'${date_filter}' == 'Today'">
<kw name="Set Variable" owner="BuiltIn">
<var>${trend_title}</var>
<arg>Hourly Trend</arg>
<doc>Returns the given values which can then be assigned to a variables.</doc>
<status status="NOT RUN" start="2026-07-27T21:35:54.945591" elapsed="0.000037"/>
</kw>
<status status="NOT RUN" start="2026-07-27T21:35:54.945338" elapsed="0.000351"/>
</branch>
<branch type="ELSE IF" condition="'${date_filter}' == 'This Week'">
<kw name="Set Variable" owner="BuiltIn">
<var>${trend_title}</var>
<arg>Weekly Trend</arg>
<doc>Returns the given values which can then be assigned to a variables.</doc>
<status status="NOT RUN" start="2026-07-27T21:35:54.945933" elapsed="0.000032"/>
</kw>
<status status="NOT RUN" start="2026-07-27T21:35:54.945732" elapsed="0.000285"/>
</branch>
<branch type="ELSE IF" condition="'${date_filter}' == 'This Month'">
<kw name="Set Variable" owner="BuiltIn">
<var>${trend_title}</var>
<arg>Monthly Trend</arg>
<doc>Returns the given values which can then be assigned to a variables.</doc>
<status status="NOT RUN" start="2026-07-27T21:35:54.946241" elapsed="0.000029"/>
</kw>
<status status="NOT RUN" start="2026-07-27T21:35:54.946055" elapsed="0.000264"/>
</branch>
<branch type="ELSE IF" condition="'${date_filter}' == 'This Year'">
<kw name="Set Variable" owner="BuiltIn">
<msg time="2026-07-27T21:35:54.946846" level="INFO">${trend_title} = Yearly Trend</msg>
<var>${trend_title}</var>
<arg>Yearly Trend</arg>
<doc>Returns the given values which can then be assigned to a variables.</doc>
<status status="PASS" start="2026-07-27T21:35:54.946532" elapsed="0.000352"/>
</kw>
<status status="PASS" start="2026-07-27T21:35:54.946355" elapsed="0.000588"/>
</branch>
<branch type="ELSE">
<kw name="Fail" owner="BuiltIn">
<arg>Invalid date filter: ${date_filter}</arg>
<doc>Fails the test with the given message and optionally alters its tags.</doc>
<status status="NOT RUN" start="2026-07-27T21:35:54.947096" elapsed="0.000032"/>
</kw>
<status status="NOT RUN" start="2026-07-27T21:35:54.946985" elapsed="0.000189"/>
</branch>
<status status="PASS" start="2026-07-27T21:35:54.945311" elapsed="0.001897"/>
</if>
<kw name="Page Should Contain Element" owner="SeleniumLibrary">
<msg time="2026-07-27T21:35:54.967064" level="INFO">Current page contains element '//span[normalize-space()='Yearly Trend']/ancestor::div[contains(@class,'rounded-2xl')][.//span[normalize-space()='Units sold'] and .//canvas][1]'.</msg>
<arg>//span[normalize-space()='${trend_title}']/ancestor::div[contains(@class,'rounded-2xl')][.//span[normalize-space()='Units sold'] and .//canvas][1]</arg>
<doc>Verifies that element ``locator`` is found on the current page.</doc>
<status status="PASS" start="2026-07-27T21:35:54.947313" elapsed="0.019832"/>
</kw>
<kw name="Log To Console" owner="BuiltIn">
<arg>${trend_title} card is visible.</arg>
<doc>Logs the given message to the console.</doc>
<status status="PASS" start="2026-07-27T21:35:54.967285" elapsed="0.000462"/>
</kw>
<arg>${DATE_FILTER}</arg>
<status status="PASS" start="2026-07-27T21:35:54.945022" elapsed="0.022833"/>
</kw>
<kw name="Select Trend Dropdown" owner="Common_keywords">
<if>
<branch type="IF" condition="'${DATE_FILTER}' == 'Today'">
<kw name="Set Variable" owner="BuiltIn">
<var>${trend_title}</var>
<arg>Hourly Trend</arg>
<doc>Returns the given values which can then be assigned to a variables.</doc>
<status status="NOT RUN" start="2026-07-27T21:35:54.969541" elapsed="0.000047"/>
</kw>
<status status="NOT RUN" start="2026-07-27T21:35:54.969100" elapsed="0.000555"/>
</branch>
<branch type="ELSE IF" condition="'${DATE_FILTER}' == 'This Week'">
<kw name="Set Variable" owner="BuiltIn">
<var>${trend_title}</var>
<arg>Weekly Trend</arg>
<doc>Returns the given values which can then be assigned to a variables.</doc>
<status status="NOT RUN" start="2026-07-27T21:35:54.970042" elapsed="0.000033"/>
</kw>
<status status="NOT RUN" start="2026-07-27T21:35:54.969770" elapsed="0.000366"/>
</branch>
<branch type="ELSE IF" condition="'${DATE_FILTER}' == 'This Month'">
<kw name="Set Variable" owner="BuiltIn">
<var>${trend_title}</var>
<arg>Monthly Trend</arg>
<doc>Returns the given values which can then be assigned to a variables.</doc>
<status status="NOT RUN" start="2026-07-27T21:35:54.970370" elapsed="0.000031"/>
</kw>
<status status="NOT RUN" start="2026-07-27T21:35:54.970177" elapsed="0.000274"/>
</branch>
<branch type="ELSE IF" condition="'${DATE_FILTER}' == 'This Year'">
<kw name="Set Variable" owner="BuiltIn">
<msg time="2026-07-27T21:35:54.970991" level="INFO">${trend_title} = Yearly Trend</msg>
<var>${trend_title}</var>
<arg>Yearly Trend</arg>
<doc>Returns the given values which can then be assigned to a variables.</doc>
<status status="PASS" start="2026-07-27T21:35:54.970671" elapsed="0.000356"/>
</kw>
<status status="PASS" start="2026-07-27T21:35:54.970490" elapsed="0.000594"/>
</branch>
<branch type="ELSE">
<kw name="Fail" owner="BuiltIn">
<arg>Invalid date filter: ${DATE_FILTER}</arg>
<doc>Fails the test with the given message and optionally alters its tags.</doc>
<status status="NOT RUN" start="2026-07-27T21:35:54.971241" elapsed="0.000031"/>
</kw>
<status status="NOT RUN" start="2026-07-27T21:35:54.971130" elapsed="0.000189"/>
</branch>
<status status="PASS" start="2026-07-27T21:35:54.969073" elapsed="0.002282"/>
</if>
<kw name="Click Element" owner="SeleniumLibrary">
<msg time="2026-07-27T21:35:54.971725" level="INFO">Clicking element '//span[normalize-space()='Yearly Trend']/ancestor::div[contains(@class,'rounded-2xl')][1]//div[contains(@class,'cursor-pointer')]'.</msg>
<arg>//span[normalize-space()='${trend_title}']/ancestor::div[contains(@class,'rounded-2xl')][1]//div[contains(@class,'cursor-pointer')]</arg>
<doc>Click the element identified by ``locator``.</doc>
<status status="PASS" start="2026-07-27T21:35:54.971459" elapsed="0.128891"/>
</kw>
<kw name="Click Element" owner="SeleniumLibrary">
<msg time="2026-07-27T21:35:55.101224" level="INFO">Clicking element '//li//span[normalize-space()='Revenue']'.</msg>
<arg>//li//span[normalize-space()='${dropdown_value}']</arg>
<doc>Click the element identified by ``locator``.</doc>
<status status="PASS" start="2026-07-27T21:35:55.100803" elapsed="0.152451"/>
</kw>
<kw name="Element Should Be Visible" owner="SeleniumLibrary">
<msg time="2026-07-27T21:35:55.289446" level="INFO">Element '//span[normalize-space()='Yearly Trend']/ancestor::div[contains(@class,'rounded-2xl')][1]//span[normalize-space()='Revenue']' is displayed.</msg>
<arg>//span[normalize-space()='${trend_title}']/ancestor::div[contains(@class,'rounded-2xl')][1]//span[normalize-space()='${dropdown_value}']</arg>
<doc>Verifies that the element identified by ``locator`` is visible.</doc>
<status status="PASS" start="2026-07-27T21:35:55.253460" elapsed="0.036151"/>
</kw>
<arg>${DATE_FILTER}</arg>
<arg>Revenue</arg>
<status status="PASS" start="2026-07-27T21:35:54.968727" elapsed="0.321034"/>
</kw>
<kw name="Check Table Empty Or Data" owner="Common_keywords">
<kw name="Run Keyword And Return Status" owner="BuiltIn">
<kw name="Wait Until Element Is Visible" owner="SeleniumLibrary">
<msg time="2026-07-27T21:36:05.674134" level="INFO" html="true">&lt;/td&gt;&lt;/tr&gt;&lt;tr&gt;&lt;td colspan="3"&gt;&lt;a href="../screenshots/selenium-screenshot-115.png"&gt;&lt;img src="../screenshots/selenium-screenshot-115.png" width="800px"&gt;&lt;/a&gt;</msg>
<msg time="2026-07-27T21:36:05.674729" level="FAIL">Element '//span[normalize-space()='Top 5 SKUs']/ancestor::div[contains(@class,'rounded-2xl')][1]//div[normalize-space()='No Records Found']' not visible after 5 seconds.</msg>
<arg>${empty_locator}</arg>
<arg>5s</arg>
<doc>Waits until the element ``locator`` is visible.</doc>
<status status="FAIL" start="2026-07-27T21:35:55.293149" elapsed="10.434915">Element '//span[normalize-space()='Top 5 SKUs']/ancestor::div[contains(@class,'rounded-2xl')][1]//div[normalize-space()='No Records Found']' not visible after 5 seconds.</status>
</kw>
<msg time="2026-07-27T21:36:05.728432" level="INFO">${empty} = False</msg>
<var>${empty}</var>
<arg>Wait Until Element Is Visible</arg>
<arg>${empty_locator}</arg>
<arg>5s</arg>
<doc>Runs the specified keyword and returns the status as a Boolean value.</doc>
<status status="PASS" start="2026-07-27T21:35:55.291998" elapsed="10.436510"/>
</kw>
<if>
<branch type="IF" condition="${empty}">
<kw name="Log To Console" owner="BuiltIn">
<arg>Table is EMPTY</arg>
<doc>Logs the given message to the console.</doc>
<status status="NOT RUN" start="2026-07-27T21:36:05.729118" elapsed="0.000073"/>
</kw>
<status status="NOT RUN" start="2026-07-27T21:36:05.728750" elapsed="0.000545"/>
</branch>
<branch type="ELSE">
<kw name="Wait Until Element Is Visible" owner="SeleniumLibrary">
<arg>${table_locator}</arg>
<arg>7s</arg>
<doc>Waits until the element ``locator`` is visible.</doc>
<status status="PASS" start="2026-07-27T21:36:05.729635" elapsed="0.029612"/>
</kw>
<kw name="Log To Console" owner="BuiltIn">
<arg>Table has DATA</arg>
<doc>Logs the given message to the console.</doc>
<status status="PASS" start="2026-07-27T21:36:05.759407" elapsed="0.000546"/>
</kw>
<status status="PASS" start="2026-07-27T21:36:05.729388" elapsed="0.030705"/>
</branch>
<status status="PASS" start="2026-07-27T21:36:05.728689" elapsed="0.031455"/>
</if>
<arg>${TOP5_SKUS_EMPTY_LOCATOR}</arg>
<arg>${TOP5_SKUS_TABLE_LOCATOR}</arg>
<status status="PASS" start="2026-07-27T21:35:55.291016" elapsed="10.469194"/>
</kw>
<status status="PASS" start="2026-07-27T21:35:54.943997" elapsed="10.816753"/>
</test>
<test id="s1-t6" name="5.Verify Revenue Report Graph" line="58">
<kw name="Validate Graph" owner="Common_keywords">
<kw name="Scroll Element Into View" owner="SeleniumLibrary">
<arg>${locator}</arg>
<doc>Scrolls the element identified by ``locator`` into view.</doc>
<status status="PASS" start="2026-07-27T21:36:05.764296" elapsed="0.361658"/>
</kw>
<kw name="Wait Until Element Is Visible" owner="SeleniumLibrary">
<arg>${locator}</arg>
<arg>${timeout}</arg>
<doc>Waits until the element ``locator`` is visible.</doc>
<status status="PASS" start="2026-07-27T21:36:06.127068" elapsed="0.107565"/>
</kw>
<kw name="Log To Console" owner="BuiltIn">
<arg>${label} graph visible</arg>
<doc>Logs the given message to the console.</doc>
<status status="PASS" start="2026-07-27T21:36:06.235070" elapsed="0.000890"/>
</kw>
<arg>${REVENUE_REPORT_CARD}</arg>
<arg>Revenue Report</arg>
<status status="PASS" start="2026-07-27T21:36:05.763977" elapsed="0.472234"/>
</kw>
<status status="PASS" start="2026-07-27T21:36:05.762018" elapsed="0.475320"/>
</test>
<test id="s1-t7" name="6.Verify Product Listing Status Graph And category Wise Sales Contribution Table" line="61">
<kw name="Validate Graph" owner="Common_keywords">
<kw name="Scroll Element Into View" owner="SeleniumLibrary">
<arg>${locator}</arg>
<doc>Scrolls the element identified by ``locator`` into view.</doc>
<status status="PASS" start="2026-07-27T21:36:06.242646" elapsed="0.361587"/>
</kw>
<kw name="Wait Until Element Is Visible" owner="SeleniumLibrary">
<arg>${locator}</arg>
<arg>${timeout}</arg>
<doc>Waits until the element ``locator`` is visible.</doc>
<status status="PASS" start="2026-07-27T21:36:06.604853" elapsed="0.179947"/>
</kw>
<kw name="Log To Console" owner="BuiltIn">
<arg>${label} graph visible</arg>
<doc>Logs the given message to the console.</doc>
<status status="PASS" start="2026-07-27T21:36:06.785059" elapsed="0.000929"/>
</kw>
<arg>${PRODUCT_LISTING_STATUS_CARD}</arg>
<arg>Product Listing Status</arg>
<status status="PASS" start="2026-07-27T21:36:06.241604" elapsed="0.544581"/>
</kw>
<kw name="Check Table Empty Or Data" owner="Common_keywords">
<kw name="Run Keyword And Return Status" owner="BuiltIn">
<kw name="Wait Until Element Is Visible" owner="SeleniumLibrary">
<msg time="2026-07-27T21:36:17.154413" level="INFO" html="true">&lt;/td&gt;&lt;/tr&gt;&lt;tr&gt;&lt;td colspan="3"&gt;&lt;a href="../screenshots/selenium-screenshot-116.png"&gt;&lt;img src="../screenshots/selenium-screenshot-116.png" width="800px"&gt;&lt;/a&gt;</msg>
<msg time="2026-07-27T21:36:17.154579" level="FAIL">Element '' not visible after 5 seconds.</msg>
<arg>${empty_locator}</arg>
<arg>5s</arg>
<doc>Waits until the element ``locator`` is visible.</doc>
<status status="FAIL" start="2026-07-27T21:36:06.788745" elapsed="10.367227">Element '' not visible after 5 seconds.</status>
</kw>
<msg time="2026-07-27T21:36:17.156279" level="INFO">${empty} = False</msg>
<var>${empty}</var>
<arg>Wait Until Element Is Visible</arg>
<arg>${empty_locator}</arg>
<arg>5s</arg>
<doc>Runs the specified keyword and returns the status as a Boolean value.</doc>
<status status="PASS" start="2026-07-27T21:36:06.788394" elapsed="10.367937"/>
</kw>
<if>
<branch type="IF" condition="${empty}">
<kw name="Log To Console" owner="BuiltIn">
<arg>Table is EMPTY</arg>
<doc>Logs the given message to the console.</doc>
<status status="NOT RUN" start="2026-07-27T21:36:17.156962" elapsed="0.000030"/>
</kw>
<status status="NOT RUN" start="2026-07-27T21:36:17.156633" elapsed="0.000399"/>
</branch>
<branch type="ELSE">
<kw name="Wait Until Element Is Visible" owner="SeleniumLibrary">
<arg>${table_locator}</arg>
<arg>7s</arg>
<doc>Waits until the element ``locator`` is visible.</doc>
<status status="PASS" start="2026-07-27T21:36:17.157158" elapsed="0.026931"/>
</kw>
<kw name="Log To Console" owner="BuiltIn">
<arg>Table has DATA</arg>
<doc>Logs the given message to the console.</doc>
<status status="PASS" start="2026-07-27T21:36:17.184248" elapsed="0.000590"/>
</kw>
<status status="PASS" start="2026-07-27T21:36:17.157066" elapsed="0.027862"/>
</branch>
<status status="PASS" start="2026-07-27T21:36:17.156603" elapsed="0.028374"/>
</if>
<arg>${CATEGORY_WISE_SALES_CARD_EMPTY_LOCATOR}</arg>
<arg>${CATEGORY_WISE_SALES_CARD_TABLE_LOCATOR}</arg>
<status status="PASS" start="2026-07-27T21:36:06.787697" elapsed="10.397347"/>
</kw>
<status status="PASS" start="2026-07-27T21:36:06.239654" elapsed="10.945834"/>
</test>
<test id="s1-t8" name="7.Verify Account Health And Shipping Performance Cards" line="65">
<kw name="Validate Graph" owner="Common_keywords">
<kw name="Scroll Element Into View" owner="SeleniumLibrary">
<arg>${locator}</arg>
<doc>Scrolls the element identified by ``locator`` into view.</doc>
<status status="PASS" start="2026-07-27T21:36:17.188854" elapsed="0.298631"/>
</kw>
<kw name="Wait Until Element Is Visible" owner="SeleniumLibrary">
<arg>${locator}</arg>
<arg>${timeout}</arg>
<doc>Waits until the element ``locator`` is visible.</doc>
<status status="PASS" start="2026-07-27T21:36:17.487905" elapsed="0.029543"/>
</kw>
<kw name="Log To Console" owner="BuiltIn">
<arg>${label} graph visible</arg>
<doc>Logs the given message to the console.</doc>
<status status="PASS" start="2026-07-27T21:36:17.517637" elapsed="0.000557"/>
</kw>
<arg>${ACCOUNT_HEALTH_GRAPH}</arg>
<arg>Account Health</arg>
<status status="PASS" start="2026-07-27T21:36:17.188533" elapsed="0.329803"/>
</kw>
<kw name="Validate Tables" owner="Common_keywords">
<kw name="Scroll Element Into View" owner="SeleniumLibrary">
<arg>${locator}</arg>
<doc>Scrolls the element identified by ``locator`` into view.</doc>
<status status="PASS" start="2026-07-27T21:36:17.519435" elapsed="0.289301"/>
</kw>
<kw name="Wait Until Element Is Visible" owner="SeleniumLibrary">
<arg>${locator}</arg>
<arg>${timeout}</arg>
<doc>Waits until the element ``locator`` is visible.</doc>
<status status="PASS" start="2026-07-27T21:36:17.809002" elapsed="0.022194"/>
</kw>
<kw name="Log To Console" owner="BuiltIn">
<arg>${label} table visible</arg>
<doc>Logs the given message to the console.</doc>
<status status="PASS" start="2026-07-27T21:36:17.831355" elapsed="0.000601"/>
</kw>
<arg>${SHIPPING_PERFORMANCE_CARD}</arg>
<arg>Shipping Performance</arg>
<status status="PASS" start="2026-07-27T21:36:17.519090" elapsed="0.313052"/>
</kw>
<status status="PASS" start="2026-07-27T21:36:17.186809" elapsed="0.645852"/>
</test>
<test id="s1-t9" name="8.Verify Policy Compliance And Customer Service Performance Cards" line="69">
<kw name="Validate Tables" owner="Common_keywords">
<kw name="Scroll Element Into View" owner="SeleniumLibrary">
<arg>${locator}</arg>
<doc>Scrolls the element identified by ``locator`` into view.</doc>
<status status="PASS" start="2026-07-27T21:36:17.835774" elapsed="0.312986"/>
</kw>
<kw name="Wait Until Element Is Visible" owner="SeleniumLibrary">
<arg>${locator}</arg>
<arg>${timeout}</arg>
<doc>Waits until the element ``locator`` is visible.</doc>
<status status="PASS" start="2026-07-27T21:36:18.149184" elapsed="0.037757"/>
</kw>
<kw name="Log To Console" owner="BuiltIn">
<arg>${label} table visible</arg>
<doc>Logs the given message to the console.</doc>
<status status="PASS" start="2026-07-27T21:36:18.187113" elapsed="0.000504"/>
</kw>
<arg>${POLICY_COMPLIANCE_CARD}</arg>
<arg>Policy Compliance</arg>
<status status="PASS" start="2026-07-27T21:36:17.835420" elapsed="0.352334"/>
</kw>
<kw name="Validate Tables" owner="Common_keywords">
<kw name="Scroll Element Into View" owner="SeleniumLibrary">
<arg>${locator}</arg>
<doc>Scrolls the element identified by ``locator`` into view.</doc>
<status status="PASS" start="2026-07-27T21:36:18.188764" elapsed="0.289883"/>
</kw>
<kw name="Wait Until Element Is Visible" owner="SeleniumLibrary">
<arg>${locator}</arg>
<arg>${timeout}</arg>
<doc>Waits until the element ``locator`` is visible.</doc>
<status status="PASS" start="2026-07-27T21:36:18.479071" elapsed="0.028094"/>
</kw>
<kw name="Log To Console" owner="BuiltIn">
<arg>${label} table visible</arg>
<doc>Logs the given message to the console.</doc>
<status status="PASS" start="2026-07-27T21:36:18.507409" elapsed="0.000698"/>
</kw>
<arg>${CUSTOMER_SERVICE_PERFORMANCE_CARD}</arg>
<arg>Customer Service Performance</arg>
<status status="PASS" start="2026-07-27T21:36:18.188439" elapsed="0.319807"/>
</kw>
<status status="PASS" start="2026-07-27T21:36:17.833871" elapsed="0.675155"/>
</test>
<kw name="Close Browser" owner="SeleniumLibrary" type="TEARDOWN">
<doc>Closes the current browser.</doc>
<status status="PASS" start="2026-07-27T21:36:18.510564" elapsed="2.333395"/>
</kw>
<status status="PASS" start="2026-07-27T21:33:59.307754" elapsed="141.536422"/>
</suite>
<statistics>
<total>
<stat pass="9" fail="0" skip="0">All Tests</stat>
</total>
<tag>
</tag>
<suite>
<stat name="Home" id="s1" pass="9" fail="0" skip="0">Home</stat>
</suite>
</statistics>
<errors>
</errors>
</robot>
